

Microchip Technology PIC18 LITE Macro Assembler V2.00 build -1524193055 
                                                                                               Fri Jan 24 11:34:57 2025

Microchip Technology Omniscient Code Generator v2.00 (Free mode) build 20180527130849
     1  0000                     
     2                           ; Version 2.00
     3                           ; Generated 27/05/2018 GMT
     4                           
     5                           ; 
     6                           ; Copyright © 2018, Microchip Technology Inc. and its subsidiaries ("Microchip")
     7                           ; All rights reserved.
     8                           ; 
     9                           ; This software is developed by Microchip Technology Inc. and its subsidiaries ("Microch
                                 ip").
    10                           ; 
    11                           ; Redistribution and use in source and binary forms, with or without modification, are
    12                           ; permitted provided that the following conditions are met:
    13                           ; 
    14                           ;     1. Redistributions of source code must retain the above copyright notice, this lis
                                 t of
    15                           ;        conditions and the following disclaimer.
    16                           ; 
    17                           ;     2. Redistributions in binary form must reproduce the above copyright notice, this 
                                 list
    18                           ;        of conditions and the following disclaimer in the documentation and/or other
    19                           ;        materials provided with the distribution.
    20                           ; 
    21                           ;     3. Microchip's name may not be used to endorse or promote products derived from th
                                 is
    22                           ;        software without specific prior written permission.
    23                           ; 
    24                           ; THIS SOFTWARE IS PROVIDED BY MICROCHIP "AS IS" AND ANY EXPRESS OR IMPLIED WARRANTIES,

    25                           ; INCLUDING, BUT NOT LIMITED TO, THE IMPLIED WARRANTIES OF MERCHANTABILITY AND FITNESS F
                                 OR
    26                           ; PURPOSE ARE DISCLAIMED.  IN NO EVENT SHALL MICROCHIP BE LIABLE FOR ANY DIRECT, INDIREC
                                 T,
    27                           ; INCIDENTAL, SPECIAL, EXEMPLARY, OR CONSEQUENTIAL DAMAGES (INCLUDING BUT NOT LIMITED TO
                                 
    28                           ; PROCUREMENT OF SUBSTITUTE GOODS OR SERVICES; LOSS OF USE, DATA OR PROFITS; OR BUSINESS
                                 
    29                           ; INTERRUPTION) HOWSOEVER CAUSED AND ON ANY THEORY OF LIABILITY, WHETHER IN CONTRACT, ST
                                 RICT
    30                           ; LIABILITY, OR TORT (INCLUDING NEGLIGENCE OR OTHERWISE) ARISING IN ANY WAY OUT OF THE U
                                 SE OF
    31                           ; THIS SOFTWARE, EVEN IF ADVISED OF THE POSSIBILITY OF SUCH DAMAGE.
    32                           ; 
    33                           
    34                           
    35                           ; 
    36                           ; Code-generator required, PIC18F4550 Definitions
    37                           ; 
    38  0000                     fsr0 equ 0FE9h
    39  0000                     fsr0h equ 0FEAh
    40  0000                     fsr0l equ 0FE9h
    41  0000                     fsr1 equ 0FE1h
    42  0000                     fsr1h equ 0FE2h
    43  0000                     fsr1l equ 0FE1h
    44  0000                     fsr2 equ 0FD9h
    45  0000                     fsr2h equ 0FDAh
    46  0000                     fsr2l equ 0FD9h
    47  0000                     indf0 equ 0FEFh
    48  0000                     indf1 equ 0FE7h
    49  0000                     indf2 equ 0FDFh
    50  0000                     intcon equ 0FF2h
    51  0000                     nvmcon equ 00h
    52  0000                     pcl equ 0FF9h
    53  0000                     pclath equ 0FFAh
    54  0000                     pclatu equ 0FFBh
    55  0000                     plusw0 equ 0FEBh
    56  0000                     plusw1 equ 0FE3h
    57  0000                     plusw2 equ 0FDBh
    58  0000                     postdec0 equ 0FEDh
    59  0000                     postdec1 equ 0FE5h
    60  0000                     postdec2 equ 0FDDh
    61  0000                     postinc0 equ 0FEEh
    62  0000                     postinc1 equ 0FE6h
    63  0000                     postinc2 equ 0FDEh
    64  0000                     preinc0 equ 0FECh
    65  0000                     preinc1 equ 0FE4h
    66  0000                     preinc2 equ 0FDCh
    67  0000                     prod equ 0FF3h
    68  0000                     prodh equ 0FF4h
    69  0000                     prodl equ 0FF3h
    70  0000                     status equ 0FD8h
    71  0000                     tablat equ 0FF5h
    72  0000                     tblptr equ 0FF6h
    73  0000                     tblptrh equ 0FF7h
    74  0000                     tblptrl equ 0FF6h
    75  0000                     tblptru equ 0FF8h
    76  0000                     tosl equ 0FFDh
    77  0000                     wreg equ 0FE8h
    78  0000                     
     2                           opt pagewidth 120
     3  0000                     byte0	macro	val
     4                           	(getbyte(val,0))
     5                           endm
     6  0000                     byte1	macro	val
     7                           	(getbyte(val,1))
     8                           endm
     9  0000                     byte2	macro	val
    10                           	(getbyte(val,2))
    11                           endm
    12  0000                     byte3	macro	val
    13                           	(getbyte(val,3))
    14                           endm
    15  0000                     byte4	macro	val
    16                           	(getbyte(val,4))
    17                           endm
    18  0000                     byte5	macro	val
    19                           	(getbyte(val,5))
    20                           endm
    21  0000                     byte6	macro	val
    22                           	(getbyte(val,6))
    23                           endm
    24  0000                     byte7	macro	val
    25                           	(getbyte(val,7))
    26                           endm
    27  0000                     getword	macro	val,pos
    28                           	(((val) >> (8 * pos)) and 0xffff)
    29                           endm
    30  0000                     word0	macro	val
    31                           	(getword(val,0))
    32                           endm
    33  0000                     word1	macro	val
    34                           	(getword(val,2))
    35                           endm
    36  0000                     word2	macro	val
    37                           	(getword(val,4))
    38                           endm
    39  0000                     word3	macro	val
    40                           	(getword(val,6))
    41                           endm
    42  0000                     gettword	macro	val,pos
    43                           	(((val) >> (8 * pos)) and 0xffffff)
    44                           endm
    45  0000                     tword0	macro	val
    46                           	(gettword(val,0))
    47                           endm
    48  0000                     tword1	macro	val
    49                           	(gettword(val,3))
    50                           endm
    51  0000                     tword2	macro	val
    52                           	(gettword(val,6))
    53                           endm
    54  0000                     getdword	macro	val,pos
    55                           	(((val) >> (8 * pos)) and 0xffffffff)
    56                           endm
    57  0000                     dword0	macro	val
    58                           	(getdword(val,0))
    59                           endm
    60  0000                     dword1	macro	val
    61                           	(getdword(val,4))
    62                           endm
    63  0000                     clrc   macro
    64                           	bcf	status,0
    65                           endm
    66  0000                     setc   macro
    67                           	bsf	status,0
    68                           endm
    69  0000                     clrz   macro
    70                           	bcf	status,2
    71                           endm
    72  0000                     setz   macro
    73                           	bsf	status,2
    74                           endm
    75  0000                     skipnz macro
    76                           	btfsc	status,2
    77                           endm
    78  0000                     skipz  macro
    79                           	btfss	status,2
    80                           endm
    81  0000                     skipnc macro
    82                           	btfsc	status,0
    83                           endm
    84  0000                     skipc  macro
    85                           	btfss	status,0
    86                           endm
    87  0000                     pushw macro
    88                           	movwf postinc1
    89                           endm
    90  0000                     pushf macro arg1
    91                           	movff arg1, postinc1
    92                           endm
    93  0000                     popw macro
    94                           	movf postdec1,f
    95                           	movf indf1,w
    96                           endm
    97  0000                     popf macro arg1
    98                           	movf postdec1,f
    99                           	movff indf1,arg1
   100                           endm
   101  0000                     popfc macro arg1
   102                           	movff plusw1,arg1
   103                           	decfsz fsr1,f
   104                           endm
   105  0000                     	global	__ramtop
   106                           	global	__accesstop
   107                           # 54 "C:\Program Files (x86)\Microchip\xc8\v2.00\pic\include\pic18f4550.h"
   108                           SPPDATA equ 0F62h ;# 
   109  0000                     # 74 "C:\Program Files (x86)\Microchip\xc8\v2.00\pic\include\pic18f4550.h"
   110                           SPPCFG equ 0F63h ;# 
   111  0000                     # 151 "C:\Program Files (x86)\Microchip\xc8\v2.00\pic\include\pic18f4550.h"
   112                           SPPEPS equ 0F64h ;# 
   113  0000                     # 225 "C:\Program Files (x86)\Microchip\xc8\v2.00\pic\include\pic18f4550.h"
   114                           SPPCON equ 0F65h ;# 
   115  0000                     # 251 "C:\Program Files (x86)\Microchip\xc8\v2.00\pic\include\pic18f4550.h"
   116                           UFRM equ 0F66h ;# 
   117  0000                     # 258 "C:\Program Files (x86)\Microchip\xc8\v2.00\pic\include\pic18f4550.h"
   118                           UFRML equ 0F66h ;# 
   119  0000                     # 336 "C:\Program Files (x86)\Microchip\xc8\v2.00\pic\include\pic18f4550.h"
   120                           UFRMH equ 0F67h ;# 
   121  0000                     # 376 "C:\Program Files (x86)\Microchip\xc8\v2.00\pic\include\pic18f4550.h"
   122                           UIR equ 0F68h ;# 
   123  0000                     # 432 "C:\Program Files (x86)\Microchip\xc8\v2.00\pic\include\pic18f4550.h"
   124                           UIE equ 0F69h ;# 
   125  0000                     # 488 "C:\Program Files (x86)\Microchip\xc8\v2.00\pic\include\pic18f4550.h"
   126                           UEIR equ 0F6Ah ;# 
   127  0000                     # 539 "C:\Program Files (x86)\Microchip\xc8\v2.00\pic\include\pic18f4550.h"
   128                           UEIE equ 0F6Bh ;# 
   129  0000                     # 590 "C:\Program Files (x86)\Microchip\xc8\v2.00\pic\include\pic18f4550.h"
   130                           USTAT equ 0F6Ch ;# 
   131  0000                     # 650 "C:\Program Files (x86)\Microchip\xc8\v2.00\pic\include\pic18f4550.h"
   132                           UCON equ 0F6Dh ;# 
   133  0000                     # 701 "C:\Program Files (x86)\Microchip\xc8\v2.00\pic\include\pic18f4550.h"
   134                           UADDR equ 0F6Eh ;# 
   135  0000                     # 765 "C:\Program Files (x86)\Microchip\xc8\v2.00\pic\include\pic18f4550.h"
   136                           UCFG equ 0F6Fh ;# 
   137  0000                     # 844 "C:\Program Files (x86)\Microchip\xc8\v2.00\pic\include\pic18f4550.h"
   138                           UEP0 equ 0F70h ;# 
   139  0000                     # 952 "C:\Program Files (x86)\Microchip\xc8\v2.00\pic\include\pic18f4550.h"
   140                           UEP1 equ 0F71h ;# 
   141  0000                     # 1060 "C:\Program Files (x86)\Microchip\xc8\v2.00\pic\include\pic18f4550.h"
   142                           UEP2 equ 0F72h ;# 
   143  0000                     # 1168 "C:\Program Files (x86)\Microchip\xc8\v2.00\pic\include\pic18f4550.h"
   144                           UEP3 equ 0F73h ;# 
   145  0000                     # 1276 "C:\Program Files (x86)\Microchip\xc8\v2.00\pic\include\pic18f4550.h"
   146                           UEP4 equ 0F74h ;# 
   147  0000                     # 1384 "C:\Program Files (x86)\Microchip\xc8\v2.00\pic\include\pic18f4550.h"
   148                           UEP5 equ 0F75h ;# 
   149  0000                     # 1492 "C:\Program Files (x86)\Microchip\xc8\v2.00\pic\include\pic18f4550.h"
   150                           UEP6 equ 0F76h ;# 
   151  0000                     # 1600 "C:\Program Files (x86)\Microchip\xc8\v2.00\pic\include\pic18f4550.h"
   152                           UEP7 equ 0F77h ;# 
   153  0000                     # 1708 "C:\Program Files (x86)\Microchip\xc8\v2.00\pic\include\pic18f4550.h"
   154                           UEP8 equ 0F78h ;# 
   155  0000                     # 1784 "C:\Program Files (x86)\Microchip\xc8\v2.00\pic\include\pic18f4550.h"
   156                           UEP9 equ 0F79h ;# 
   157  0000                     # 1860 "C:\Program Files (x86)\Microchip\xc8\v2.00\pic\include\pic18f4550.h"
   158                           UEP10 equ 0F7Ah ;# 
   159  0000                     # 1936 "C:\Program Files (x86)\Microchip\xc8\v2.00\pic\include\pic18f4550.h"
   160                           UEP11 equ 0F7Bh ;# 
   161  0000                     # 2012 "C:\Program Files (x86)\Microchip\xc8\v2.00\pic\include\pic18f4550.h"
   162                           UEP12 equ 0F7Ch ;# 
   163  0000                     # 2088 "C:\Program Files (x86)\Microchip\xc8\v2.00\pic\include\pic18f4550.h"
   164                           UEP13 equ 0F7Dh ;# 
   165  0000                     # 2164 "C:\Program Files (x86)\Microchip\xc8\v2.00\pic\include\pic18f4550.h"
   166                           UEP14 equ 0F7Eh ;# 
   167  0000                     # 2240 "C:\Program Files (x86)\Microchip\xc8\v2.00\pic\include\pic18f4550.h"
   168                           UEP15 equ 0F7Fh ;# 
   169  0000                     # 2316 "C:\Program Files (x86)\Microchip\xc8\v2.00\pic\include\pic18f4550.h"
   170                           PORTA equ 0F80h ;# 
   171  0000                     # 2455 "C:\Program Files (x86)\Microchip\xc8\v2.00\pic\include\pic18f4550.h"
   172                           PORTB equ 0F81h ;# 
   173  0000                     # 2565 "C:\Program Files (x86)\Microchip\xc8\v2.00\pic\include\pic18f4550.h"
   174                           PORTC equ 0F82h ;# 
   175  0000                     # 2707 "C:\Program Files (x86)\Microchip\xc8\v2.00\pic\include\pic18f4550.h"
   176                           PORTD equ 0F83h ;# 
   177  0000                     # 2828 "C:\Program Files (x86)\Microchip\xc8\v2.00\pic\include\pic18f4550.h"
   178                           PORTE equ 0F84h ;# 
   179  0000                     # 2975 "C:\Program Files (x86)\Microchip\xc8\v2.00\pic\include\pic18f4550.h"
   180                           LATA equ 0F89h ;# 
   181  0000                     # 3075 "C:\Program Files (x86)\Microchip\xc8\v2.00\pic\include\pic18f4550.h"
   182                           LATB equ 0F8Ah ;# 
   183  0000                     # 3187 "C:\Program Files (x86)\Microchip\xc8\v2.00\pic\include\pic18f4550.h"
   184                           LATC equ 0F8Bh ;# 
   185  0000                     # 3265 "C:\Program Files (x86)\Microchip\xc8\v2.00\pic\include\pic18f4550.h"
   186                           LATD equ 0F8Ch ;# 
   187  0000                     # 3377 "C:\Program Files (x86)\Microchip\xc8\v2.00\pic\include\pic18f4550.h"
   188                           LATE equ 0F8Dh ;# 
   189  0000                     # 3429 "C:\Program Files (x86)\Microchip\xc8\v2.00\pic\include\pic18f4550.h"
   190                           TRISA equ 0F92h ;# 
   191  0000                     # 3434 "C:\Program Files (x86)\Microchip\xc8\v2.00\pic\include\pic18f4550.h"
   192                           DDRA equ 0F92h ;# 
   193  0000                     # 3627 "C:\Program Files (x86)\Microchip\xc8\v2.00\pic\include\pic18f4550.h"
   194                           TRISB equ 0F93h ;# 
   195  0000                     # 3632 "C:\Program Files (x86)\Microchip\xc8\v2.00\pic\include\pic18f4550.h"
   196                           DDRB equ 0F93h ;# 
   197  0000                     # 3849 "C:\Program Files (x86)\Microchip\xc8\v2.00\pic\include\pic18f4550.h"
   198                           TRISC equ 0F94h ;# 
   199  0000                     # 3854 "C:\Program Files (x86)\Microchip\xc8\v2.00\pic\include\pic18f4550.h"
   200                           DDRC equ 0F94h ;# 
   201  0000                     # 4003 "C:\Program Files (x86)\Microchip\xc8\v2.00\pic\include\pic18f4550.h"
   202                           TRISD equ 0F95h ;# 
   203  0000                     # 4008 "C:\Program Files (x86)\Microchip\xc8\v2.00\pic\include\pic18f4550.h"
   204                           DDRD equ 0F95h ;# 
   205  0000                     # 4225 "C:\Program Files (x86)\Microchip\xc8\v2.00\pic\include\pic18f4550.h"
   206                           TRISE equ 0F96h ;# 
   207  0000                     # 4230 "C:\Program Files (x86)\Microchip\xc8\v2.00\pic\include\pic18f4550.h"
   208                           DDRE equ 0F96h ;# 
   209  0000                     # 4327 "C:\Program Files (x86)\Microchip\xc8\v2.00\pic\include\pic18f4550.h"
   210                           OSCTUNE equ 0F9Bh ;# 
   211  0000                     # 4386 "C:\Program Files (x86)\Microchip\xc8\v2.00\pic\include\pic18f4550.h"
   212                           PIE1 equ 0F9Dh ;# 
   213  0000                     # 4470 "C:\Program Files (x86)\Microchip\xc8\v2.00\pic\include\pic18f4550.h"
   214                           PIR1 equ 0F9Eh ;# 
   215  0000                     # 4554 "C:\Program Files (x86)\Microchip\xc8\v2.00\pic\include\pic18f4550.h"
   216                           IPR1 equ 0F9Fh ;# 
   217  0000                     # 4638 "C:\Program Files (x86)\Microchip\xc8\v2.00\pic\include\pic18f4550.h"
   218                           PIE2 equ 0FA0h ;# 
   219  0000                     # 4709 "C:\Program Files (x86)\Microchip\xc8\v2.00\pic\include\pic18f4550.h"
   220                           PIR2 equ 0FA1h ;# 
   221  0000                     # 4780 "C:\Program Files (x86)\Microchip\xc8\v2.00\pic\include\pic18f4550.h"
   222                           IPR2 equ 0FA2h ;# 
   223  0000                     # 4851 "C:\Program Files (x86)\Microchip\xc8\v2.00\pic\include\pic18f4550.h"
   224                           EECON1 equ 0FA6h ;# 
   225  0000                     # 4917 "C:\Program Files (x86)\Microchip\xc8\v2.00\pic\include\pic18f4550.h"
   226                           EECON2 equ 0FA7h ;# 
   227  0000                     # 4924 "C:\Program Files (x86)\Microchip\xc8\v2.00\pic\include\pic18f4550.h"
   228                           EEDATA equ 0FA8h ;# 
   229  0000                     # 4931 "C:\Program Files (x86)\Microchip\xc8\v2.00\pic\include\pic18f4550.h"
   230                           EEADR equ 0FA9h ;# 
   231  0000                     # 4938 "C:\Program Files (x86)\Microchip\xc8\v2.00\pic\include\pic18f4550.h"
   232                           RCSTA equ 0FABh ;# 
   233  0000                     # 4943 "C:\Program Files (x86)\Microchip\xc8\v2.00\pic\include\pic18f4550.h"
   234                           RCSTA1 equ 0FABh ;# 
   235  0000                     # 5148 "C:\Program Files (x86)\Microchip\xc8\v2.00\pic\include\pic18f4550.h"
   236                           TXSTA equ 0FACh ;# 
   237  0000                     # 5153 "C:\Program Files (x86)\Microchip\xc8\v2.00\pic\include\pic18f4550.h"
   238                           TXSTA1 equ 0FACh ;# 
   239  0000                     # 5404 "C:\Program Files (x86)\Microchip\xc8\v2.00\pic\include\pic18f4550.h"
   240                           TXREG equ 0FADh ;# 
   241  0000                     # 5409 "C:\Program Files (x86)\Microchip\xc8\v2.00\pic\include\pic18f4550.h"
   242                           TXREG1 equ 0FADh ;# 
   243  0000                     # 5416 "C:\Program Files (x86)\Microchip\xc8\v2.00\pic\include\pic18f4550.h"
   244                           RCREG equ 0FAEh ;# 
   245  0000                     # 5421 "C:\Program Files (x86)\Microchip\xc8\v2.00\pic\include\pic18f4550.h"
   246                           RCREG1 equ 0FAEh ;# 
   247  0000                     # 5428 "C:\Program Files (x86)\Microchip\xc8\v2.00\pic\include\pic18f4550.h"
   248                           SPBRG equ 0FAFh ;# 
   249  0000                     # 5433 "C:\Program Files (x86)\Microchip\xc8\v2.00\pic\include\pic18f4550.h"
   250                           SPBRG1 equ 0FAFh ;# 
   251  0000                     # 5440 "C:\Program Files (x86)\Microchip\xc8\v2.00\pic\include\pic18f4550.h"
   252                           SPBRGH equ 0FB0h ;# 
   253  0000                     # 5447 "C:\Program Files (x86)\Microchip\xc8\v2.00\pic\include\pic18f4550.h"
   254                           T3CON equ 0FB1h ;# 
   255  0000                     # 5568 "C:\Program Files (x86)\Microchip\xc8\v2.00\pic\include\pic18f4550.h"
   256                           TMR3 equ 0FB2h ;# 
   257  0000                     # 5575 "C:\Program Files (x86)\Microchip\xc8\v2.00\pic\include\pic18f4550.h"
   258                           TMR3L equ 0FB2h ;# 
   259  0000                     # 5582 "C:\Program Files (x86)\Microchip\xc8\v2.00\pic\include\pic18f4550.h"
   260                           TMR3H equ 0FB3h ;# 
   261  0000                     # 5589 "C:\Program Files (x86)\Microchip\xc8\v2.00\pic\include\pic18f4550.h"
   262                           CMCON equ 0FB4h ;# 
   263  0000                     # 5679 "C:\Program Files (x86)\Microchip\xc8\v2.00\pic\include\pic18f4550.h"
   264                           CVRCON equ 0FB5h ;# 
   265  0000                     # 5764 "C:\Program Files (x86)\Microchip\xc8\v2.00\pic\include\pic18f4550.h"
   266                           ECCP1AS equ 0FB6h ;# 
   267  0000                     # 5769 "C:\Program Files (x86)\Microchip\xc8\v2.00\pic\include\pic18f4550.h"
   268                           CCP1AS equ 0FB6h ;# 
   269  0000                     # 5926 "C:\Program Files (x86)\Microchip\xc8\v2.00\pic\include\pic18f4550.h"
   270                           ECCP1DEL equ 0FB7h ;# 
   271  0000                     # 5931 "C:\Program Files (x86)\Microchip\xc8\v2.00\pic\include\pic18f4550.h"
   272                           CCP1DEL equ 0FB7h ;# 
   273  0000                     # 6064 "C:\Program Files (x86)\Microchip\xc8\v2.00\pic\include\pic18f4550.h"
   274                           BAUDCON equ 0FB8h ;# 
   275  0000                     # 6069 "C:\Program Files (x86)\Microchip\xc8\v2.00\pic\include\pic18f4550.h"
   276                           BAUDCTL equ 0FB8h ;# 
   277  0000                     # 6244 "C:\Program Files (x86)\Microchip\xc8\v2.00\pic\include\pic18f4550.h"
   278                           CCP2CON equ 0FBAh ;# 
   279  0000                     # 6308 "C:\Program Files (x86)\Microchip\xc8\v2.00\pic\include\pic18f4550.h"
   280                           CCPR2 equ 0FBBh ;# 
   281  0000                     # 6315 "C:\Program Files (x86)\Microchip\xc8\v2.00\pic\include\pic18f4550.h"
   282                           CCPR2L equ 0FBBh ;# 
   283  0000                     # 6322 "C:\Program Files (x86)\Microchip\xc8\v2.00\pic\include\pic18f4550.h"
   284                           CCPR2H equ 0FBCh ;# 
   285  0000                     # 6329 "C:\Program Files (x86)\Microchip\xc8\v2.00\pic\include\pic18f4550.h"
   286                           CCP1CON equ 0FBDh ;# 
   287  0000                     # 6334 "C:\Program Files (x86)\Microchip\xc8\v2.00\pic\include\pic18f4550.h"
   288                           ECCP1CON equ 0FBDh ;# 
   289  0000                     # 6491 "C:\Program Files (x86)\Microchip\xc8\v2.00\pic\include\pic18f4550.h"
   290                           CCPR1 equ 0FBEh ;# 
   291  0000                     # 6498 "C:\Program Files (x86)\Microchip\xc8\v2.00\pic\include\pic18f4550.h"
   292                           CCPR1L equ 0FBEh ;# 
   293  0000                     # 6505 "C:\Program Files (x86)\Microchip\xc8\v2.00\pic\include\pic18f4550.h"
   294                           CCPR1H equ 0FBFh ;# 
   295  0000                     # 6512 "C:\Program Files (x86)\Microchip\xc8\v2.00\pic\include\pic18f4550.h"
   296                           ADCON2 equ 0FC0h ;# 
   297  0000                     # 6583 "C:\Program Files (x86)\Microchip\xc8\v2.00\pic\include\pic18f4550.h"
   298                           ADCON1 equ 0FC1h ;# 
   299  0000                     # 6668 "C:\Program Files (x86)\Microchip\xc8\v2.00\pic\include\pic18f4550.h"
   300                           ADCON0 equ 0FC2h ;# 
   301  0000                     # 6787 "C:\Program Files (x86)\Microchip\xc8\v2.00\pic\include\pic18f4550.h"
   302                           ADRES equ 0FC3h ;# 
   303  0000                     # 6794 "C:\Program Files (x86)\Microchip\xc8\v2.00\pic\include\pic18f4550.h"
   304                           ADRESL equ 0FC3h ;# 
   305  0000                     # 6801 "C:\Program Files (x86)\Microchip\xc8\v2.00\pic\include\pic18f4550.h"
   306                           ADRESH equ 0FC4h ;# 
   307  0000                     # 6808 "C:\Program Files (x86)\Microchip\xc8\v2.00\pic\include\pic18f4550.h"
   308                           SSPCON2 equ 0FC5h ;# 
   309  0000                     # 6870 "C:\Program Files (x86)\Microchip\xc8\v2.00\pic\include\pic18f4550.h"
   310                           SSPCON1 equ 0FC6h ;# 
   311  0000                     # 6940 "C:\Program Files (x86)\Microchip\xc8\v2.00\pic\include\pic18f4550.h"
   312                           SSPSTAT equ 0FC7h ;# 
   313  0000                     # 7188 "C:\Program Files (x86)\Microchip\xc8\v2.00\pic\include\pic18f4550.h"
   314                           SSPADD equ 0FC8h ;# 
   315  0000                     # 7195 "C:\Program Files (x86)\Microchip\xc8\v2.00\pic\include\pic18f4550.h"
   316                           SSPBUF equ 0FC9h ;# 
   317  0000                     # 7202 "C:\Program Files (x86)\Microchip\xc8\v2.00\pic\include\pic18f4550.h"
   318                           T2CON equ 0FCAh ;# 
   319  0000                     # 7300 "C:\Program Files (x86)\Microchip\xc8\v2.00\pic\include\pic18f4550.h"
   320                           PR2 equ 0FCBh ;# 
   321  0000                     # 7305 "C:\Program Files (x86)\Microchip\xc8\v2.00\pic\include\pic18f4550.h"
   322                           MEMCON equ 0FCBh ;# 
   323  0000                     # 7410 "C:\Program Files (x86)\Microchip\xc8\v2.00\pic\include\pic18f4550.h"
   324                           TMR2 equ 0FCCh ;# 
   325  0000                     # 7417 "C:\Program Files (x86)\Microchip\xc8\v2.00\pic\include\pic18f4550.h"
   326                           T1CON equ 0FCDh ;# 
   327  0000                     # 7520 "C:\Program Files (x86)\Microchip\xc8\v2.00\pic\include\pic18f4550.h"
   328                           TMR1 equ 0FCEh ;# 
   329  0000                     # 7527 "C:\Program Files (x86)\Microchip\xc8\v2.00\pic\include\pic18f4550.h"
   330                           TMR1L equ 0FCEh ;# 
   331  0000                     # 7534 "C:\Program Files (x86)\Microchip\xc8\v2.00\pic\include\pic18f4550.h"
   332                           TMR1H equ 0FCFh ;# 
   333  0000                     # 7541 "C:\Program Files (x86)\Microchip\xc8\v2.00\pic\include\pic18f4550.h"
   334                           RCON equ 0FD0h ;# 
   335  0000                     # 7690 "C:\Program Files (x86)\Microchip\xc8\v2.00\pic\include\pic18f4550.h"
   336                           WDTCON equ 0FD1h ;# 
   337  0000                     # 7718 "C:\Program Files (x86)\Microchip\xc8\v2.00\pic\include\pic18f4550.h"
   338                           HLVDCON equ 0FD2h ;# 
   339  0000                     # 7723 "C:\Program Files (x86)\Microchip\xc8\v2.00\pic\include\pic18f4550.h"
   340                           LVDCON equ 0FD2h ;# 
   341  0000                     # 7988 "C:\Program Files (x86)\Microchip\xc8\v2.00\pic\include\pic18f4550.h"
   342                           OSCCON equ 0FD3h ;# 
   343  0000                     # 8071 "C:\Program Files (x86)\Microchip\xc8\v2.00\pic\include\pic18f4550.h"
   344                           T0CON equ 0FD5h ;# 
   345  0000                     # 8141 "C:\Program Files (x86)\Microchip\xc8\v2.00\pic\include\pic18f4550.h"
   346                           TMR0 equ 0FD6h ;# 
   347  0000                     # 8148 "C:\Program Files (x86)\Microchip\xc8\v2.00\pic\include\pic18f4550.h"
   348                           TMR0L equ 0FD6h ;# 
   349  0000                     # 8155 "C:\Program Files (x86)\Microchip\xc8\v2.00\pic\include\pic18f4550.h"
   350                           TMR0H equ 0FD7h ;# 
   351  0000                     # 8162 "C:\Program Files (x86)\Microchip\xc8\v2.00\pic\include\pic18f4550.h"
   352                           STATUS equ 0FD8h ;# 
   353  0000                     # 8233 "C:\Program Files (x86)\Microchip\xc8\v2.00\pic\include\pic18f4550.h"
   354                           FSR2 equ 0FD9h ;# 
   355  0000                     # 8240 "C:\Program Files (x86)\Microchip\xc8\v2.00\pic\include\pic18f4550.h"
   356                           FSR2L equ 0FD9h ;# 
   357  0000                     # 8247 "C:\Program Files (x86)\Microchip\xc8\v2.00\pic\include\pic18f4550.h"
   358                           FSR2H equ 0FDAh ;# 
   359  0000                     # 8254 "C:\Program Files (x86)\Microchip\xc8\v2.00\pic\include\pic18f4550.h"
   360                           PLUSW2 equ 0FDBh ;# 
   361  0000                     # 8261 "C:\Program Files (x86)\Microchip\xc8\v2.00\pic\include\pic18f4550.h"
   362                           PREINC2 equ 0FDCh ;# 
   363  0000                     # 8268 "C:\Program Files (x86)\Microchip\xc8\v2.00\pic\include\pic18f4550.h"
   364                           POSTDEC2 equ 0FDDh ;# 
   365  0000                     # 8275 "C:\Program Files (x86)\Microchip\xc8\v2.00\pic\include\pic18f4550.h"
   366                           POSTINC2 equ 0FDEh ;# 
   367  0000                     # 8282 "C:\Program Files (x86)\Microchip\xc8\v2.00\pic\include\pic18f4550.h"
   368                           INDF2 equ 0FDFh ;# 
   369  0000                     # 8289 "C:\Program Files (x86)\Microchip\xc8\v2.00\pic\include\pic18f4550.h"
   370                           BSR equ 0FE0h ;# 
   371  0000                     # 8296 "C:\Program Files (x86)\Microchip\xc8\v2.00\pic\include\pic18f4550.h"
   372                           FSR1 equ 0FE1h ;# 
   373  0000                     # 8303 "C:\Program Files (x86)\Microchip\xc8\v2.00\pic\include\pic18f4550.h"
   374                           FSR1L equ 0FE1h ;# 
   375  0000                     # 8310 "C:\Program Files (x86)\Microchip\xc8\v2.00\pic\include\pic18f4550.h"
   376                           FSR1H equ 0FE2h ;# 
   377  0000                     # 8317 "C:\Program Files (x86)\Microchip\xc8\v2.00\pic\include\pic18f4550.h"
   378                           PLUSW1 equ 0FE3h ;# 
   379  0000                     # 8324 "C:\Program Files (x86)\Microchip\xc8\v2.00\pic\include\pic18f4550.h"
   380                           PREINC1 equ 0FE4h ;# 
   381  0000                     # 8331 "C:\Program Files (x86)\Microchip\xc8\v2.00\pic\include\pic18f4550.h"
   382                           POSTDEC1 equ 0FE5h ;# 
   383  0000                     # 8338 "C:\Program Files (x86)\Microchip\xc8\v2.00\pic\include\pic18f4550.h"
   384                           POSTINC1 equ 0FE6h ;# 
   385  0000                     # 8345 "C:\Program Files (x86)\Microchip\xc8\v2.00\pic\include\pic18f4550.h"
   386                           INDF1 equ 0FE7h ;# 
   387  0000                     # 8352 "C:\Program Files (x86)\Microchip\xc8\v2.00\pic\include\pic18f4550.h"
   388                           WREG equ 0FE8h ;# 
   389  0000                     # 8359 "C:\Program Files (x86)\Microchip\xc8\v2.00\pic\include\pic18f4550.h"
   390                           FSR0 equ 0FE9h ;# 
   391  0000                     # 8366 "C:\Program Files (x86)\Microchip\xc8\v2.00\pic\include\pic18f4550.h"
   392                           FSR0L equ 0FE9h ;# 
   393  0000                     # 8373 "C:\Program Files (x86)\Microchip\xc8\v2.00\pic\include\pic18f4550.h"
   394                           FSR0H equ 0FEAh ;# 
   395  0000                     # 8380 "C:\Program Files (x86)\Microchip\xc8\v2.00\pic\include\pic18f4550.h"
   396                           PLUSW0 equ 0FEBh ;# 
   397  0000                     # 8387 "C:\Program Files (x86)\Microchip\xc8\v2.00\pic\include\pic18f4550.h"
   398                           PREINC0 equ 0FECh ;# 
   399  0000                     # 8394 "C:\Program Files (x86)\Microchip\xc8\v2.00\pic\include\pic18f4550.h"
   400                           POSTDEC0 equ 0FEDh ;# 
   401  0000                     # 8401 "C:\Program Files (x86)\Microchip\xc8\v2.00\pic\include\pic18f4550.h"
   402                           POSTINC0 equ 0FEEh ;# 
   403  0000                     # 8408 "C:\Program Files (x86)\Microchip\xc8\v2.00\pic\include\pic18f4550.h"
   404                           INDF0 equ 0FEFh ;# 
   405  0000                     # 8415 "C:\Program Files (x86)\Microchip\xc8\v2.00\pic\include\pic18f4550.h"
   406                           INTCON3 equ 0FF0h ;# 
   407  0000                     # 8507 "C:\Program Files (x86)\Microchip\xc8\v2.00\pic\include\pic18f4550.h"
   408                           INTCON2 equ 0FF1h ;# 
   409  0000                     # 8584 "C:\Program Files (x86)\Microchip\xc8\v2.00\pic\include\pic18f4550.h"
   410                           INTCON equ 0FF2h ;# 
   411  0000                     # 8701 "C:\Program Files (x86)\Microchip\xc8\v2.00\pic\include\pic18f4550.h"
   412                           PROD equ 0FF3h ;# 
   413  0000                     # 8708 "C:\Program Files (x86)\Microchip\xc8\v2.00\pic\include\pic18f4550.h"
   414                           PRODL equ 0FF3h ;# 
   415  0000                     # 8715 "C:\Program Files (x86)\Microchip\xc8\v2.00\pic\include\pic18f4550.h"
   416                           PRODH equ 0FF4h ;# 
   417  0000                     # 8722 "C:\Program Files (x86)\Microchip\xc8\v2.00\pic\include\pic18f4550.h"
   418                           TABLAT equ 0FF5h ;# 
   419  0000                     # 8731 "C:\Program Files (x86)\Microchip\xc8\v2.00\pic\include\pic18f4550.h"
   420                           TBLPTR equ 0FF6h ;# 
   421  0000                     # 8738 "C:\Program Files (x86)\Microchip\xc8\v2.00\pic\include\pic18f4550.h"
   422                           TBLPTRL equ 0FF6h ;# 
   423  0000                     # 8745 "C:\Program Files (x86)\Microchip\xc8\v2.00\pic\include\pic18f4550.h"
   424                           TBLPTRH equ 0FF7h ;# 
   425  0000                     # 8752 "C:\Program Files (x86)\Microchip\xc8\v2.00\pic\include\pic18f4550.h"
   426                           TBLPTRU equ 0FF8h ;# 
   427  0000                     # 8761 "C:\Program Files (x86)\Microchip\xc8\v2.00\pic\include\pic18f4550.h"
   428                           PCLAT equ 0FF9h ;# 
   429  0000                     # 8768 "C:\Program Files (x86)\Microchip\xc8\v2.00\pic\include\pic18f4550.h"
   430                           PC equ 0FF9h ;# 
   431  0000                     # 8775 "C:\Program Files (x86)\Microchip\xc8\v2.00\pic\include\pic18f4550.h"
   432                           PCL equ 0FF9h ;# 
   433  0000                     # 8782 "C:\Program Files (x86)\Microchip\xc8\v2.00\pic\include\pic18f4550.h"
   434                           PCLATH equ 0FFAh ;# 
   435  0000                     # 8789 "C:\Program Files (x86)\Microchip\xc8\v2.00\pic\include\pic18f4550.h"
   436                           PCLATU equ 0FFBh ;# 
   437  0000                     # 8796 "C:\Program Files (x86)\Microchip\xc8\v2.00\pic\include\pic18f4550.h"
   438                           STKPTR equ 0FFCh ;# 
   439  0000                     # 8872 "C:\Program Files (x86)\Microchip\xc8\v2.00\pic\include\pic18f4550.h"
   440                           TOS equ 0FFDh ;# 
   441  0000                     # 8879 "C:\Program Files (x86)\Microchip\xc8\v2.00\pic\include\pic18f4550.h"
   442                           TOSL equ 0FFDh ;# 
   443  0000                     # 8886 "C:\Program Files (x86)\Microchip\xc8\v2.00\pic\include\pic18f4550.h"
   444                           TOSH equ 0FFEh ;# 
   445  0000                     # 8893 "C:\Program Files (x86)\Microchip\xc8\v2.00\pic\include\pic18f4550.h"
   446                           TOSU equ 0FFFh ;# 
   447  0000                     	FNCALL	_main,___awdiv
   448                           	FNCALL	_main,___wmul
   449                           	FNROOT	_main
   450                           	global	_PORTD
   451                           _PORTD	set	0xF83
   452  0000                     	global	_TRISD
   453                           _TRISD	set	0xF95
   454  0000                     	global	_PORTC
   455                           _PORTC	set	0xF82
   456  0000                     	global	_TRISC
   457                           _TRISC	set	0xF94
   458  0000                     	global	_PORTB
   459                           _PORTB	set	0xF81
   460  0000                     	global	_TRISB
   461                           _TRISB	set	0xF93
   462  0000                     	global	_PORTA
   463                           _PORTA	set	0xF80
   464  0000                     	global	_TRISA
   465                           _TRISA	set	0xF92
   466  0000                     ; #config settings
   467                           	file	"C:\Users\student\AppData\Local\Temp\s2l0."
   468                           	line	#
   469                           psect	cinit,class=CODE,delta=1,reloc=2
   470                           global __pcinit
   471                           __pcinit:
   472  007DDC                     global start_initialization
   473                           start_initialization:
   474  007DDC                     
   475                           global __initialization
   476                           __initialization:
   477  007DDC                     psect cinit,class=CODE,delta=1
   478                           global end_of_initialization,__end_of__initialization
   479                           
   480                           ;End of C runtime variable initialization code
   481                           
   482                           end_of_initialization:
   483  007DDC                     __end_of__initialization:
   484  007DDC                     movlb 0
   485  007DDC  0100               goto _main	;jump to C main() function
   486  007DDE  EF7C  F03F         psect	cstackCOMRAM,class=COMRAM,space=1,noexec
   487                           global __pcstackCOMRAM
   488                           __pcstackCOMRAM:
   489  000001                     ?_main:	; 1 bytes @ 0x0
   490  000001                     	global	?___wmul
   491                           ?___wmul:	; 2 bytes @ 0x0
   492  000001                     	global	?___awdiv
   493                           ?___awdiv:	; 2 bytes @ 0x0
   494  000001                     	global	___wmul@multiplier
   495                           ___wmul@multiplier:	; 2 bytes @ 0x0
   496  000001                     	global	___awdiv@dividend
   497                           ___awdiv@dividend:	; 2 bytes @ 0x0
   498  000001                     	ds   2
   499  000001                     	global	___wmul@multiplicand
   500                           ___wmul@multiplicand:	; 2 bytes @ 0x2
   501  000003                     	global	___awdiv@divisor
   502                           ___awdiv@divisor:	; 2 bytes @ 0x2
   503  000003                     	ds   2
   504  000003                     ??___wmul:	; 1 bytes @ 0x4
   505  000005                     ??___awdiv:	; 1 bytes @ 0x4
   506  000005                     	global	___awdiv@counter
   507                           ___awdiv@counter:	; 1 bytes @ 0x4
   508  000005                     	global	___wmul@product
   509                           ___wmul@product:	; 2 bytes @ 0x4
   510  000005                     	ds   1
   511  000005                     	global	___awdiv@sign
   512                           ___awdiv@sign:	; 1 bytes @ 0x5
   513  000006                     	ds   1
   514  000006                     	global	___awdiv@quotient
   515                           ___awdiv@quotient:	; 2 bytes @ 0x6
   516  000007                     	ds   2
   517  000007                     ??_main:	; 1 bytes @ 0x8
   518  000009                     	ds   1
   519  000009                     	global	main@c
   520                           main@c:	; 2 bytes @ 0x9
   521  00000A                     	ds   2
   522  00000A                     	global	main@e
   523                           main@e:	; 2 bytes @ 0xB
   524  00000C                     	ds   2
   525  00000C                     	global	main@i
   526                           main@i:	; 2 bytes @ 0xD
   527  00000E                     	ds   2
   528  00000E                     	global	main@f
   529                           main@f:	; 2 bytes @ 0xF
   530  000010                     	ds   2
   531  000010                     	global	main@a
   532                           main@a:	; 2 bytes @ 0x11
   533  000012                     	ds   2
   534  000012                     	global	main@b
   535                           main@b:	; 2 bytes @ 0x13
   536  000014                     	ds   2
   537  000014                     	global	main@d
   538                           main@d:	; 2 bytes @ 0x15
   539  000016                     	ds   2
   540  000016                     	global	main@x
   541                           main@x:	; 2 bytes @ 0x17
   542  000018                     	ds   2
   543  000018                     	global	main@y
   544                           main@y:	; 2 bytes @ 0x19
   545  00001A                     	ds   2
   546  00001A                     ;!
   547                           ;!Data Sizes:
   548                           ;!    Strings     0
   549                           ;!    Constant    0
   550                           ;!    Data        0
   551                           ;!    BSS         0
   552                           ;!    Persistent  0
   553                           ;!    Stack       0
   554                           ;!
   555                           ;!Auto Spaces:
   556                           ;!    Space          Size  Autos    Used
   557                           ;!    COMRAM           95     27      27
   558                           ;!    BANK0           160      0       0
   559                           ;!    BANK1           256      0       0
   560                           ;!    BANK2           256      0       0
   561                           ;!    BANK3           256      0       0
   562                           ;!    BANK4           256      0       0
   563                           ;!    BANK5           256      0       0
   564                           ;!    BANK6           256      0       0
   565                           ;!    BANK7           256      0       0
   566                           
   567                           ;!
   568                           ;!Pointer List with Targets:
   569                           ;!
   570                           ;!    None.
   571                           
   572                           
   573                           ;!
   574                           ;!Critical Paths under _main in COMRAM
   575                           ;!
   576                           ;!    _main->___awdiv
   577                           ;!
   578                           ;!Critical Paths under _main in BANK0
   579                           ;!
   580                           ;!    None.
   581                           ;!
   582                           ;!Critical Paths under _main in BANK1
   583                           ;!
   584                           ;!    None.
   585                           ;!
   586                           ;!Critical Paths under _main in BANK2
   587                           ;!
   588                           ;!    None.
   589                           ;!
   590                           ;!Critical Paths under _main in BANK3
   591                           ;!
   592                           ;!    None.
   593                           ;!
   594                           ;!Critical Paths under _main in BANK4
   595                           ;!
   596                           ;!    None.
   597                           ;!
   598                           ;!Critical Paths under _main in BANK5
   599                           ;!
   600                           ;!    None.
   601                           ;!
   602                           ;!Critical Paths under _main in BANK6
   603                           ;!
   604                           ;!    None.
   605                           ;!
   606                           ;!Critical Paths under _main in BANK7
   607                           ;!
   608                           ;!    None.
   609                           
   610 ;;
   611 ;;Main: autosize = 0, tempsize = 1, incstack = 0, save=0
   612 ;;
   613                           
   614                           ;!
   615                           ;!Call Graph Tables:
   616                           ;!
   617                           ;! ---------------------------------------------------------------------------------
   618                           ;! (Depth) Function   	        Calls       Base Space   Used Autos Params    Refs
   619                           ;! ---------------------------------------------------------------------------------
   620                           ;! (0) _main                                                19    19      0    1106
   621                           ;!                                              8 COMRAM    19    19      0
   622                           ;!                            ___awdiv
   623                           ;!                             ___wmul
   624                           ;! ---------------------------------------------------------------------------------
   625                           ;! (1) ___wmul                                               6     2      4     311
   626                           ;!                                              0 COMRAM     6     2      4
   627                           ;! ---------------------------------------------------------------------------------
   628                           ;! (1) ___awdiv                                              8     4      4     452
   629                           ;!                                              0 COMRAM     8     4      4
   630                           ;! ---------------------------------------------------------------------------------
   631                           ;! Estimated maximum stack depth 1
   632                           ;! ---------------------------------------------------------------------------------
   633                           ;!
   634                           ;! Call Graph Graphs:
   635                           ;!
   636                           ;! _main (ROOT)
   637                           ;!   ___awdiv
   638                           ;!   ___wmul
   639                           ;!
   640                           
   641                           ;! Address spaces:
   642                           
   643                           ;!Name               Size   Autos  Total    Cost      Usage
   644                           ;!BITCOMRAM           5F      0       0       0        0.0%
   645                           ;!EEDATA             100      0       0       0        0.0%
   646                           ;!NULL                 0      0       0       0        0.0%
   647                           ;!CODE                 0      0       0       0        0.0%
   648                           ;!COMRAM              5F     1B      1B       1       28.4%
   649                           ;!STACK                0      0       0       2        0.0%
   650                           ;!DATA                 0      0       0       3        0.0%
   651                           ;!BITBANK0            A0      0       0       4        0.0%
   652                           ;!BANK0               A0      0       0       5        0.0%
   653                           ;!BITBANK1           100      0       0       6        0.0%
   654                           ;!BANK1              100      0       0       7        0.0%
   655                           ;!BITBANK2           100      0       0       8        0.0%
   656                           ;!BANK2              100      0       0       9        0.0%
   657                           ;!BITBANK3           100      0       0      10        0.0%
   658                           ;!BANK3              100      0       0      11        0.0%
   659                           ;!BITBANK4           100      0       0      12        0.0%
   660                           ;!BANK4              100      0       0      13        0.0%
   661                           ;!BITBANK5           100      0       0      14        0.0%
   662                           ;!BANK5              100      0       0      15        0.0%
   663                           ;!BITBANK6           100      0       0      16        0.0%
   664                           ;!BANK6              100      0       0      17        0.0%
   665                           ;!BITBANK7           100      0       0      18        0.0%
   666                           ;!BANK7              100      0       0      19        0.0%
   667                           ;!ABS                  0      0       0      20        0.0%
   668                           ;!BIGRAM             7FF      0       0      21        0.0%
   669                           ;!BITSFR               0      0       0     200        0.0%
   670                           ;!SFR                  0      0       0     200        0.0%
   671                           
   672                           	global	_main
   673                           
   674 ;; *************** function _main *****************
   675 ;; Defined at:
   676 ;;		line 11 in file "A4.c"
   677 ;; Parameters:    Size  Location     Type
   678 ;;		None
   679 ;; Auto vars:     Size  Location     Type
   680 ;;  i               2   13[COMRAM] int 
   681 ;;  y               2   25[COMRAM] int 
   682 ;;  x               2   23[COMRAM] int 
   683 ;;  d               2   21[COMRAM] int 
   684 ;;  b               2   19[COMRAM] int 
   685 ;;  a               2   17[COMRAM] int 
   686 ;;  f               2   15[COMRAM] int 
   687 ;;  e               2   11[COMRAM] int 
   688 ;;  c               2    9[COMRAM] int 
   689 ;; Return value:  Size  Location     Type
   690 ;;                  1    wreg      void 
   691 ;; Registers used:
   692 ;;		wreg, status,2, status,0, prodl, prodh, cstack
   693 ;; Tracked objects:
   694 ;;		On entry : 0/0
   695 ;;		On exit  : 0/0
   696 ;;		Unchanged: 0/0
   697 ;; Data sizes:     COMRAM   BANK0   BANK1   BANK2   BANK3   BANK4   BANK5   BANK6   BANK7
   698 ;;      Params:         0       0       0       0       0       0       0       0       0
   699 ;;      Locals:        18       0       0       0       0       0       0       0       0
   700 ;;      Temps:          1       0       0       0       0       0       0       0       0
   701 ;;      Totals:        19       0       0       0       0       0       0       0       0
   702 ;;Total ram usage:       19 bytes
   703 ;; Hardware stack levels required when called:    1
   704 ;; This function calls:
   705 ;;		___awdiv
   706 ;;		___wmul
   707 ;; This function is called by:
   708 ;;		Startup code after reset
   709 ;; This function uses a non-reentrant model
   710 ;;
   711                           psect	text0,class=CODE,space=0,reloc=2,group=0
   712                           	file	"A4.c"
   713                           	line	11
   714                           global __ptext0
   715                           __ptext0:
   716  007EF8                     psect	text0
   717                           	file	"A4.c"
   718                           	line	11
   719                           	global	__size_of_main
   720                           	__size_of_main	equ	__end_of_main-_main
   721  0000                     	
   722                           _main:
   723  007EF8                     ;incstack = 0
   724                           	opt	stack 30
   725                           	line	13
   726                           	
   727                           l845:
   728  007EF8                     ;A4.c: 13:     int a= 0x07,b=0x08;
   729                           	movlw	high(07h)
   730  007EF8  0E00               	movwf	((c:main@a+1)),c
   731  007EFA  6E13               	movlw	low(07h)
   732  007EFC  0E07               	movwf	((c:main@a)),c
   733  007EFE  6E12               	movlw	high(08h)
   734  007F00  0E00               	movwf	((c:main@b+1)),c
   735  007F02  6E15               	movlw	low(08h)
   736  007F04  0E08               	movwf	((c:main@b)),c
   737  007F06  6E14               	line	14
   738                           	
   739                           l847:
   740  007F08                     ;A4.c: 14:     int c=a*b;
   741                           	movff	(c:main@a),(c:___wmul@multiplier)
   742  007F08  C012  F001         	movff	(c:main@a+1),(c:___wmul@multiplier+1)
   743  007F0C  C013  F002         	movff	(c:main@b),(c:___wmul@multiplicand)
   744  007F10  C014  F003         	movff	(c:main@b+1),(c:___wmul@multiplicand+1)
   745  007F14  C015  F004         	call	___wmul	;wreg free
   746  007F18  ECF1  F03E         	movff	0+?___wmul,(c:main@c)
   747  007F1C  C001  F00A         	movff	1+?___wmul,(c:main@c+1)
   748  007F20  C002  F00B         	line	15
   749                           	
   750                           l849:
   751  007F24                     ;A4.c: 15:     TRISA=0;
   752                           	movlw	low(0)
   753  007F24  0E00               	movwf	((c:3986)),c	;volatile
   754  007F26  6E92               	line	16
   755                           	
   756                           l851:
   757  007F28                     ;A4.c: 16:     PORTA=c;
   758                           	movff	(c:main@c),(c:3968)	;volatile
   759  007F28  C00A  FF80         	line	18
   760                           	
   761                           l853:
   762  007F2C                     ;A4.c: 18:     int d=0;
   763                           	movlw	high(0)
   764  007F2C  0E00               	movwf	((c:main@d+1)),c
   765  007F2E  6E17               	movlw	low(0)
   766  007F30  0E00               	movwf	((c:main@d)),c
   767  007F32  6E16               	line	19
   768                           	
   769                           l855:
   770  007F34                     ;A4.c: 19:     for(int i=0;i<b;i++){
   771                           	movlw	high(0)
   772  007F34  0E00               	movwf	((c:main@i+1)),c
   773  007F36  6E0F               	movlw	low(0)
   774  007F38  0E00               	movwf	((c:main@i)),c
   775  007F3A  6E0E               	goto	l861
   776  007F3C  EFAA  F03F         	
   777                           l22:
   778  007F40                     	line	20
   779                           	
   780                           l857:
   781  007F40                     ;A4.c: 20:         d=d+a;
   782                           	movf	((c:main@a)),c,w
   783  007F40  5012               	addwf	((c:main@d)),c,w
   784  007F42  2416               	movwf	((c:main@d)),c
   785  007F44  6E16               	movf	((c:main@a+1)),c,w
   786  007F46  5013               	addwfc	((c:main@d+1)),c,w
   787  007F48  2017               	movwf	1+((c:main@d)),c
   788  007F4A  6E17               	line	21
   789                           	
   790                           l859:
   791  007F4C                     ;A4.c: 21:     }
   792                           	infsnz	((c:main@i)),c
   793  007F4C  4A0E               	incf	((c:main@i+1)),c
   794  007F4E  2A0F               	goto	l861
   795  007F50  EFAA  F03F         	
   796                           l21:
   797  007F54                     	
   798                           l861:
   799  007F54                     		movf	((c:main@b)),c,w
   800  007F54  5014               	subwf	((c:main@i)),c,w
   801  007F56  5C0E               	movf	((c:main@i+1)),c,w
   802  007F58  500F               	xorlw	80h
   803  007F5A  0A80               	movwf	(??_main+0+0)&0ffh,c
   804  007F5C  6E09               	movf	((c:main@b+1)),c,w
   805  007F5E  5015               	xorlw	80h
   806  007F60  0A80               	subwfb	(??_main+0+0)&0ffh,c,w
   807  007F62  5809               	btfss	status,0
   808  007F64  A0D8               	goto	u151
   809  007F66  EFB7  F03F         	goto	u150
   810  007F6A  EFB9  F03F         
   811                           u151:
   812  007F6E                     	goto	l857
   813  007F6E  EFA0  F03F         u150:
   814  007F72                     	goto	l863
   815  007F72  EFBB  F03F         	
   816                           l23:
   817  007F76                     	line	22
   818                           	
   819                           l863:
   820  007F76                     ;A4.c: 22:     TRISB=0;
   821                           	movlw	low(0)
   822  007F76  0E00               	movwf	((c:3987)),c	;volatile
   823  007F78  6E93               	line	23
   824                           	
   825                           l865:
   826  007F7A                     ;A4.c: 23:     PORTB=d;
   827                           	movff	(c:main@d),(c:3969)	;volatile
   828  007F7A  C016  FF81         	line	25
   829                           ;A4.c: 25:    int x=0x10;
   830                           	movlw	high(010h)
   831  007F7E  0E00               	movwf	((c:main@x+1)),c
   832  007F80  6E19               	movlw	low(010h)
   833  007F82  0E10               	movwf	((c:main@x)),c
   834  007F84  6E18               	line	26
   835                           ;A4.c: 26:     int y=0x05;
   836                           	movlw	high(05h)
   837  007F86  0E00               	movwf	((c:main@y+1)),c
   838  007F88  6E1B               	movlw	low(05h)
   839  007F8A  0E05               	movwf	((c:main@y)),c
   840  007F8C  6E1A               	line	27
   841                           	
   842                           l867:
   843  007F8E                     ;A4.c: 27:     int e = x/y;
   844                           	movff	(c:main@x),(c:___awdiv@dividend)
   845  007F8E  C018  F001         	movff	(c:main@x+1),(c:___awdiv@dividend+1)
   846  007F92  C019  F002         	movff	(c:main@y),(c:___awdiv@divisor)
   847  007F96  C01A  F003         	movff	(c:main@y+1),(c:___awdiv@divisor+1)
   848  007F9A  C01B  F004         	call	___awdiv	;wreg free
   849  007F9E  EC06  F03F         	movff	0+?___awdiv,(c:main@e)
   850  007FA2  C001  F00C         	movff	1+?___awdiv,(c:main@e+1)
   851  007FA6  C002  F00D         	line	28
   852                           	
   853                           l869:
   854  007FAA                     ;A4.c: 28:     TRISC=0;
   855                           	movlw	low(0)
   856  007FAA  0E00               	movwf	((c:3988)),c	;volatile
   857  007FAC  6E94               	line	29
   858                           	
   859                           l871:
   860  007FAE                     ;A4.c: 29:     PORTC=e;
   861                           	movff	(c:main@e),(c:3970)	;volatile
   862  007FAE  C00C  FF82         	line	31
   863                           	
   864                           l873:
   865  007FB2                     ;A4.c: 31:     int f=0;
   866                           	movlw	high(0)
   867  007FB2  0E00               	movwf	((c:main@f+1)),c
   868  007FB4  6E11               	movlw	low(0)
   869  007FB6  0E00               	movwf	((c:main@f)),c
   870  007FB8  6E10               	line	32
   871                           ;A4.c: 32:     while(x>=y){
   872                           	goto	l879
   873  007FBA  EFE7  F03F         	
   874                           l25:
   875  007FBE                     	line	33
   876                           	
   877                           l875:
   878  007FBE                     ;A4.c: 33:         x-=y;
   879                           	movf	((c:main@y)),c,w
   880  007FBE  501A               	subwf	((c:main@x)),c
   881  007FC0  5E18               	movf	((c:main@y+1)),c,w
   882  007FC2  501B               	subwfb	((c:main@x+1)),c
   883  007FC4  5A19               
   884                           	line	34
   885                           	
   886                           l877:
   887  007FC6                     ;A4.c: 34:         f++;
   888                           	infsnz	((c:main@f)),c
   889  007FC6  4A10               	incf	((c:main@f+1)),c
   890  007FC8  2A11               	goto	l879
   891  007FCA  EFE7  F03F         	line	35
   892                           ;A4.c: 35:     }
   893                           	
   894                           l24:
   895  007FCE                     	line	32
   896                           	
   897                           l879:
   898  007FCE                     ;A4.c: 32:     while(x>=y){
   899                           		movf	((c:main@y)),c,w
   900  007FCE  501A               	subwf	((c:main@x)),c,w
   901  007FD0  5C18               	movf	((c:main@x+1)),c,w
   902  007FD2  5019               	xorlw	80h
   903  007FD4  0A80               	movwf	(??_main+0+0)&0ffh,c
   904  007FD6  6E09               	movf	((c:main@y+1)),c,w
   905  007FD8  501B               	xorlw	80h
   906  007FDA  0A80               	subwfb	(??_main+0+0)&0ffh,c,w
   907  007FDC  5809               	btfsc	status,0
   908  007FDE  B0D8               	goto	u161
   909  007FE0  EFF4  F03F         	goto	u160
   910  007FE4  EFF6  F03F         
   911                           u161:
   912  007FE8                     	goto	l875
   913  007FE8  EFDF  F03F         u160:
   914  007FEC                     	goto	l881
   915  007FEC  EFF8  F03F         	
   916                           l26:
   917  007FF0                     	line	36
   918                           	
   919                           l881:
   920  007FF0                     ;A4.c: 36:     TRISD=0;
   921                           	movlw	low(0)
   922  007FF0  0E00               	movwf	((c:3989)),c	;volatile
   923  007FF2  6E95               	line	37
   924                           	
   925                           l883:
   926  007FF4                     ;A4.c: 37:     PORTD=f;
   927                           	movff	(c:main@f),(c:3971)	;volatile
   928  007FF4  C010  FF83         	goto	l27
   929  007FF8  EFFE  F03F         	line	38
   930                           	
   931                           l885:
   932  007FFC                     	line	39
   933                           ;A4.c: 38:     return;
   934                           	
   935                           l27:
   936  007FFC                     	global	start
   937                           	goto	start
   938  007FFC  EF00  F000         	opt stack 0
   939                           GLOBAL	__end_of_main
   940                           	__end_of_main:
   941  008000                     	signat	_main,89
   942                           	global	___wmul
   943                           
   944 ;; *************** function ___wmul *****************
   945 ;; Defined at:
   946 ;;		line 15 in file "C:\Program Files (x86)\Microchip\xc8\v2.00\pic\sources\c99\common\Umul16.c"
   947 ;; Parameters:    Size  Location     Type
   948 ;;  multiplier      2    0[COMRAM] unsigned int 
   949 ;;  multiplicand    2    2[COMRAM] unsigned int 
   950 ;; Auto vars:     Size  Location     Type
   951 ;;  product         2    4[COMRAM] unsigned int 
   952 ;; Return value:  Size  Location     Type
   953 ;;                  2    0[COMRAM] unsigned int 
   954 ;; Registers used:
   955 ;;		wreg, status,2, status,0, prodl, prodh
   956 ;; Tracked objects:
   957 ;;		On entry : 0/0
   958 ;;		On exit  : 0/0
   959 ;;		Unchanged: 0/0
   960 ;; Data sizes:     COMRAM   BANK0   BANK1   BANK2   BANK3   BANK4   BANK5   BANK6   BANK7
   961 ;;      Params:         4       0       0       0       0       0       0       0       0
   962 ;;      Locals:         2       0       0       0       0       0       0       0       0
   963 ;;      Temps:          0       0       0       0       0       0       0       0       0
   964 ;;      Totals:         6       0       0       0       0       0       0       0       0
   965 ;;Total ram usage:        6 bytes
   966 ;; Hardware stack levels used:    1
   967 ;; This function calls:
   968 ;;		Nothing
   969 ;; This function is called by:
   970 ;;		_main
   971 ;; This function uses a non-reentrant model
   972 ;;
   973                           psect	text1,class=CODE,space=0,reloc=2,group=1
   974                           	file	"C:\Program Files (x86)\Microchip\xc8\v2.00\pic\sources\c99\common\Umul16.c"
   975                           	line	15
   976                           global __ptext1
   977                           __ptext1:
   978  007DE2                     psect	text1
   979                           	file	"C:\Program Files (x86)\Microchip\xc8\v2.00\pic\sources\c99\common\Umul16.c"
   980                           	line	15
   981                           	global	__size_of___wmul
   982                           	__size_of___wmul	equ	__end_of___wmul-___wmul
   983  0000                     	
   984                           ___wmul:
   985  007DE2                     ;incstack = 0
   986                           	opt	stack 30
   987                           	line	37
   988                           	
   989                           l795:
   990  007DE2                     	movf	((c:___wmul@multiplier)),c,w
   991  007DE2  5001               	mulwf	((c:___wmul@multiplicand)),c
   992  007DE4  0203               	movff	prodl,(c:___wmul@product)
   993  007DE6  CFF3 F005          	movff	prodh,(c:___wmul@product+1)
   994  007DEA  CFF4 F006          	line	38
   995                           	movf	((c:___wmul@multiplier)),c,w
   996  007DEE  5001               	mulwf	(0+((c:___wmul@multiplicand)+01h)),c
   997  007DF0  0204               	movf	(prodl),c,w
   998  007DF2  50F3               	addwf	((c:___wmul@product+1)),c
   999  007DF4  2606               
  1000                           	line	39
  1001                           	movf	(0+((c:___wmul@multiplier)+01h)),c,w
  1002  007DF6  5002               	mulwf	((c:___wmul@multiplicand)),c
  1003  007DF8  0203               	movf	(prodl),c,w
  1004  007DFA  50F3               	addwf	((c:___wmul@product+1)),c
  1005  007DFC  2606               
  1006                           	line	52
  1007                           	
  1008                           l797:
  1009  007DFE                     	movff	(c:___wmul@product),(c:?___wmul)
  1010  007DFE  C005  F001         	movff	(c:___wmul@product+1),(c:?___wmul+1)
  1011  007E02  C006  F002         	goto	l30
  1012  007E06  EF05  F03F         	
  1013                           l799:
  1014  007E0A                     	line	53
  1015                           	
  1016                           l30:
  1017  007E0A                     	return	;funcret
  1018  007E0A  0012               	opt stack 0
  1019                           GLOBAL	__end_of___wmul
  1020                           	__end_of___wmul:
  1021  007E0C                     	signat	___wmul,8314
  1022                           	global	___awdiv
  1023                           
  1024 ;; *************** function ___awdiv *****************
  1025 ;; Defined at:
  1026 ;;		line 7 in file "C:\Program Files (x86)\Microchip\xc8\v2.00\pic\sources\c99\common\awdiv.c"
  1027 ;; Parameters:    Size  Location     Type
  1028 ;;  dividend        2    0[COMRAM] int 
  1029 ;;  divisor         2    2[COMRAM] int 
  1030 ;; Auto vars:     Size  Location     Type
  1031 ;;  quotient        2    6[COMRAM] int 
  1032 ;;  sign            1    5[COMRAM] unsigned char 
  1033 ;;  counter         1    4[COMRAM] unsigned char 
  1034 ;; Return value:  Size  Location     Type
  1035 ;;                  2    0[COMRAM] int 
  1036 ;; Registers used:
  1037 ;;		wreg, status,2, status,0
  1038 ;; Tracked objects:
  1039 ;;		On entry : 0/0
  1040 ;;		On exit  : 0/0
  1041 ;;		Unchanged: 0/0
  1042 ;; Data sizes:     COMRAM   BANK0   BANK1   BANK2   BANK3   BANK4   BANK5   BANK6   BANK7
  1043 ;;      Params:         4       0       0       0       0       0       0       0       0
  1044 ;;      Locals:         4       0       0       0       0       0       0       0       0
  1045 ;;      Temps:          0       0       0       0       0       0       0       0       0
  1046 ;;      Totals:         8       0       0       0       0       0       0       0       0
  1047 ;;Total ram usage:        8 bytes
  1048 ;; Hardware stack levels used:    1
  1049 ;; This function calls:
  1050 ;;		Nothing
  1051 ;; This function is called by:
  1052 ;;		_main
  1053 ;; This function uses a non-reentrant model
  1054 ;;
  1055                           psect	text2,class=CODE,space=0,reloc=2,group=1
  1056                           	file	"C:\Program Files (x86)\Microchip\xc8\v2.00\pic\sources\c99\common\awdiv.c"
  1057                           	line	7
  1058                           global __ptext2
  1059                           __ptext2:
  1060  007E0C                     psect	text2
  1061                           	file	"C:\Program Files (x86)\Microchip\xc8\v2.00\pic\sources\c99\common\awdiv.c"
  1062                           	line	7
  1063                           	global	__size_of___awdiv
  1064                           	__size_of___awdiv	equ	__end_of___awdiv-___awdiv
  1065  0000                     	
  1066                           ___awdiv:
  1067  007E0C                     ;incstack = 0
  1068                           	opt	stack 30
  1069                           	line	13
  1070                           	
  1071                           l801:
  1072  007E0C                     	movlw	low(0)
  1073  007E0C  0E00               	movwf	((c:___awdiv@sign)),c
  1074  007E0E  6E06               	line	14
  1075                           	
  1076                           l803:
  1077  007E10                     	btfsc	((c:___awdiv@divisor+1)),c,7
  1078  007E10  BE04               	goto	u90
  1079  007E12  EF0F  F03F         	goto	u91
  1080  007E16  EF0D  F03F         
  1081                           u91:
  1082  007E1A                     	goto	l809
  1083  007E1A  EF17  F03F         u90:
  1084  007E1E                     	line	15
  1085                           	
  1086                           l805:
  1087  007E1E                     	negf	((c:___awdiv@divisor)),c
  1088  007E1E  6C03               	comf	((c:___awdiv@divisor+1)),c
  1089  007E20  1E04               	btfsc	status,0
  1090  007E22  B0D8               	incf	((c:___awdiv@divisor+1)),c
  1091  007E24  2A04               	line	16
  1092                           	
  1093                           l807:
  1094  007E26                     	movlw	low(01h)
  1095  007E26  0E01               	movwf	((c:___awdiv@sign)),c
  1096  007E28  6E06               	goto	l809
  1097  007E2A  EF17  F03F         	line	17
  1098                           	
  1099                           l251:
  1100  007E2E                     	line	18
  1101                           	
  1102                           l809:
  1103  007E2E                     	btfsc	((c:___awdiv@dividend+1)),c,7
  1104  007E2E  BE02               	goto	u100
  1105  007E30  EF1E  F03F         	goto	u101
  1106  007E34  EF1C  F03F         
  1107                           u101:
  1108  007E38                     	goto	l815
  1109  007E38  EF26  F03F         u100:
  1110  007E3C                     	line	19
  1111                           	
  1112                           l811:
  1113  007E3C                     	negf	((c:___awdiv@dividend)),c
  1114  007E3C  6C01               	comf	((c:___awdiv@dividend+1)),c
  1115  007E3E  1E02               	btfsc	status,0
  1116  007E40  B0D8               	incf	((c:___awdiv@dividend+1)),c
  1117  007E42  2A02               	line	20
  1118                           	
  1119                           l813:
  1120  007E44                     	movlw	(01h)&0ffh
  1121  007E44  0E01               	xorwf	((c:___awdiv@sign)),c
  1122  007E46  1A06               	goto	l815
  1123  007E48  EF26  F03F         	line	21
  1124                           	
  1125                           l252:
  1126  007E4C                     	line	22
  1127                           	
  1128                           l815:
  1129  007E4C                     	movlw	high(0)
  1130  007E4C  0E00               	movwf	((c:___awdiv@quotient+1)),c
  1131  007E4E  6E08               	movlw	low(0)
  1132  007E50  0E00               	movwf	((c:___awdiv@quotient)),c
  1133  007E52  6E07               	line	23
  1134                           	
  1135                           l817:
  1136  007E54                     	movf	((c:___awdiv@divisor)),c,w
  1137  007E54  5003               iorwf	((c:___awdiv@divisor+1)),c,w
  1138  007E56  1004               	btfsc	status,2
  1139  007E58  B4D8               	goto	u111
  1140  007E5A  EF31  F03F         	goto	u110
  1141  007E5E  EF33  F03F         
  1142                           u111:
  1143  007E62                     	goto	l837
  1144  007E62  EF67  F03F         u110:
  1145  007E66                     	line	24
  1146                           	
  1147                           l819:
  1148  007E66                     	movlw	low(01h)
  1149  007E66  0E01               	movwf	((c:___awdiv@counter)),c
  1150  007E68  6E05               	line	25
  1151                           	goto	l823
  1152  007E6A  EF3D  F03F         	
  1153                           l255:
  1154  007E6E                     	line	26
  1155                           	
  1156                           l821:
  1157  007E6E                     	bcf	status,0
  1158  007E6E  90D8               	rlcf	((c:___awdiv@divisor)),c
  1159  007E70  3603               	rlcf	((c:___awdiv@divisor+1)),c
  1160  007E72  3604               	line	27
  1161                           	incf	((c:___awdiv@counter)),c
  1162  007E74  2A05               	goto	l823
  1163  007E76  EF3D  F03F         	line	28
  1164                           	
  1165                           l254:
  1166  007E7A                     	line	25
  1167                           	
  1168                           l823:
  1169  007E7A                     	
  1170                           	btfss	((c:___awdiv@divisor+1)),c,(15)&7
  1171  007E7A  AE04               	goto	u121
  1172  007E7C  EF42  F03F         	goto	u120
  1173  007E80  EF44  F03F         u121:
  1174  007E84                     	goto	l821
  1175  007E84  EF37  F03F         u120:
  1176  007E88                     	goto	l825
  1177  007E88  EF48  F03F         	
  1178                           l256:
  1179  007E8C                     	goto	l825
  1180  007E8C  EF48  F03F         	line	29
  1181                           	
  1182                           l257:
  1183  007E90                     	line	30
  1184                           	
  1185                           l825:
  1186  007E90                     	bcf	status,0
  1187  007E90  90D8               	rlcf	((c:___awdiv@quotient)),c
  1188  007E92  3607               	rlcf	((c:___awdiv@quotient+1)),c
  1189  007E94  3608               	line	31
  1190                           	
  1191                           l827:
  1192  007E96                     		movf	((c:___awdiv@divisor)),c,w
  1193  007E96  5003               	subwf	((c:___awdiv@dividend)),c,w
  1194  007E98  5C01               	movf	((c:___awdiv@divisor+1)),c,w
  1195  007E9A  5004               	subwfb	((c:___awdiv@dividend+1)),c,w
  1196  007E9C  5802               	btfss	status,0
  1197  007E9E  A0D8               	goto	u131
  1198  007EA0  EF54  F03F         	goto	u130
  1199  007EA4  EF56  F03F         
  1200                           u131:
  1201  007EA8                     	goto	l833
  1202  007EA8  EF5D  F03F         u130:
  1203  007EAC                     	line	32
  1204                           	
  1205                           l829:
  1206  007EAC                     	movf	((c:___awdiv@divisor)),c,w
  1207  007EAC  5003               	subwf	((c:___awdiv@dividend)),c
  1208  007EAE  5E01               	movf	((c:___awdiv@divisor+1)),c,w
  1209  007EB0  5004               	subwfb	((c:___awdiv@dividend+1)),c
  1210  007EB2  5A02               
  1211                           	line	33
  1212                           	
  1213                           l831:
  1214  007EB4                     	bsf	(0+(0/8)+(c:___awdiv@quotient)),c,(0)&7
  1215  007EB4  8007               	goto	l833
  1216  007EB6  EF5D  F03F         	line	34
  1217                           	
  1218                           l258:
  1219  007EBA                     	line	35
  1220                           	
  1221                           l833:
  1222  007EBA                     	bcf	status,0
  1223  007EBA  90D8               	rrcf	((c:___awdiv@divisor+1)),c
  1224  007EBC  3204               	rrcf	((c:___awdiv@divisor)),c
  1225  007EBE  3203               	line	36
  1226                           	
  1227                           l835:
  1228  007EC0                     	decfsz	((c:___awdiv@counter)),c
  1229  007EC0  2E05               	
  1230                           	goto	l825
  1231  007EC2  EF48  F03F         	goto	l837
  1232  007EC6  EF67  F03F         	
  1233                           l259:
  1234  007ECA                     	goto	l837
  1235  007ECA  EF67  F03F         	line	37
  1236                           	
  1237                           l253:
  1238  007ECE                     	line	38
  1239                           	
  1240                           l837:
  1241  007ECE                     	movf	((c:___awdiv@sign)),c,w
  1242  007ECE  5006               	btfsc	status,2
  1243  007ED0  B4D8               	goto	u141
  1244  007ED2  EF6D  F03F         	goto	u140
  1245  007ED6  EF6F  F03F         u141:
  1246  007EDA                     	goto	l841
  1247  007EDA  EF75  F03F         u140:
  1248  007EDE                     	line	39
  1249                           	
  1250                           l839:
  1251  007EDE                     	negf	((c:___awdiv@quotient)),c
  1252  007EDE  6C07               	comf	((c:___awdiv@quotient+1)),c
  1253  007EE0  1E08               	btfsc	status,0
  1254  007EE2  B0D8               	incf	((c:___awdiv@quotient+1)),c
  1255  007EE4  2A08               	goto	l841
  1256  007EE6  EF75  F03F         	
  1257                           l260:
  1258  007EEA                     	line	40
  1259                           	
  1260                           l841:
  1261  007EEA                     	movff	(c:___awdiv@quotient),(c:?___awdiv)
  1262  007EEA  C007  F001         	movff	(c:___awdiv@quotient+1),(c:?___awdiv+1)
  1263  007EEE  C008  F002         	goto	l261
  1264  007EF2  EF7B  F03F         	
  1265                           l843:
  1266  007EF6                     	line	41
  1267                           	
  1268                           l261:
  1269  007EF6                     	return	;funcret
  1270  007EF6  0012               	opt stack 0
  1271                           GLOBAL	__end_of___awdiv
  1272                           	__end_of___awdiv:
  1273  007EF8                     	signat	___awdiv,8314
  1274                           	GLOBAL	__activetblptr
  1275                           __activetblptr	EQU	0
  1276  0000                     	psect	intsave_regs,class=BIGRAM,space=1,noexec
  1277                           	PSECT	rparam,class=COMRAM,space=1,noexec
  1278                           	GLOBAL	__Lrparam
  1279                           	FNCONF	rparam,??,?
  1280                           	GLOBAL	___rparam_used
  1281                           	___rparam_used EQU 1
  1282  0000                     	GLOBAL	___param_bank
  1283                           	___param_bank EQU 0
  1284  0000                     GLOBAL	__Lparam, __Hparam
  1285                           GLOBAL	__Lrparam, __Hrparam
  1286                           __Lparam	EQU	__Lrparam
  1287  0000                     __Hparam	EQU	__Hrparam
  1288  0000                     	end


Data Sizes:
    Strings     0
    Constant    0
    Data        0
    BSS         0
    Persistent  0
    Stack       0

Auto Spaces:
    Space          Size  Autos    Used
    COMRAM           95     27      27
    BANK0           160      0       0
    BANK1           256      0       0
    BANK2           256      0       0
    BANK3           256      0       0
    BANK4           256      0       0
    BANK5           256      0       0
    BANK6           256      0       0
    BANK7           256      0       0

Pointer List with Targets:

    None.

Critical Paths under _main in COMRAM

    _main->___awdiv

Critical Paths under _main in BANK0

    None.

Critical Paths under _main in BANK1

    None.

Critical Paths under _main in BANK2

    None.

Critical Paths under _main in BANK3

    None.

Critical Paths under _main in BANK4

    None.

Critical Paths under _main in BANK5

    None.

Critical Paths under _main in BANK6

    None.

Critical Paths under _main in BANK7

    None.

Call Graph Tables:

 ---------------------------------------------------------------------------------
 (Depth) Function   	        Calls       Base Space   Used Autos Params    Refs
 ---------------------------------------------------------------------------------
 (0) _main                                                19    19      0    1106
                                              8 COMRAM    19    19      0
                            ___awdiv
                             ___wmul
 ---------------------------------------------------------------------------------
 (1) ___wmul                                               6     2      4     311
                                              0 COMRAM     6     2      4
 ---------------------------------------------------------------------------------
 (1) ___awdiv                                              8     4      4     452
                                              0 COMRAM     8     4      4
 ---------------------------------------------------------------------------------
 Estimated maximum stack depth 1
 ---------------------------------------------------------------------------------

 Call Graph Graphs:

 _main (ROOT)
   ___awdiv
   ___wmul

 Address spaces:
Name               Size   Autos  Total    Cost      Usage
BITCOMRAM           5F      0       0       0        0.0%
EEDATA             100      0       0       0        0.0%
NULL                 0      0       0       0        0.0%
CODE                 0      0       0       0        0.0%
COMRAM              5F     1B      1B       1       28.4%
STACK                0      0       0       2        0.0%
DATA                 0      0       0       3        0.0%
BITBANK0            A0      0       0       4        0.0%
BANK0               A0      0       0       5        0.0%
BITBANK1           100      0       0       6        0.0%
BANK1              100      0       0       7        0.0%
BITBANK2           100      0       0       8        0.0%
BANK2              100      0       0       9        0.0%
BITBANK3           100      0       0      10        0.0%
BANK3              100      0       0      11        0.0%
BITBANK4           100      0       0      12        0.0%
BANK4              100      0       0      13        0.0%
BITBANK5           100      0       0      14        0.0%
BANK5              100      0       0      15        0.0%
BITBANK6           100      0       0      16        0.0%
BANK6              100      0       0      17        0.0%
BITBANK7           100      0       0      18        0.0%
BANK7              100      0       0      19        0.0%
ABS                  0      0       0      20        0.0%
BIGRAM             7FF      0       0      21        0.0%
BITSFR               0      0       0     200        0.0%
SFR                  0      0       0     200        0.0%


Microchip Technology PIC18 Macro Assembler V2.00 build -1524193055 
Symbol Table                                                                                   Fri Jan 24 11:34:57 2025

                     l21 7F54                       l30 7E0A                       l22 7F40  
                     l23 7F76                       l24 7FCE                       l25 7FBE  
                     l26 7FF0                       l27 7FFC                       u90 7E1E  
                     u91 7E1A             ___awdiv@sign 0006      ___wmul@multiplicand 0003  
                    l251 7E2E                      l260 7EEA                      l252 7E4C  
                    l261 7EF6                      l253 7ECE                      l254 7E7A  
                    l255 7E6E                      l256 7E8C                      l257 7E90  
                    l258 7EBA                      l259 7ECA                      l801 7E0C  
                    l811 7E3C                      l803 7E10                      l821 7E6E  
                    l813 7E44                      l805 7E1E                      l831 7EB4  
                    l823 7E7A                      l815 7E4C                      l807 7E26  
                    l841 7EEA                      l833 7EBA                      l825 7E90  
                    l817 7E54                      l809 7E2E                      l843 7EF6  
                    l835 7EC0                      l827 7E96                      l819 7E66  
                    l851 7F28                      l829 7EAC                      l837 7ECE  
                    l861 7F54                      l853 7F2C                      l845 7EF8  
                    l839 7EDE                      l871 7FAE                      l863 7F76  
                    l855 7F34                      l847 7F08                      l881 7FF0  
                    l873 7FB2                      l865 7F7A                      l857 7F40  
                    l849 7F24                      l795 7DE2                      l883 7FF4  
                    l875 7FBE                      l867 7F8E                      l859 7F4C  
                    l797 7DFE                      l885 7FFC                      l877 7FC6  
                    l869 7FAA                      l799 7E0A                      l879 7FCE  
                    u100 7E3C                      u101 7E38                      u110 7E66  
                    u111 7E62                      u120 7E88                      u121 7E84  
                    u130 7EAC                      u131 7EA8                      u140 7EDE  
                    u141 7EDA                      u150 7F72                      u151 7F6E  
                    u160 7FEC                      u161 7FE8                     _main 7EF8  
                   prodh 000FF4                     prodl 000FF3                     start 0000  
           ___param_bank 000000                    ?_main 0001          __end_of___awdiv 7EF8  
        ___awdiv@divisor 0003          ___awdiv@counter 0005                    _PORTA 000F80  
                  _PORTB 000F81                    _PORTC 000F82                    _PORTD 000F83  
                  _TRISA 000F92                    _TRISB 000F93                    _TRISC 000F94  
                  _TRISD 000F95                    main@a 0012                    main@b 0014  
                  main@c 000A                    main@d 0016                    main@e 000C  
                  main@f 0010                    main@i 000E                    main@x 0018  
                  main@y 001A                    status 000FD8          __initialization 7DDC  
           __end_of_main 8000                   ??_main 0009            __activetblptr 000000  
       ___awdiv@dividend 0001                   ___wmul 7DE2                ??___awdiv 0005  
       ___awdiv@quotient 0007               __accesstop 0060  __end_of__initialization 7DDC  
          ___rparam_used 000001           __pcstackCOMRAM 0001                  ?___wmul 0001  
                __Hparam 0000                  __Lparam 0000                  ___awdiv 7E0C  
        __size_of___wmul 002A                  __pcinit 7DDC                  __ramtop 0800  
                __ptext0 7EF8                  __ptext1 7DE2                  __ptext2 7E0C  
   end_of_initialization 7DDC           __end_of___wmul 7E0C      start_initialization 7DDC  
               ??___wmul 0005                 ?___awdiv 0001           ___wmul@product 0005  
      ___wmul@multiplier 0001                 __Hrparam 0000                 __Lrparam 0000  
       __size_of___awdiv 00EC            __size_of_main 0108  
