

Microchip Technology PIC18 LITE Macro Assembler V2.00 build -1524193055 
                                                                                               Fri Jan 17 10:12:45 2025

Microchip Technology Omniscient Code Generator v2.00 (Free mode) build 20180527130849
     1  0000                     
     2                           ; Version 2.00
     3                           ; Generated 27/05/2018 GMT
     4                           
     5                           ; 
     6                           ; Copyright © 2018, Microchip Technology Inc. and its subsidiaries ("Microchip")
     7                           ; All rights reserved.
     8                           ; 
     9                           ; This software is developed by Microchip Technology Inc. and its subsidiaries ("Microch
                                 ip").
    10                           ; 
    11                           ; Redistribution and use in source and binary forms, with or without modification, are
    12                           ; permitted provided that the following conditions are met:
    13                           ; 
    14                           ;     1. Redistributions of source code must retain the above copyright notice, this lis
                                 t of
    15                           ;        conditions and the following disclaimer.
    16                           ; 
    17                           ;     2. Redistributions in binary form must reproduce the above copyright notice, this 
                                 list
    18                           ;        of conditions and the following disclaimer in the documentation and/or other
    19                           ;        materials provided with the distribution.
    20                           ; 
    21                           ;     3. Microchip's name may not be used to endorse or promote products derived from th
                                 is
    22                           ;        software without specific prior written permission.
    23                           ; 
    24                           ; THIS SOFTWARE IS PROVIDED BY MICROCHIP "AS IS" AND ANY EXPRESS OR IMPLIED WARRANTIES,

    25                           ; INCLUDING, BUT NOT LIMITED TO, THE IMPLIED WARRANTIES OF MERCHANTABILITY AND FITNESS F
                                 OR
    26                           ; PURPOSE ARE DISCLAIMED.  IN NO EVENT SHALL MICROCHIP BE LIABLE FOR ANY DIRECT, INDIREC
                                 T,
    27                           ; INCIDENTAL, SPECIAL, EXEMPLARY, OR CONSEQUENTIAL DAMAGES (INCLUDING BUT NOT LIMITED TO
                                 
    28                           ; PROCUREMENT OF SUBSTITUTE GOODS OR SERVICES; LOSS OF USE, DATA OR PROFITS; OR BUSINESS
                                 
    29                           ; INTERRUPTION) HOWSOEVER CAUSED AND ON ANY THEORY OF LIABILITY, WHETHER IN CONTRACT, ST
                                 RICT
    30                           ; LIABILITY, OR TORT (INCLUDING NEGLIGENCE OR OTHERWISE) ARISING IN ANY WAY OUT OF THE U
                                 SE OF
    31                           ; THIS SOFTWARE, EVEN IF ADVISED OF THE POSSIBILITY OF SUCH DAMAGE.
    32                           ; 
    33                           
    34                           
    35                           ; 
    36                           ; Code-generator required, PIC18F4550 Definitions
    37                           ; 
    38  0000                     fsr0 equ 0FE9h
    39  0000                     fsr0h equ 0FEAh
    40  0000                     fsr0l equ 0FE9h
    41  0000                     fsr1 equ 0FE1h
    42  0000                     fsr1h equ 0FE2h
    43  0000                     fsr1l equ 0FE1h
    44  0000                     fsr2 equ 0FD9h
    45  0000                     fsr2h equ 0FDAh
    46  0000                     fsr2l equ 0FD9h
    47  0000                     indf0 equ 0FEFh
    48  0000                     indf1 equ 0FE7h
    49  0000                     indf2 equ 0FDFh
    50  0000                     intcon equ 0FF2h
    51  0000                     nvmcon equ 00h
    52  0000                     pcl equ 0FF9h
    53  0000                     pclath equ 0FFAh
    54  0000                     pclatu equ 0FFBh
    55  0000                     plusw0 equ 0FEBh
    56  0000                     plusw1 equ 0FE3h
    57  0000                     plusw2 equ 0FDBh
    58  0000                     postdec0 equ 0FEDh
    59  0000                     postdec1 equ 0FE5h
    60  0000                     postdec2 equ 0FDDh
    61  0000                     postinc0 equ 0FEEh
    62  0000                     postinc1 equ 0FE6h
    63  0000                     postinc2 equ 0FDEh
    64  0000                     preinc0 equ 0FECh
    65  0000                     preinc1 equ 0FE4h
    66  0000                     preinc2 equ 0FDCh
    67  0000                     prod equ 0FF3h
    68  0000                     prodh equ 0FF4h
    69  0000                     prodl equ 0FF3h
    70  0000                     status equ 0FD8h
    71  0000                     tablat equ 0FF5h
    72  0000                     tblptr equ 0FF6h
    73  0000                     tblptrh equ 0FF7h
    74  0000                     tblptrl equ 0FF6h
    75  0000                     tblptru equ 0FF8h
    76  0000                     tosl equ 0FFDh
    77  0000                     wreg equ 0FE8h
    78  0000                     
     2                           opt pagewidth 120
     3  0000                     byte0	macro	val
     4                           	(getbyte(val,0))
     5                           endm
     6  0000                     byte1	macro	val
     7                           	(getbyte(val,1))
     8                           endm
     9  0000                     byte2	macro	val
    10                           	(getbyte(val,2))
    11                           endm
    12  0000                     byte3	macro	val
    13                           	(getbyte(val,3))
    14                           endm
    15  0000                     byte4	macro	val
    16                           	(getbyte(val,4))
    17                           endm
    18  0000                     byte5	macro	val
    19                           	(getbyte(val,5))
    20                           endm
    21  0000                     byte6	macro	val
    22                           	(getbyte(val,6))
    23                           endm
    24  0000                     byte7	macro	val
    25                           	(getbyte(val,7))
    26                           endm
    27  0000                     getword	macro	val,pos
    28                           	(((val) >> (8 * pos)) and 0xffff)
    29                           endm
    30  0000                     word0	macro	val
    31                           	(getword(val,0))
    32                           endm
    33  0000                     word1	macro	val
    34                           	(getword(val,2))
    35                           endm
    36  0000                     word2	macro	val
    37                           	(getword(val,4))
    38                           endm
    39  0000                     word3	macro	val
    40                           	(getword(val,6))
    41                           endm
    42  0000                     gettword	macro	val,pos
    43                           	(((val) >> (8 * pos)) and 0xffffff)
    44                           endm
    45  0000                     tword0	macro	val
    46                           	(gettword(val,0))
    47                           endm
    48  0000                     tword1	macro	val
    49                           	(gettword(val,3))
    50                           endm
    51  0000                     tword2	macro	val
    52                           	(gettword(val,6))
    53                           endm
    54  0000                     getdword	macro	val,pos
    55                           	(((val) >> (8 * pos)) and 0xffffffff)
    56                           endm
    57  0000                     dword0	macro	val
    58                           	(getdword(val,0))
    59                           endm
    60  0000                     dword1	macro	val
    61                           	(getdword(val,4))
    62                           endm
    63  0000                     clrc   macro
    64                           	bcf	status,0
    65                           endm
    66  0000                     setc   macro
    67                           	bsf	status,0
    68                           endm
    69  0000                     clrz   macro
    70                           	bcf	status,2
    71                           endm
    72  0000                     setz   macro
    73                           	bsf	status,2
    74                           endm
    75  0000                     skipnz macro
    76                           	btfsc	status,2
    77                           endm
    78  0000                     skipz  macro
    79                           	btfss	status,2
    80                           endm
    81  0000                     skipnc macro
    82                           	btfsc	status,0
    83                           endm
    84  0000                     skipc  macro
    85                           	btfss	status,0
    86                           endm
    87  0000                     pushw macro
    88                           	movwf postinc1
    89                           endm
    90  0000                     pushf macro arg1
    91                           	movff arg1, postinc1
    92                           endm
    93  0000                     popw macro
    94                           	movf postdec1,f
    95                           	movf indf1,w
    96                           endm
    97  0000                     popf macro arg1
    98                           	movf postdec1,f
    99                           	movff indf1,arg1
   100                           endm
   101  0000                     popfc macro arg1
   102                           	movff plusw1,arg1
   103                           	decfsz fsr1,f
   104                           endm
   105  0000                     	global	__ramtop
   106                           	global	__accesstop
   107                           # 54 "C:\Program Files (x86)\Microchip\xc8\v2.00\pic\include\pic18f4550.h"
   108                           SPPDATA equ 0F62h ;# 
   109  0000                     # 74 "C:\Program Files (x86)\Microchip\xc8\v2.00\pic\include\pic18f4550.h"
   110                           SPPCFG equ 0F63h ;# 
   111  0000                     # 151 "C:\Program Files (x86)\Microchip\xc8\v2.00\pic\include\pic18f4550.h"
   112                           SPPEPS equ 0F64h ;# 
   113  0000                     # 225 "C:\Program Files (x86)\Microchip\xc8\v2.00\pic\include\pic18f4550.h"
   114                           SPPCON equ 0F65h ;# 
   115  0000                     # 251 "C:\Program Files (x86)\Microchip\xc8\v2.00\pic\include\pic18f4550.h"
   116                           UFRM equ 0F66h ;# 
   117  0000                     # 258 "C:\Program Files (x86)\Microchip\xc8\v2.00\pic\include\pic18f4550.h"
   118                           UFRML equ 0F66h ;# 
   119  0000                     # 336 "C:\Program Files (x86)\Microchip\xc8\v2.00\pic\include\pic18f4550.h"
   120                           UFRMH equ 0F67h ;# 
   121  0000                     # 376 "C:\Program Files (x86)\Microchip\xc8\v2.00\pic\include\pic18f4550.h"
   122                           UIR equ 0F68h ;# 
   123  0000                     # 432 "C:\Program Files (x86)\Microchip\xc8\v2.00\pic\include\pic18f4550.h"
   124                           UIE equ 0F69h ;# 
   125  0000                     # 488 "C:\Program Files (x86)\Microchip\xc8\v2.00\pic\include\pic18f4550.h"
   126                           UEIR equ 0F6Ah ;# 
   127  0000                     # 539 "C:\Program Files (x86)\Microchip\xc8\v2.00\pic\include\pic18f4550.h"
   128                           UEIE equ 0F6Bh ;# 
   129  0000                     # 590 "C:\Program Files (x86)\Microchip\xc8\v2.00\pic\include\pic18f4550.h"
   130                           USTAT equ 0F6Ch ;# 
   131  0000                     # 650 "C:\Program Files (x86)\Microchip\xc8\v2.00\pic\include\pic18f4550.h"
   132                           UCON equ 0F6Dh ;# 
   133  0000                     # 701 "C:\Program Files (x86)\Microchip\xc8\v2.00\pic\include\pic18f4550.h"
   134                           UADDR equ 0F6Eh ;# 
   135  0000                     # 765 "C:\Program Files (x86)\Microchip\xc8\v2.00\pic\include\pic18f4550.h"
   136                           UCFG equ 0F6Fh ;# 
   137  0000                     # 844 "C:\Program Files (x86)\Microchip\xc8\v2.00\pic\include\pic18f4550.h"
   138                           UEP0 equ 0F70h ;# 
   139  0000                     # 952 "C:\Program Files (x86)\Microchip\xc8\v2.00\pic\include\pic18f4550.h"
   140                           UEP1 equ 0F71h ;# 
   141  0000                     # 1060 "C:\Program Files (x86)\Microchip\xc8\v2.00\pic\include\pic18f4550.h"
   142                           UEP2 equ 0F72h ;# 
   143  0000                     # 1168 "C:\Program Files (x86)\Microchip\xc8\v2.00\pic\include\pic18f4550.h"
   144                           UEP3 equ 0F73h ;# 
   145  0000                     # 1276 "C:\Program Files (x86)\Microchip\xc8\v2.00\pic\include\pic18f4550.h"
   146                           UEP4 equ 0F74h ;# 
   147  0000                     # 1384 "C:\Program Files (x86)\Microchip\xc8\v2.00\pic\include\pic18f4550.h"
   148                           UEP5 equ 0F75h ;# 
   149  0000                     # 1492 "C:\Program Files (x86)\Microchip\xc8\v2.00\pic\include\pic18f4550.h"
   150                           UEP6 equ 0F76h ;# 
   151  0000                     # 1600 "C:\Program Files (x86)\Microchip\xc8\v2.00\pic\include\pic18f4550.h"
   152                           UEP7 equ 0F77h ;# 
   153  0000                     # 1708 "C:\Program Files (x86)\Microchip\xc8\v2.00\pic\include\pic18f4550.h"
   154                           UEP8 equ 0F78h ;# 
   155  0000                     # 1784 "C:\Program Files (x86)\Microchip\xc8\v2.00\pic\include\pic18f4550.h"
   156                           UEP9 equ 0F79h ;# 
   157  0000                     # 1860 "C:\Program Files (x86)\Microchip\xc8\v2.00\pic\include\pic18f4550.h"
   158                           UEP10 equ 0F7Ah ;# 
   159  0000                     # 1936 "C:\Program Files (x86)\Microchip\xc8\v2.00\pic\include\pic18f4550.h"
   160                           UEP11 equ 0F7Bh ;# 
   161  0000                     # 2012 "C:\Program Files (x86)\Microchip\xc8\v2.00\pic\include\pic18f4550.h"
   162                           UEP12 equ 0F7Ch ;# 
   163  0000                     # 2088 "C:\Program Files (x86)\Microchip\xc8\v2.00\pic\include\pic18f4550.h"
   164                           UEP13 equ 0F7Dh ;# 
   165  0000                     # 2164 "C:\Program Files (x86)\Microchip\xc8\v2.00\pic\include\pic18f4550.h"
   166                           UEP14 equ 0F7Eh ;# 
   167  0000                     # 2240 "C:\Program Files (x86)\Microchip\xc8\v2.00\pic\include\pic18f4550.h"
   168                           UEP15 equ 0F7Fh ;# 
   169  0000                     # 2316 "C:\Program Files (x86)\Microchip\xc8\v2.00\pic\include\pic18f4550.h"
   170                           PORTA equ 0F80h ;# 
   171  0000                     # 2455 "C:\Program Files (x86)\Microchip\xc8\v2.00\pic\include\pic18f4550.h"
   172                           PORTB equ 0F81h ;# 
   173  0000                     # 2565 "C:\Program Files (x86)\Microchip\xc8\v2.00\pic\include\pic18f4550.h"
   174                           PORTC equ 0F82h ;# 
   175  0000                     # 2707 "C:\Program Files (x86)\Microchip\xc8\v2.00\pic\include\pic18f4550.h"
   176                           PORTD equ 0F83h ;# 
   177  0000                     # 2828 "C:\Program Files (x86)\Microchip\xc8\v2.00\pic\include\pic18f4550.h"
   178                           PORTE equ 0F84h ;# 
   179  0000                     # 2975 "C:\Program Files (x86)\Microchip\xc8\v2.00\pic\include\pic18f4550.h"
   180                           LATA equ 0F89h ;# 
   181  0000                     # 3075 "C:\Program Files (x86)\Microchip\xc8\v2.00\pic\include\pic18f4550.h"
   182                           LATB equ 0F8Ah ;# 
   183  0000                     # 3187 "C:\Program Files (x86)\Microchip\xc8\v2.00\pic\include\pic18f4550.h"
   184                           LATC equ 0F8Bh ;# 
   185  0000                     # 3265 "C:\Program Files (x86)\Microchip\xc8\v2.00\pic\include\pic18f4550.h"
   186                           LATD equ 0F8Ch ;# 
   187  0000                     # 3377 "C:\Program Files (x86)\Microchip\xc8\v2.00\pic\include\pic18f4550.h"
   188                           LATE equ 0F8Dh ;# 
   189  0000                     # 3429 "C:\Program Files (x86)\Microchip\xc8\v2.00\pic\include\pic18f4550.h"
   190                           TRISA equ 0F92h ;# 
   191  0000                     # 3434 "C:\Program Files (x86)\Microchip\xc8\v2.00\pic\include\pic18f4550.h"
   192                           DDRA equ 0F92h ;# 
   193  0000                     # 3627 "C:\Program Files (x86)\Microchip\xc8\v2.00\pic\include\pic18f4550.h"
   194                           TRISB equ 0F93h ;# 
   195  0000                     # 3632 "C:\Program Files (x86)\Microchip\xc8\v2.00\pic\include\pic18f4550.h"
   196                           DDRB equ 0F93h ;# 
   197  0000                     # 3849 "C:\Program Files (x86)\Microchip\xc8\v2.00\pic\include\pic18f4550.h"
   198                           TRISC equ 0F94h ;# 
   199  0000                     # 3854 "C:\Program Files (x86)\Microchip\xc8\v2.00\pic\include\pic18f4550.h"
   200                           DDRC equ 0F94h ;# 
   201  0000                     # 4003 "C:\Program Files (x86)\Microchip\xc8\v2.00\pic\include\pic18f4550.h"
   202                           TRISD equ 0F95h ;# 
   203  0000                     # 4008 "C:\Program Files (x86)\Microchip\xc8\v2.00\pic\include\pic18f4550.h"
   204                           DDRD equ 0F95h ;# 
   205  0000                     # 4225 "C:\Program Files (x86)\Microchip\xc8\v2.00\pic\include\pic18f4550.h"
   206                           TRISE equ 0F96h ;# 
   207  0000                     # 4230 "C:\Program Files (x86)\Microchip\xc8\v2.00\pic\include\pic18f4550.h"
   208                           DDRE equ 0F96h ;# 
   209  0000                     # 4327 "C:\Program Files (x86)\Microchip\xc8\v2.00\pic\include\pic18f4550.h"
   210                           OSCTUNE equ 0F9Bh ;# 
   211  0000                     # 4386 "C:\Program Files (x86)\Microchip\xc8\v2.00\pic\include\pic18f4550.h"
   212                           PIE1 equ 0F9Dh ;# 
   213  0000                     # 4470 "C:\Program Files (x86)\Microchip\xc8\v2.00\pic\include\pic18f4550.h"
   214                           PIR1 equ 0F9Eh ;# 
   215  0000                     # 4554 "C:\Program Files (x86)\Microchip\xc8\v2.00\pic\include\pic18f4550.h"
   216                           IPR1 equ 0F9Fh ;# 
   217  0000                     # 4638 "C:\Program Files (x86)\Microchip\xc8\v2.00\pic\include\pic18f4550.h"
   218                           PIE2 equ 0FA0h ;# 
   219  0000                     # 4709 "C:\Program Files (x86)\Microchip\xc8\v2.00\pic\include\pic18f4550.h"
   220                           PIR2 equ 0FA1h ;# 
   221  0000                     # 4780 "C:\Program Files (x86)\Microchip\xc8\v2.00\pic\include\pic18f4550.h"
   222                           IPR2 equ 0FA2h ;# 
   223  0000                     # 4851 "C:\Program Files (x86)\Microchip\xc8\v2.00\pic\include\pic18f4550.h"
   224                           EECON1 equ 0FA6h ;# 
   225  0000                     # 4917 "C:\Program Files (x86)\Microchip\xc8\v2.00\pic\include\pic18f4550.h"
   226                           EECON2 equ 0FA7h ;# 
   227  0000                     # 4924 "C:\Program Files (x86)\Microchip\xc8\v2.00\pic\include\pic18f4550.h"
   228                           EEDATA equ 0FA8h ;# 
   229  0000                     # 4931 "C:\Program Files (x86)\Microchip\xc8\v2.00\pic\include\pic18f4550.h"
   230                           EEADR equ 0FA9h ;# 
   231  0000                     # 4938 "C:\Program Files (x86)\Microchip\xc8\v2.00\pic\include\pic18f4550.h"
   232                           RCSTA equ 0FABh ;# 
   233  0000                     # 4943 "C:\Program Files (x86)\Microchip\xc8\v2.00\pic\include\pic18f4550.h"
   234                           RCSTA1 equ 0FABh ;# 
   235  0000                     # 5148 "C:\Program Files (x86)\Microchip\xc8\v2.00\pic\include\pic18f4550.h"
   236                           TXSTA equ 0FACh ;# 
   237  0000                     # 5153 "C:\Program Files (x86)\Microchip\xc8\v2.00\pic\include\pic18f4550.h"
   238                           TXSTA1 equ 0FACh ;# 
   239  0000                     # 5404 "C:\Program Files (x86)\Microchip\xc8\v2.00\pic\include\pic18f4550.h"
   240                           TXREG equ 0FADh ;# 
   241  0000                     # 5409 "C:\Program Files (x86)\Microchip\xc8\v2.00\pic\include\pic18f4550.h"
   242                           TXREG1 equ 0FADh ;# 
   243  0000                     # 5416 "C:\Program Files (x86)\Microchip\xc8\v2.00\pic\include\pic18f4550.h"
   244                           RCREG equ 0FAEh ;# 
   245  0000                     # 5421 "C:\Program Files (x86)\Microchip\xc8\v2.00\pic\include\pic18f4550.h"
   246                           RCREG1 equ 0FAEh ;# 
   247  0000                     # 5428 "C:\Program Files (x86)\Microchip\xc8\v2.00\pic\include\pic18f4550.h"
   248                           SPBRG equ 0FAFh ;# 
   249  0000                     # 5433 "C:\Program Files (x86)\Microchip\xc8\v2.00\pic\include\pic18f4550.h"
   250                           SPBRG1 equ 0FAFh ;# 
   251  0000                     # 5440 "C:\Program Files (x86)\Microchip\xc8\v2.00\pic\include\pic18f4550.h"
   252                           SPBRGH equ 0FB0h ;# 
   253  0000                     # 5447 "C:\Program Files (x86)\Microchip\xc8\v2.00\pic\include\pic18f4550.h"
   254                           T3CON equ 0FB1h ;# 
   255  0000                     # 5568 "C:\Program Files (x86)\Microchip\xc8\v2.00\pic\include\pic18f4550.h"
   256                           TMR3 equ 0FB2h ;# 
   257  0000                     # 5575 "C:\Program Files (x86)\Microchip\xc8\v2.00\pic\include\pic18f4550.h"
   258                           TMR3L equ 0FB2h ;# 
   259  0000                     # 5582 "C:\Program Files (x86)\Microchip\xc8\v2.00\pic\include\pic18f4550.h"
   260                           TMR3H equ 0FB3h ;# 
   261  0000                     # 5589 "C:\Program Files (x86)\Microchip\xc8\v2.00\pic\include\pic18f4550.h"
   262                           CMCON equ 0FB4h ;# 
   263  0000                     # 5679 "C:\Program Files (x86)\Microchip\xc8\v2.00\pic\include\pic18f4550.h"
   264                           CVRCON equ 0FB5h ;# 
   265  0000                     # 5764 "C:\Program Files (x86)\Microchip\xc8\v2.00\pic\include\pic18f4550.h"
   266                           ECCP1AS equ 0FB6h ;# 
   267  0000                     # 5769 "C:\Program Files (x86)\Microchip\xc8\v2.00\pic\include\pic18f4550.h"
   268                           CCP1AS equ 0FB6h ;# 
   269  0000                     # 5926 "C:\Program Files (x86)\Microchip\xc8\v2.00\pic\include\pic18f4550.h"
   270                           ECCP1DEL equ 0FB7h ;# 
   271  0000                     # 5931 "C:\Program Files (x86)\Microchip\xc8\v2.00\pic\include\pic18f4550.h"
   272                           CCP1DEL equ 0FB7h ;# 
   273  0000                     # 6064 "C:\Program Files (x86)\Microchip\xc8\v2.00\pic\include\pic18f4550.h"
   274                           BAUDCON equ 0FB8h ;# 
   275  0000                     # 6069 "C:\Program Files (x86)\Microchip\xc8\v2.00\pic\include\pic18f4550.h"
   276                           BAUDCTL equ 0FB8h ;# 
   277  0000                     # 6244 "C:\Program Files (x86)\Microchip\xc8\v2.00\pic\include\pic18f4550.h"
   278                           CCP2CON equ 0FBAh ;# 
   279  0000                     # 6308 "C:\Program Files (x86)\Microchip\xc8\v2.00\pic\include\pic18f4550.h"
   280                           CCPR2 equ 0FBBh ;# 
   281  0000                     # 6315 "C:\Program Files (x86)\Microchip\xc8\v2.00\pic\include\pic18f4550.h"
   282                           CCPR2L equ 0FBBh ;# 
   283  0000                     # 6322 "C:\Program Files (x86)\Microchip\xc8\v2.00\pic\include\pic18f4550.h"
   284                           CCPR2H equ 0FBCh ;# 
   285  0000                     # 6329 "C:\Program Files (x86)\Microchip\xc8\v2.00\pic\include\pic18f4550.h"
   286                           CCP1CON equ 0FBDh ;# 
   287  0000                     # 6334 "C:\Program Files (x86)\Microchip\xc8\v2.00\pic\include\pic18f4550.h"
   288                           ECCP1CON equ 0FBDh ;# 
   289  0000                     # 6491 "C:\Program Files (x86)\Microchip\xc8\v2.00\pic\include\pic18f4550.h"
   290                           CCPR1 equ 0FBEh ;# 
   291  0000                     # 6498 "C:\Program Files (x86)\Microchip\xc8\v2.00\pic\include\pic18f4550.h"
   292                           CCPR1L equ 0FBEh ;# 
   293  0000                     # 6505 "C:\Program Files (x86)\Microchip\xc8\v2.00\pic\include\pic18f4550.h"
   294                           CCPR1H equ 0FBFh ;# 
   295  0000                     # 6512 "C:\Program Files (x86)\Microchip\xc8\v2.00\pic\include\pic18f4550.h"
   296                           ADCON2 equ 0FC0h ;# 
   297  0000                     # 6583 "C:\Program Files (x86)\Microchip\xc8\v2.00\pic\include\pic18f4550.h"
   298                           ADCON1 equ 0FC1h ;# 
   299  0000                     # 6668 "C:\Program Files (x86)\Microchip\xc8\v2.00\pic\include\pic18f4550.h"
   300                           ADCON0 equ 0FC2h ;# 
   301  0000                     # 6787 "C:\Program Files (x86)\Microchip\xc8\v2.00\pic\include\pic18f4550.h"
   302                           ADRES equ 0FC3h ;# 
   303  0000                     # 6794 "C:\Program Files (x86)\Microchip\xc8\v2.00\pic\include\pic18f4550.h"
   304                           ADRESL equ 0FC3h ;# 
   305  0000                     # 6801 "C:\Program Files (x86)\Microchip\xc8\v2.00\pic\include\pic18f4550.h"
   306                           ADRESH equ 0FC4h ;# 
   307  0000                     # 6808 "C:\Program Files (x86)\Microchip\xc8\v2.00\pic\include\pic18f4550.h"
   308                           SSPCON2 equ 0FC5h ;# 
   309  0000                     # 6870 "C:\Program Files (x86)\Microchip\xc8\v2.00\pic\include\pic18f4550.h"
   310                           SSPCON1 equ 0FC6h ;# 
   311  0000                     # 6940 "C:\Program Files (x86)\Microchip\xc8\v2.00\pic\include\pic18f4550.h"
   312                           SSPSTAT equ 0FC7h ;# 
   313  0000                     # 7188 "C:\Program Files (x86)\Microchip\xc8\v2.00\pic\include\pic18f4550.h"
   314                           SSPADD equ 0FC8h ;# 
   315  0000                     # 7195 "C:\Program Files (x86)\Microchip\xc8\v2.00\pic\include\pic18f4550.h"
   316                           SSPBUF equ 0FC9h ;# 
   317  0000                     # 7202 "C:\Program Files (x86)\Microchip\xc8\v2.00\pic\include\pic18f4550.h"
   318                           T2CON equ 0FCAh ;# 
   319  0000                     # 7300 "C:\Program Files (x86)\Microchip\xc8\v2.00\pic\include\pic18f4550.h"
   320                           PR2 equ 0FCBh ;# 
   321  0000                     # 7305 "C:\Program Files (x86)\Microchip\xc8\v2.00\pic\include\pic18f4550.h"
   322                           MEMCON equ 0FCBh ;# 
   323  0000                     # 7410 "C:\Program Files (x86)\Microchip\xc8\v2.00\pic\include\pic18f4550.h"
   324                           TMR2 equ 0FCCh ;# 
   325  0000                     # 7417 "C:\Program Files (x86)\Microchip\xc8\v2.00\pic\include\pic18f4550.h"
   326                           T1CON equ 0FCDh ;# 
   327  0000                     # 7520 "C:\Program Files (x86)\Microchip\xc8\v2.00\pic\include\pic18f4550.h"
   328                           TMR1 equ 0FCEh ;# 
   329  0000                     # 7527 "C:\Program Files (x86)\Microchip\xc8\v2.00\pic\include\pic18f4550.h"
   330                           TMR1L equ 0FCEh ;# 
   331  0000                     # 7534 "C:\Program Files (x86)\Microchip\xc8\v2.00\pic\include\pic18f4550.h"
   332                           TMR1H equ 0FCFh ;# 
   333  0000                     # 7541 "C:\Program Files (x86)\Microchip\xc8\v2.00\pic\include\pic18f4550.h"
   334                           RCON equ 0FD0h ;# 
   335  0000                     # 7690 "C:\Program Files (x86)\Microchip\xc8\v2.00\pic\include\pic18f4550.h"
   336                           WDTCON equ 0FD1h ;# 
   337  0000                     # 7718 "C:\Program Files (x86)\Microchip\xc8\v2.00\pic\include\pic18f4550.h"
   338                           HLVDCON equ 0FD2h ;# 
   339  0000                     # 7723 "C:\Program Files (x86)\Microchip\xc8\v2.00\pic\include\pic18f4550.h"
   340                           LVDCON equ 0FD2h ;# 
   341  0000                     # 7988 "C:\Program Files (x86)\Microchip\xc8\v2.00\pic\include\pic18f4550.h"
   342                           OSCCON equ 0FD3h ;# 
   343  0000                     # 8071 "C:\Program Files (x86)\Microchip\xc8\v2.00\pic\include\pic18f4550.h"
   344                           T0CON equ 0FD5h ;# 
   345  0000                     # 8141 "C:\Program Files (x86)\Microchip\xc8\v2.00\pic\include\pic18f4550.h"
   346                           TMR0 equ 0FD6h ;# 
   347  0000                     # 8148 "C:\Program Files (x86)\Microchip\xc8\v2.00\pic\include\pic18f4550.h"
   348                           TMR0L equ 0FD6h ;# 
   349  0000                     # 8155 "C:\Program Files (x86)\Microchip\xc8\v2.00\pic\include\pic18f4550.h"
   350                           TMR0H equ 0FD7h ;# 
   351  0000                     # 8162 "C:\Program Files (x86)\Microchip\xc8\v2.00\pic\include\pic18f4550.h"
   352                           STATUS equ 0FD8h ;# 
   353  0000                     # 8233 "C:\Program Files (x86)\Microchip\xc8\v2.00\pic\include\pic18f4550.h"
   354                           FSR2 equ 0FD9h ;# 
   355  0000                     # 8240 "C:\Program Files (x86)\Microchip\xc8\v2.00\pic\include\pic18f4550.h"
   356                           FSR2L equ 0FD9h ;# 
   357  0000                     # 8247 "C:\Program Files (x86)\Microchip\xc8\v2.00\pic\include\pic18f4550.h"
   358                           FSR2H equ 0FDAh ;# 
   359  0000                     # 8254 "C:\Program Files (x86)\Microchip\xc8\v2.00\pic\include\pic18f4550.h"
   360                           PLUSW2 equ 0FDBh ;# 
   361  0000                     # 8261 "C:\Program Files (x86)\Microchip\xc8\v2.00\pic\include\pic18f4550.h"
   362                           PREINC2 equ 0FDCh ;# 
   363  0000                     # 8268 "C:\Program Files (x86)\Microchip\xc8\v2.00\pic\include\pic18f4550.h"
   364                           POSTDEC2 equ 0FDDh ;# 
   365  0000                     # 8275 "C:\Program Files (x86)\Microchip\xc8\v2.00\pic\include\pic18f4550.h"
   366                           POSTINC2 equ 0FDEh ;# 
   367  0000                     # 8282 "C:\Program Files (x86)\Microchip\xc8\v2.00\pic\include\pic18f4550.h"
   368                           INDF2 equ 0FDFh ;# 
   369  0000                     # 8289 "C:\Program Files (x86)\Microchip\xc8\v2.00\pic\include\pic18f4550.h"
   370                           BSR equ 0FE0h ;# 
   371  0000                     # 8296 "C:\Program Files (x86)\Microchip\xc8\v2.00\pic\include\pic18f4550.h"
   372                           FSR1 equ 0FE1h ;# 
   373  0000                     # 8303 "C:\Program Files (x86)\Microchip\xc8\v2.00\pic\include\pic18f4550.h"
   374                           FSR1L equ 0FE1h ;# 
   375  0000                     # 8310 "C:\Program Files (x86)\Microchip\xc8\v2.00\pic\include\pic18f4550.h"
   376                           FSR1H equ 0FE2h ;# 
   377  0000                     # 8317 "C:\Program Files (x86)\Microchip\xc8\v2.00\pic\include\pic18f4550.h"
   378                           PLUSW1 equ 0FE3h ;# 
   379  0000                     # 8324 "C:\Program Files (x86)\Microchip\xc8\v2.00\pic\include\pic18f4550.h"
   380                           PREINC1 equ 0FE4h ;# 
   381  0000                     # 8331 "C:\Program Files (x86)\Microchip\xc8\v2.00\pic\include\pic18f4550.h"
   382                           POSTDEC1 equ 0FE5h ;# 
   383  0000                     # 8338 "C:\Program Files (x86)\Microchip\xc8\v2.00\pic\include\pic18f4550.h"
   384                           POSTINC1 equ 0FE6h ;# 
   385  0000                     # 8345 "C:\Program Files (x86)\Microchip\xc8\v2.00\pic\include\pic18f4550.h"
   386                           INDF1 equ 0FE7h ;# 
   387  0000                     # 8352 "C:\Program Files (x86)\Microchip\xc8\v2.00\pic\include\pic18f4550.h"
   388                           WREG equ 0FE8h ;# 
   389  0000                     # 8359 "C:\Program Files (x86)\Microchip\xc8\v2.00\pic\include\pic18f4550.h"
   390                           FSR0 equ 0FE9h ;# 
   391  0000                     # 8366 "C:\Program Files (x86)\Microchip\xc8\v2.00\pic\include\pic18f4550.h"
   392                           FSR0L equ 0FE9h ;# 
   393  0000                     # 8373 "C:\Program Files (x86)\Microchip\xc8\v2.00\pic\include\pic18f4550.h"
   394                           FSR0H equ 0FEAh ;# 
   395  0000                     # 8380 "C:\Program Files (x86)\Microchip\xc8\v2.00\pic\include\pic18f4550.h"
   396                           PLUSW0 equ 0FEBh ;# 
   397  0000                     # 8387 "C:\Program Files (x86)\Microchip\xc8\v2.00\pic\include\pic18f4550.h"
   398                           PREINC0 equ 0FECh ;# 
   399  0000                     # 8394 "C:\Program Files (x86)\Microchip\xc8\v2.00\pic\include\pic18f4550.h"
   400                           POSTDEC0 equ 0FEDh ;# 
   401  0000                     # 8401 "C:\Program Files (x86)\Microchip\xc8\v2.00\pic\include\pic18f4550.h"
   402                           POSTINC0 equ 0FEEh ;# 
   403  0000                     # 8408 "C:\Program Files (x86)\Microchip\xc8\v2.00\pic\include\pic18f4550.h"
   404                           INDF0 equ 0FEFh ;# 
   405  0000                     # 8415 "C:\Program Files (x86)\Microchip\xc8\v2.00\pic\include\pic18f4550.h"
   406                           INTCON3 equ 0FF0h ;# 
   407  0000                     # 8507 "C:\Program Files (x86)\Microchip\xc8\v2.00\pic\include\pic18f4550.h"
   408                           INTCON2 equ 0FF1h ;# 
   409  0000                     # 8584 "C:\Program Files (x86)\Microchip\xc8\v2.00\pic\include\pic18f4550.h"
   410                           INTCON equ 0FF2h ;# 
   411  0000                     # 8701 "C:\Program Files (x86)\Microchip\xc8\v2.00\pic\include\pic18f4550.h"
   412                           PROD equ 0FF3h ;# 
   413  0000                     # 8708 "C:\Program Files (x86)\Microchip\xc8\v2.00\pic\include\pic18f4550.h"
   414                           PRODL equ 0FF3h ;# 
   415  0000                     # 8715 "C:\Program Files (x86)\Microchip\xc8\v2.00\pic\include\pic18f4550.h"
   416                           PRODH equ 0FF4h ;# 
   417  0000                     # 8722 "C:\Program Files (x86)\Microchip\xc8\v2.00\pic\include\pic18f4550.h"
   418                           TABLAT equ 0FF5h ;# 
   419  0000                     # 8731 "C:\Program Files (x86)\Microchip\xc8\v2.00\pic\include\pic18f4550.h"
   420                           TBLPTR equ 0FF6h ;# 
   421  0000                     # 8738 "C:\Program Files (x86)\Microchip\xc8\v2.00\pic\include\pic18f4550.h"
   422                           TBLPTRL equ 0FF6h ;# 
   423  0000                     # 8745 "C:\Program Files (x86)\Microchip\xc8\v2.00\pic\include\pic18f4550.h"
   424                           TBLPTRH equ 0FF7h ;# 
   425  0000                     # 8752 "C:\Program Files (x86)\Microchip\xc8\v2.00\pic\include\pic18f4550.h"
   426                           TBLPTRU equ 0FF8h ;# 
   427  0000                     # 8761 "C:\Program Files (x86)\Microchip\xc8\v2.00\pic\include\pic18f4550.h"
   428                           PCLAT equ 0FF9h ;# 
   429  0000                     # 8768 "C:\Program Files (x86)\Microchip\xc8\v2.00\pic\include\pic18f4550.h"
   430                           PC equ 0FF9h ;# 
   431  0000                     # 8775 "C:\Program Files (x86)\Microchip\xc8\v2.00\pic\include\pic18f4550.h"
   432                           PCL equ 0FF9h ;# 
   433  0000                     # 8782 "C:\Program Files (x86)\Microchip\xc8\v2.00\pic\include\pic18f4550.h"
   434                           PCLATH equ 0FFAh ;# 
   435  0000                     # 8789 "C:\Program Files (x86)\Microchip\xc8\v2.00\pic\include\pic18f4550.h"
   436                           PCLATU equ 0FFBh ;# 
   437  0000                     # 8796 "C:\Program Files (x86)\Microchip\xc8\v2.00\pic\include\pic18f4550.h"
   438                           STKPTR equ 0FFCh ;# 
   439  0000                     # 8872 "C:\Program Files (x86)\Microchip\xc8\v2.00\pic\include\pic18f4550.h"
   440                           TOS equ 0FFDh ;# 
   441  0000                     # 8879 "C:\Program Files (x86)\Microchip\xc8\v2.00\pic\include\pic18f4550.h"
   442                           TOSL equ 0FFDh ;# 
   443  0000                     # 8886 "C:\Program Files (x86)\Microchip\xc8\v2.00\pic\include\pic18f4550.h"
   444                           TOSH equ 0FFEh ;# 
   445  0000                     # 8893 "C:\Program Files (x86)\Microchip\xc8\v2.00\pic\include\pic18f4550.h"
   446                           TOSU equ 0FFFh ;# 
   447  0000                     	FNROOT	_main
   448                           	global	main@F3159
   449                           psect	idataCOMRAM,class=CODE,space=0,delta=1,noexec
   450                           global __pidataCOMRAM
   451                           __pidataCOMRAM:
   452  007F26                     	file	"newmain.c"
   453                           	line	84
   454                           
   455                           ;initializer for main@F3159
   456                           	dw	(01h)&0ffffh
   457  007F26  0001               	dw	(023h)&0ffffh
   458  007F28  0023               	dw	(045h)&0ffffh
   459  007F2A  0045               	dw	(067h)&0ffffh
   460  007F2C  0067               	dw	(089h)&0ffffh
   461  007F2E  0089               	dw	(0ABh)&0ffffh
   462  007F30  00AB               	dw	(0CDh)&0ffffh
   463  007F32  00CD               	dw	(0EFh)&0ffffh
   464  007F34  00EF               	dw	(011h)&0ffffh
   465  007F36  0011               	dw	(022h)&0ffffh
   466  007F38  0022               	global	_PORTB
   467                           _PORTB	set	0xF81
   468  0000                     	global	_TRISB
   469                           _TRISB	set	0xF93
   470  0000                     ; #config settings
   471                           global __CFG_PLLDIV$1
   472                           __CFG_PLLDIV$1 equ 0x0
   473  0000                     global __CFG_CPUDIV$OSC1_PLL2
   474                           __CFG_CPUDIV$OSC1_PLL2 equ 0x0
   475  0000                     global __CFG_USBDIV$1
   476                           __CFG_USBDIV$1 equ 0x0
   477  0000                     global __CFG_FOSC$INTOSCIO_EC
   478                           __CFG_FOSC$INTOSCIO_EC equ 0x0
   479  0000                     global __CFG_FCMEN$OFF
   480                           __CFG_FCMEN$OFF equ 0x0
   481  0000                     global __CFG_IESO$OFF
   482                           __CFG_IESO$OFF equ 0x0
   483  0000                     global __CFG_PWRT$OFF
   484                           __CFG_PWRT$OFF equ 0x0
   485  0000                     global __CFG_BOR$OFF
   486                           __CFG_BOR$OFF equ 0x0
   487  0000                     global __CFG_BORV$3
   488                           __CFG_BORV$3 equ 0x0
   489  0000                     global __CFG_VREGEN$OFF
   490                           __CFG_VREGEN$OFF equ 0x0
   491  0000                     global __CFG_WDT$OFF
   492                           __CFG_WDT$OFF equ 0x0
   493  0000                     global __CFG_WDTPS$32768
   494                           __CFG_WDTPS$32768 equ 0x0
   495  0000                     global __CFG_CCP2MX$ON
   496                           __CFG_CCP2MX$ON equ 0x0
   497  0000                     global __CFG_PBADEN$ON
   498                           __CFG_PBADEN$ON equ 0x0
   499  0000                     global __CFG_LPT1OSC$OFF
   500                           __CFG_LPT1OSC$OFF equ 0x0
   501  0000                     global __CFG_MCLRE$OFF
   502                           __CFG_MCLRE$OFF equ 0x0
   503  0000                     global __CFG_STVREN$ON
   504                           __CFG_STVREN$ON equ 0x0
   505  0000                     global __CFG_LVP$ON
   506                           __CFG_LVP$ON equ 0x0
   507  0000                     global __CFG_ICPRT$OFF
   508                           __CFG_ICPRT$OFF equ 0x0
   509  0000                     global __CFG_XINST$OFF
   510                           __CFG_XINST$OFF equ 0x0
   511  0000                     global __CFG_CP0$OFF
   512                           __CFG_CP0$OFF equ 0x0
   513  0000                     global __CFG_CP1$OFF
   514                           __CFG_CP1$OFF equ 0x0
   515  0000                     global __CFG_CP2$OFF
   516                           __CFG_CP2$OFF equ 0x0
   517  0000                     global __CFG_CP3$OFF
   518                           __CFG_CP3$OFF equ 0x0
   519  0000                     global __CFG_CPB$OFF
   520                           __CFG_CPB$OFF equ 0x0
   521  0000                     global __CFG_CPD$OFF
   522                           __CFG_CPD$OFF equ 0x0
   523  0000                     global __CFG_WRT0$OFF
   524                           __CFG_WRT0$OFF equ 0x0
   525  0000                     global __CFG_WRT1$OFF
   526                           __CFG_WRT1$OFF equ 0x0
   527  0000                     global __CFG_WRT2$OFF
   528                           __CFG_WRT2$OFF equ 0x0
   529  0000                     global __CFG_WRT3$OFF
   530                           __CFG_WRT3$OFF equ 0x0
   531  0000                     global __CFG_WRTC$OFF
   532                           __CFG_WRTC$OFF equ 0x0
   533  0000                     global __CFG_WRTB$OFF
   534                           __CFG_WRTB$OFF equ 0x0
   535  0000                     global __CFG_WRTD$OFF
   536                           __CFG_WRTD$OFF equ 0x0
   537  0000                     global __CFG_EBTR0$OFF
   538                           __CFG_EBTR0$OFF equ 0x0
   539  0000                     global __CFG_EBTR1$OFF
   540                           __CFG_EBTR1$OFF equ 0x0
   541  0000                     global __CFG_EBTR2$OFF
   542                           __CFG_EBTR2$OFF equ 0x0
   543  0000                     global __CFG_EBTR3$OFF
   544                           __CFG_EBTR3$OFF equ 0x0
   545  0000                     global __CFG_EBTRB$OFF
   546                           __CFG_EBTRB$OFF equ 0x0
   547  0000                     	file	"C:\Users\student\AppData\Local\Temp\s77c."
   548                           	line	#
   549                           psect	cinit,class=CODE,delta=1,reloc=2
   550                           global __pcinit
   551                           __pcinit:
   552  007F3A                     global start_initialization
   553                           start_initialization:
   554  007F3A                     
   555                           global __initialization
   556                           __initialization:
   557  007F3A                     psect	dataCOMRAM,class=COMRAM,space=1,noexec
   558                           global __pdataCOMRAM
   559                           __pdataCOMRAM:
   560  00001B                     	file	"newmain.c"
   561                           	line	84
   562                           main@F3159:
   563  00001B                            ds      20
   564  00001B                     	file	"C:\Users\student\AppData\Local\Temp\s77c."
   565                           	line	#
   566                           psect	cinit
   567                           ; Initialize objects allocated to COMRAM (20 bytes)
   568                           	global __pidataCOMRAM
   569                           	; load TBLPTR registers with __pidataCOMRAM
   570                           	movlw	low (__pidataCOMRAM)
   571  007F3A  0E26               	movwf	tblptrl
   572  007F3C  6EF6               	movlw	high(__pidataCOMRAM)
   573  007F3E  0E7F               	movwf	tblptrh
   574  007F40  6EF7               	movlw	low highword(__pidataCOMRAM)
   575  007F42  0E00               	movwf	tblptru
   576  007F44  6EF8               	lfsr	0,__pdataCOMRAM
   577  007F46  EE00  F01B         	lfsr	1,20
   578  007F4A  EE10 F014          	copy_data0:
   579  007F4E                     	tblrd	*+
   580  007F4E  0009               	movff	tablat, postinc0
   581  007F50  CFF5 FFEE          	movf	postdec1,w
   582  007F54  50E5               	movf	fsr1l,w
   583  007F56  50E1               	bnz	copy_data0
   584  007F58  E1FA               psect cinit,class=CODE,delta=1
   585                           global end_of_initialization,__end_of__initialization
   586                           
   587                           ;End of C runtime variable initialization code
   588                           
   589                           end_of_initialization:
   590  007F5A                     __end_of__initialization:
   591  007F5A                     movlb 0
   592  007F5A  0100               goto _main	;jump to C main() function
   593  007F5C  EFB0  F03F         psect	cstackCOMRAM,class=COMRAM,space=1,noexec
   594                           global __pcstackCOMRAM
   595                           __pcstackCOMRAM:
   596  000001                     ?_main:	; 1 bytes @ 0x0
   597  000001                     ??_main:	; 1 bytes @ 0x0
   598  000001                     	ds   2
   599  000001                     	global	main@hexNums
   600                           main@hexNums:	; 20 bytes @ 0x2
   601  000003                     	ds   20
   602  000003                     	global	main@sum
   603                           main@sum:	; 2 bytes @ 0x16
   604  000017                     	ds   2
   605  000017                     	global	main@i
   606                           main@i:	; 2 bytes @ 0x18
   607  000019                     	ds   2
   608  000019                     ;!
   609                           ;!Data Sizes:
   610                           ;!    Strings     0
   611                           ;!    Constant    0
   612                           ;!    Data        20
   613                           ;!    BSS         0
   614                           ;!    Persistent  0
   615                           ;!    Stack       0
   616                           ;!
   617                           ;!Auto Spaces:
   618                           ;!    Space          Size  Autos    Used
   619                           ;!    COMRAM           95     26      46
   620                           ;!    BANK0           160      0       0
   621                           ;!    BANK1           256      0       0
   622                           ;!    BANK2           256      0       0
   623                           ;!    BANK3           256      0       0
   624                           ;!    BANK4           256      0       0
   625                           ;!    BANK5           256      0       0
   626                           ;!    BANK6           256      0       0
   627                           ;!    BANK7           256      0       0
   628                           
   629                           ;!
   630                           ;!Pointer List with Targets:
   631                           ;!
   632                           ;!    None.
   633                           
   634                           
   635                           ;!
   636                           ;!Critical Paths under _main in COMRAM
   637                           ;!
   638                           ;!    None.
   639                           ;!
   640                           ;!Critical Paths under _main in BANK0
   641                           ;!
   642                           ;!    None.
   643                           ;!
   644                           ;!Critical Paths under _main in BANK1
   645                           ;!
   646                           ;!    None.
   647                           ;!
   648                           ;!Critical Paths under _main in BANK2
   649                           ;!
   650                           ;!    None.
   651                           ;!
   652                           ;!Critical Paths under _main in BANK3
   653                           ;!
   654                           ;!    None.
   655                           ;!
   656                           ;!Critical Paths under _main in BANK4
   657                           ;!
   658                           ;!    None.
   659                           ;!
   660                           ;!Critical Paths under _main in BANK5
   661                           ;!
   662                           ;!    None.
   663                           ;!
   664                           ;!Critical Paths under _main in BANK6
   665                           ;!
   666                           ;!    None.
   667                           ;!
   668                           ;!Critical Paths under _main in BANK7
   669                           ;!
   670                           ;!    None.
   671                           
   672 ;;
   673 ;;Main: autosize = 0, tempsize = 2, incstack = 0, save=0
   674 ;;
   675                           
   676                           ;!
   677                           ;!Call Graph Tables:
   678                           ;!
   679                           ;! ---------------------------------------------------------------------------------
   680                           ;! (Depth) Function   	        Calls       Base Space   Used Autos Params    Refs
   681                           ;! ---------------------------------------------------------------------------------
   682                           ;! (0) _main                                                26    26      0      90
   683                           ;!                                              0 COMRAM    26    26      0
   684                           ;! ---------------------------------------------------------------------------------
   685                           ;! Estimated maximum stack depth 0
   686                           ;! ---------------------------------------------------------------------------------
   687                           ;!
   688                           ;! Call Graph Graphs:
   689                           ;!
   690                           ;! _main (ROOT)
   691                           ;!
   692                           
   693                           ;! Address spaces:
   694                           
   695                           ;!Name               Size   Autos  Total    Cost      Usage
   696                           ;!BIGRAM             7FF      0       0      21        0.0%
   697                           ;!EEDATA             100      0       0       0        0.0%
   698                           ;!BITBANK7           100      0       0      18        0.0%
   699                           ;!BANK7              100      0       0      19        0.0%
   700                           ;!BITBANK6           100      0       0      16        0.0%
   701                           ;!BANK6              100      0       0      17        0.0%
   702                           ;!BITBANK5           100      0       0      14        0.0%
   703                           ;!BANK5              100      0       0      15        0.0%
   704                           ;!BITBANK4           100      0       0      12        0.0%
   705                           ;!BANK4              100      0       0      13        0.0%
   706                           ;!BITBANK3           100      0       0      10        0.0%
   707                           ;!BANK3              100      0       0      11        0.0%
   708                           ;!BITBANK2           100      0       0       8        0.0%
   709                           ;!BANK2              100      0       0       9        0.0%
   710                           ;!BITBANK1           100      0       0       6        0.0%
   711                           ;!BANK1              100      0       0       7        0.0%
   712                           ;!BITBANK0            A0      0       0       4        0.0%
   713                           ;!BANK0               A0      0       0       5        0.0%
   714                           ;!BITCOMRAM           5F      0       0       0        0.0%
   715                           ;!COMRAM              5F     1A      2E       1       48.4%
   716                           ;!BITSFR               0      0       0     200        0.0%
   717                           ;!SFR                  0      0       0     200        0.0%
   718                           ;!STACK                0      0       0       2        0.0%
   719                           ;!NULL                 0      0       0       0        0.0%
   720                           ;!ABS                  0      0      2E      20        0.0%
   721                           ;!DATA                 0      0      2E       3        0.0%
   722                           ;!CODE                 0      0       0       0        0.0%
   723                           
   724                           	global	_main
   725                           
   726 ;; *************** function _main *****************
   727 ;; Defined at:
   728 ;;		line 84 in file "newmain.c"
   729 ;; Parameters:    Size  Location     Type
   730 ;;		None
   731 ;; Auto vars:     Size  Location     Type
   732 ;;  i               2   24[COMRAM] int 
   733 ;;  hexNums        20    2[COMRAM] int [10]
   734 ;;  sum             2   22[COMRAM] int 
   735 ;; Return value:  Size  Location     Type
   736 ;;                  1    wreg      void 
   737 ;; Registers used:
   738 ;;		wreg, fsr1l, fsr1h, fsr2l, fsr2h, status,2, status,0
   739 ;; Tracked objects:
   740 ;;		On entry : 0/0
   741 ;;		On exit  : 0/0
   742 ;;		Unchanged: 0/0
   743 ;; Data sizes:     COMRAM   BANK0   BANK1   BANK2   BANK3   BANK4   BANK5   BANK6   BANK7
   744 ;;      Params:         0       0       0       0       0       0       0       0       0
   745 ;;      Locals:        24       0       0       0       0       0       0       0       0
   746 ;;      Temps:          2       0       0       0       0       0       0       0       0
   747 ;;      Totals:        26       0       0       0       0       0       0       0       0
   748 ;;Total ram usage:       26 bytes
   749 ;; This function calls:
   750 ;;		Nothing
   751 ;; This function is called by:
   752 ;;		Startup code after reset
   753 ;; This function uses a non-reentrant model
   754 ;;
   755                           psect	text0,class=CODE,space=0,reloc=2,group=0
   756                           	file	"newmain.c"
   757                           	line	84
   758                           global __ptext0
   759                           __ptext0:
   760  007F60                     psect	text0
   761                           	file	"newmain.c"
   762                           	line	84
   763                           	global	__size_of_main
   764                           	__size_of_main	equ	__end_of_main-_main
   765  0000                     	
   766                           _main:
   767  007F60                     ;incstack = 0
   768                           	opt	stack 31
   769                           	line	85
   770                           	
   771                           l689:
   772  007F60                     ;newmain.c: 85:     int hexNums[10] = {0x01, 0x23, 0x45, 0x67, 0x89, 0xAB, 0xCD, 0xEF, 0
                                 x11,
   773                           	lfsr	2,(main@F3159)
   774  007F60  EE20  F01B         	lfsr	1,(main@hexNums)
   775  007F64  EE10  F003         	movlw	20-1
   776  007F68  0E13               u11:
   777  007F6A                     	movff	plusw2,plusw1
   778  007F6A  CFDB FFE3          	decf	wreg
   779  007F6E  06E8               	bc	u11
   780  007F70  E2FC               
   781                           	line	87
   782                           	
   783                           l691:
   784  007F72                     ;newmain.c: 87:     int sum=0;
   785                           	movlw	high(0)
   786  007F72  0E00               	movwf	((c:main@sum+1)),c
   787  007F74  6E18               	movlw	low(0)
   788  007F76  0E00               	movwf	((c:main@sum)),c
   789  007F78  6E17               	line	88
   790                           	
   791                           l693:
   792  007F7A                     ;newmain.c: 88:     for(int i=0;i<10;i++){
   793                           	movlw	high(0)
   794  007F7A  0E00               	movwf	((c:main@i+1)),c
   795  007F7C  6E1A               	movlw	low(0)
   796  007F7E  0E00               	movwf	((c:main@i)),c
   797  007F80  6E19               	
   798                           l695:
   799  007F82                     	btfsc	((c:main@i+1)),c,7
   800  007F82  BE1A               	goto	u21
   801  007F84  EFCD  F03F         	movf	((c:main@i+1)),c,w
   802  007F88  501A               	bnz	u20
   803  007F8A  E109               	movlw	10
   804  007F8C  0E0A               	subwf	 ((c:main@i)),c,w
   805  007F8E  5C19               	btfss	status,0
   806  007F90  A0D8               	goto	u21
   807  007F92  EFCD  F03F         	goto	u20
   808  007F96  EFCF  F03F         
   809                           u21:
   810  007F9A                     	goto	l699
   811  007F9A  EFD3  F03F         u20:
   812  007F9E                     	goto	l705
   813  007F9E  EFF8  F03F         	
   814                           l697:
   815  007FA2                     	goto	l705
   816  007FA2  EFF8  F03F         	
   817                           l11:
   818  007FA6                     	line	89
   819                           	
   820                           l699:
   821  007FA6                     ;newmain.c: 89:         sum=sum+hexNums[i];
   822                           	bcf	status,0
   823  007FA6  90D8               	rlcf	((c:main@i)),c,w
   824  007FA8  3419               	movwf	fsr2l
   825  007FAA  6ED9               	rlcf	((c:main@i+1)),c,w
   826  007FAC  341A               	movwf	fsr2h
   827  007FAE  6EDA               	movlw	low(main@hexNums)
   828  007FB0  0E03               	addwf	fsr2l
   829  007FB2  26D9               	movlw	high(main@hexNums)
   830  007FB4  0E00               	addwfc	fsr2h
   831  007FB6  22DA               	movff	postinc2,??_main+0+0
   832  007FB8  CFDE F001          	movff	postdec2,??_main+0+0+1
   833  007FBC  CFDD F002          	movf	((c:main@sum)),c,w
   834  007FC0  5017               	addwf	(??_main+0+0),c,w
   835  007FC2  2401               	movwf	((c:main@sum)),c
   836  007FC4  6E17               	movf	((c:main@sum+1)),c,w
   837  007FC6  5018               	addwfc	(??_main+0+1),c,w
   838  007FC8  2002               	movwf	1+((c:main@sum)),c
   839  007FCA  6E18               	line	90
   840                           	
   841                           l701:
   842  007FCC                     ;newmain.c: 90:     }
   843                           	infsnz	((c:main@i)),c
   844  007FCC  4A19               	incf	((c:main@i+1)),c
   845  007FCE  2A1A               	
   846                           l703:
   847  007FD0                     	btfsc	((c:main@i+1)),c,7
   848  007FD0  BE1A               	goto	u31
   849  007FD2  EFF4  F03F         	movf	((c:main@i+1)),c,w
   850  007FD6  501A               	bnz	u30
   851  007FD8  E109               	movlw	10
   852  007FDA  0E0A               	subwf	 ((c:main@i)),c,w
   853  007FDC  5C19               	btfss	status,0
   854  007FDE  A0D8               	goto	u31
   855  007FE0  EFF4  F03F         	goto	u30
   856  007FE4  EFF6  F03F         
   857                           u31:
   858  007FE8                     	goto	l699
   859  007FE8  EFD3  F03F         u30:
   860  007FEC                     	goto	l705
   861  007FEC  EFF8  F03F         	
   862                           l12:
   863  007FF0                     	line	91
   864                           	
   865                           l705:
   866  007FF0                     ;newmain.c: 91:     TRISB=0;
   867                           	movlw	low(0)
   868  007FF0  0E00               	movwf	((c:3987)),c	;volatile
   869  007FF2  6E93               	line	92
   870                           	
   871                           l707:
   872  007FF4                     ;newmain.c: 92:     PORTB=sum;
   873                           	movff	(c:main@sum),(c:3969)	;volatile
   874  007FF4  C017  FF81         	goto	l13
   875  007FF8  EFFE  F03F         	line	93
   876                           	
   877                           l709:
   878  007FFC                     	line	94
   879                           ;newmain.c: 93:     return;
   880                           	
   881                           l13:
   882  007FFC                     	global	start
   883                           	goto	start
   884  007FFC  EF00  F000         	opt stack 0
   885                           GLOBAL	__end_of_main
   886                           	__end_of_main:
   887  008000                     	signat	_main,89
   888                           	GLOBAL	__activetblptr
   889                           __activetblptr	EQU	0
   890  0000                     	psect	intsave_regs,class=BIGRAM,space=1,noexec
   891                           	PSECT	rparam,class=COMRAM,space=1,noexec
   892                           	GLOBAL	__Lrparam
   893                           	FNCONF	rparam,??,?
   894                           	GLOBAL	___rparam_used
   895                           	___rparam_used EQU 1
   896  0000                     	GLOBAL	___param_bank
   897                           	___param_bank EQU 0
   898  0000                     GLOBAL	__Lparam, __Hparam
   899                           GLOBAL	__Lrparam, __Hrparam
   900                           __Lparam	EQU	__Lrparam
   901  0000                     __Hparam	EQU	__Hrparam
   902  0000                     	end


Data Sizes:
    Strings     0
    Constant    0
    Data        20
    BSS         0
    Persistent  0
    Stack       0

Auto Spaces:
    Space          Size  Autos    Used
    COMRAM           95     26      46
    BANK0           160      0       0
    BANK1           256      0       0
    BANK2           256      0       0
    BANK3           256      0       0
    BANK4           256      0       0
    BANK5           256      0       0
    BANK6           256      0       0
    BANK7           256      0       0

Pointer List with Targets:

    None.

Critical Paths under _main in COMRAM

    None.

Critical Paths under _main in BANK0

    None.

Critical Paths under _main in BANK1

    None.

Critical Paths under _main in BANK2

    None.

Critical Paths under _main in BANK3

    None.

Critical Paths under _main in BANK4

    None.

Critical Paths under _main in BANK5

    None.

Critical Paths under _main in BANK6

    None.

Critical Paths under _main in BANK7

    None.

Call Graph Tables:

 ---------------------------------------------------------------------------------
 (Depth) Function   	        Calls       Base Space   Used Autos Params    Refs
 ---------------------------------------------------------------------------------
 (0) _main                                                26    26      0      90
                                              0 COMRAM    26    26      0
 ---------------------------------------------------------------------------------
 Estimated maximum stack depth 0
 ---------------------------------------------------------------------------------

 Call Graph Graphs:

 _main (ROOT)

 Address spaces:
Name               Size   Autos  Total    Cost      Usage
BIGRAM             7FF      0       0      21        0.0%
EEDATA             100      0       0       0        0.0%
BITBANK7           100      0       0      18        0.0%
BANK7              100      0       0      19        0.0%
BITBANK6           100      0       0      16        0.0%
BANK6              100      0       0      17        0.0%
BITBANK5           100      0       0      14        0.0%
BANK5              100      0       0      15        0.0%
BITBANK4           100      0       0      12        0.0%
BANK4              100      0       0      13        0.0%
BITBANK3           100      0       0      10        0.0%
BANK3              100      0       0      11        0.0%
BITBANK2           100      0       0       8        0.0%
BANK2              100      0       0       9        0.0%
BITBANK1           100      0       0       6        0.0%
BANK1              100      0       0       7        0.0%
BITBANK0            A0      0       0       4        0.0%
BANK0               A0      0       0       5        0.0%
BITCOMRAM           5F      0       0       0        0.0%
COMRAM              5F     1A      2E       1       48.4%
BITSFR               0      0       0     200        0.0%
SFR                  0      0       0     200        0.0%
STACK                0      0       0       2        0.0%
NULL                 0      0       0       0        0.0%
ABS                  0      0      2E      20        0.0%
DATA                 0      0      2E       3        0.0%
CODE                 0      0       0       0        0.0%


Microchip Technology PIC18 Macro Assembler V2.00 build -1524193055 
Symbol Table                                                                                   Fri Jan 17 10:12:45 2025

                     l11 7FA6                       l12 7FF0                       l13 7FFC  
                     u11 7F6A                       u20 7F9E                       u21 7F9A  
                     u30 7FEC                       u31 7FE8              __CFG_BORV$3 000000  
           __CFG_CP0$OFF 000000             __CFG_CP1$OFF 000000             __CFG_CP2$OFF 000000  
           __CFG_CP3$OFF 000000              __CFG_LVP$ON 000000                      l701 7FCC  
                    l703 7FD0                      l705 7FF0                      l707 7FF4  
                    l709 7FFC                      l691 7F72                      l693 7F7A  
                    l695 7F82                      l697 7FA2                      l689 7F60  
                    l699 7FA6             __CFG_CPB$OFF 000000             __CFG_CPD$OFF 000000  
           __CFG_BOR$OFF 000000                      wreg 000FE8             __CFG_WDT$OFF 000000  
            main@hexNums 0003                     _main 7F60                     fsr2h 000FDA  
                   fsr1l 000FE1                     fsr2l 000FD9                     start 0000  
          __CFG_IESO$OFF 000000             ___param_bank 000000            __CFG_PLLDIV$1 000000  
         __CFG_CCP2MX$ON 000000                    ?_main 0001                    _PORTB 000F81  
          __CFG_USBDIV$1 000000                    _TRISB 000F93            __CFG_PWRT$OFF 000000  
          __CFG_WRT0$OFF 000000            __CFG_WRT1$OFF 000000            __CFG_WRT2$OFF 000000  
          __CFG_WRT3$OFF 000000           __CFG_EBTR0$OFF 000000           __CFG_FCMEN$OFF 000000  
         __CFG_EBTR1$OFF 000000           __CFG_EBTR2$OFF 000000           __CFG_EBTR3$OFF 000000  
          __CFG_WRTB$OFF 000000            __CFG_WRTC$OFF 000000            __CFG_WRTD$OFF 000000  
         __CFG_EBTRB$OFF 000000                    main@i 0019                    tablat 000FF5  
                  plusw1 000FE3                    plusw2 000FDB                    status 000FD8  
         __CFG_ICPRT$OFF 000000           __CFG_PBADEN$ON 000000           __CFG_MCLRE$OFF 000000  
        __initialization 7F3A             __end_of_main 8000                   ??_main 0001  
          __activetblptr 000000           __CFG_XINST$OFF 000000           __CFG_STVREN$ON 000000  
           __pdataCOMRAM 001B                   tblptrh 000FF7                   tblptrl 000FF6  
                 tblptru 000FF8               __accesstop 0060  __end_of__initialization 7F5A  
          ___rparam_used 000001           __pcstackCOMRAM 0001          __CFG_VREGEN$OFF 000000  
                __Hparam 0000                  __Lparam 0000                  __pcinit 7F3A  
                __ramtop 0800                  __ptext0 7F60                  main@sum 0017  
   end_of_initialization 7F5A                  postdec1 000FE5                  postdec2 000FDD  
                postinc0 000FEE                  postinc2 000FDE            __pidataCOMRAM 7F26  
    start_initialization 7F3A         __CFG_LPT1OSC$OFF 000000         __CFG_WDTPS$32768 000000  
              main@F3159 001B                copy_data0 7F4E                 __Hrparam 0000  
               __Lrparam 0000    __CFG_FOSC$INTOSCIO_EC 000000            __size_of_main 00A0  
  __CFG_CPUDIV$OSC1_PLL2 000000  
