

Microchip Technology PIC18 LITE Macro Assembler V2.00 build -1524193055 
                                                                                               Fri Mar 28 10:27:19 2025

Microchip Technology Omniscient Code Generator v2.00 (Free mode) build 20180527130849
     1  0000                     
     2                           ; Version 2.00
     3                           ; Generated 27/05/2018 GMT
     4                           
     5                           ; 
     6                           ; Copyright © 2018, Microchip Technology Inc. and its subsidiaries ("Microchip")
     7                           ; All rights reserved.
     8                           ; 
     9                           ; This software is developed by Microchip Technology Inc. and its subsidiaries ("Microch
                                 ip").
    10                           ; 
    11                           ; Redistribution and use in source and binary forms, with or without modification, are
    12                           ; permitted provided that the following conditions are met:
    13                           ; 
    14                           ;     1. Redistributions of source code must retain the above copyright notice, this lis
                                 t of
    15                           ;        conditions and the following disclaimer.
    16                           ; 
    17                           ;     2. Redistributions in binary form must reproduce the above copyright notice, this 
                                 list
    18                           ;        of conditions and the following disclaimer in the documentation and/or other
    19                           ;        materials provided with the distribution.
    20                           ; 
    21                           ;     3. Microchip's name may not be used to endorse or promote products derived from th
                                 is
    22                           ;        software without specific prior written permission.
    23                           ; 
    24                           ; THIS SOFTWARE IS PROVIDED BY MICROCHIP "AS IS" AND ANY EXPRESS OR IMPLIED WARRANTIES,

    25                           ; INCLUDING, BUT NOT LIMITED TO, THE IMPLIED WARRANTIES OF MERCHANTABILITY AND FITNESS F
                                 OR
    26                           ; PURPOSE ARE DISCLAIMED.  IN NO EVENT SHALL MICROCHIP BE LIABLE FOR ANY DIRECT, INDIREC
                                 T,
    27                           ; INCIDENTAL, SPECIAL, EXEMPLARY, OR CONSEQUENTIAL DAMAGES (INCLUDING BUT NOT LIMITED TO
                                 
    28                           ; PROCUREMENT OF SUBSTITUTE GOODS OR SERVICES; LOSS OF USE, DATA OR PROFITS; OR BUSINESS
                                 
    29                           ; INTERRUPTION) HOWSOEVER CAUSED AND ON ANY THEORY OF LIABILITY, WHETHER IN CONTRACT, ST
                                 RICT
    30                           ; LIABILITY, OR TORT (INCLUDING NEGLIGENCE OR OTHERWISE) ARISING IN ANY WAY OUT OF THE U
                                 SE OF
    31                           ; THIS SOFTWARE, EVEN IF ADVISED OF THE POSSIBILITY OF SUCH DAMAGE.
    32                           ; 
    33                           
    34                           
    35                           ; 
    36                           ; Code-generator required, PIC18F4550 Definitions
    37                           ; 
    38  0000                     fsr0 equ 0FE9h
    39  0000                     fsr0h equ 0FEAh
    40  0000                     fsr0l equ 0FE9h
    41  0000                     fsr1 equ 0FE1h
    42  0000                     fsr1h equ 0FE2h
    43  0000                     fsr1l equ 0FE1h
    44  0000                     fsr2 equ 0FD9h
    45  0000                     fsr2h equ 0FDAh
    46  0000                     fsr2l equ 0FD9h
    47  0000                     indf0 equ 0FEFh
    48  0000                     indf1 equ 0FE7h
    49  0000                     indf2 equ 0FDFh
    50  0000                     intcon equ 0FF2h
    51  0000                     nvmcon equ 00h
    52  0000                     pcl equ 0FF9h
    53  0000                     pclath equ 0FFAh
    54  0000                     pclatu equ 0FFBh
    55  0000                     plusw0 equ 0FEBh
    56  0000                     plusw1 equ 0FE3h
    57  0000                     plusw2 equ 0FDBh
    58  0000                     postdec0 equ 0FEDh
    59  0000                     postdec1 equ 0FE5h
    60  0000                     postdec2 equ 0FDDh
    61  0000                     postinc0 equ 0FEEh
    62  0000                     postinc1 equ 0FE6h
    63  0000                     postinc2 equ 0FDEh
    64  0000                     preinc0 equ 0FECh
    65  0000                     preinc1 equ 0FE4h
    66  0000                     preinc2 equ 0FDCh
    67  0000                     prod equ 0FF3h
    68  0000                     prodh equ 0FF4h
    69  0000                     prodl equ 0FF3h
    70  0000                     status equ 0FD8h
    71  0000                     tablat equ 0FF5h
    72  0000                     tblptr equ 0FF6h
    73  0000                     tblptrh equ 0FF7h
    74  0000                     tblptrl equ 0FF6h
    75  0000                     tblptru equ 0FF8h
    76  0000                     tosl equ 0FFDh
    77  0000                     wreg equ 0FE8h
    78  0000                     
     2                           opt pagewidth 120
     3  0000                     byte0	macro	val
     4                           	(getbyte(val,0))
     5                           endm
     6  0000                     byte1	macro	val
     7                           	(getbyte(val,1))
     8                           endm
     9  0000                     byte2	macro	val
    10                           	(getbyte(val,2))
    11                           endm
    12  0000                     byte3	macro	val
    13                           	(getbyte(val,3))
    14                           endm
    15  0000                     byte4	macro	val
    16                           	(getbyte(val,4))
    17                           endm
    18  0000                     byte5	macro	val
    19                           	(getbyte(val,5))
    20                           endm
    21  0000                     byte6	macro	val
    22                           	(getbyte(val,6))
    23                           endm
    24  0000                     byte7	macro	val
    25                           	(getbyte(val,7))
    26                           endm
    27  0000                     getword	macro	val,pos
    28                           	(((val) >> (8 * pos)) and 0xffff)
    29                           endm
    30  0000                     word0	macro	val
    31                           	(getword(val,0))
    32                           endm
    33  0000                     word1	macro	val
    34                           	(getword(val,2))
    35                           endm
    36  0000                     word2	macro	val
    37                           	(getword(val,4))
    38                           endm
    39  0000                     word3	macro	val
    40                           	(getword(val,6))
    41                           endm
    42  0000                     gettword	macro	val,pos
    43                           	(((val) >> (8 * pos)) and 0xffffff)
    44                           endm
    45  0000                     tword0	macro	val
    46                           	(gettword(val,0))
    47                           endm
    48  0000                     tword1	macro	val
    49                           	(gettword(val,3))
    50                           endm
    51  0000                     tword2	macro	val
    52                           	(gettword(val,6))
    53                           endm
    54  0000                     getdword	macro	val,pos
    55                           	(((val) >> (8 * pos)) and 0xffffffff)
    56                           endm
    57  0000                     dword0	macro	val
    58                           	(getdword(val,0))
    59                           endm
    60  0000                     dword1	macro	val
    61                           	(getdword(val,4))
    62                           endm
    63  0000                     clrc   macro
    64                           	bcf	status,0
    65                           endm
    66  0000                     setc   macro
    67                           	bsf	status,0
    68                           endm
    69  0000                     clrz   macro
    70                           	bcf	status,2
    71                           endm
    72  0000                     setz   macro
    73                           	bsf	status,2
    74                           endm
    75  0000                     skipnz macro
    76                           	btfsc	status,2
    77                           endm
    78  0000                     skipz  macro
    79                           	btfss	status,2
    80                           endm
    81  0000                     skipnc macro
    82                           	btfsc	status,0
    83                           endm
    84  0000                     skipc  macro
    85                           	btfss	status,0
    86                           endm
    87  0000                     pushw macro
    88                           	movwf postinc1
    89                           endm
    90  0000                     pushf macro arg1
    91                           	movff arg1, postinc1
    92                           endm
    93  0000                     popw macro
    94                           	movf postdec1,f
    95                           	movf indf1,w
    96                           endm
    97  0000                     popf macro arg1
    98                           	movf postdec1,f
    99                           	movff indf1,arg1
   100                           endm
   101  0000                     popfc macro arg1
   102                           	movff plusw1,arg1
   103                           	decfsz fsr1,f
   104                           endm
   105  0000                     	global	__ramtop
   106                           	global	__accesstop
   107                           # 54 "C:\Program Files (x86)\Microchip\xc8\v2.00\pic\include\pic18f4550.h"
   108                           SPPDATA equ 0F62h ;# 
   109  0000                     # 74 "C:\Program Files (x86)\Microchip\xc8\v2.00\pic\include\pic18f4550.h"
   110                           SPPCFG equ 0F63h ;# 
   111  0000                     # 151 "C:\Program Files (x86)\Microchip\xc8\v2.00\pic\include\pic18f4550.h"
   112                           SPPEPS equ 0F64h ;# 
   113  0000                     # 225 "C:\Program Files (x86)\Microchip\xc8\v2.00\pic\include\pic18f4550.h"
   114                           SPPCON equ 0F65h ;# 
   115  0000                     # 251 "C:\Program Files (x86)\Microchip\xc8\v2.00\pic\include\pic18f4550.h"
   116                           UFRM equ 0F66h ;# 
   117  0000                     # 258 "C:\Program Files (x86)\Microchip\xc8\v2.00\pic\include\pic18f4550.h"
   118                           UFRML equ 0F66h ;# 
   119  0000                     # 336 "C:\Program Files (x86)\Microchip\xc8\v2.00\pic\include\pic18f4550.h"
   120                           UFRMH equ 0F67h ;# 
   121  0000                     # 376 "C:\Program Files (x86)\Microchip\xc8\v2.00\pic\include\pic18f4550.h"
   122                           UIR equ 0F68h ;# 
   123  0000                     # 432 "C:\Program Files (x86)\Microchip\xc8\v2.00\pic\include\pic18f4550.h"
   124                           UIE equ 0F69h ;# 
   125  0000                     # 488 "C:\Program Files (x86)\Microchip\xc8\v2.00\pic\include\pic18f4550.h"
   126                           UEIR equ 0F6Ah ;# 
   127  0000                     # 539 "C:\Program Files (x86)\Microchip\xc8\v2.00\pic\include\pic18f4550.h"
   128                           UEIE equ 0F6Bh ;# 
   129  0000                     # 590 "C:\Program Files (x86)\Microchip\xc8\v2.00\pic\include\pic18f4550.h"
   130                           USTAT equ 0F6Ch ;# 
   131  0000                     # 650 "C:\Program Files (x86)\Microchip\xc8\v2.00\pic\include\pic18f4550.h"
   132                           UCON equ 0F6Dh ;# 
   133  0000                     # 701 "C:\Program Files (x86)\Microchip\xc8\v2.00\pic\include\pic18f4550.h"
   134                           UADDR equ 0F6Eh ;# 
   135  0000                     # 765 "C:\Program Files (x86)\Microchip\xc8\v2.00\pic\include\pic18f4550.h"
   136                           UCFG equ 0F6Fh ;# 
   137  0000                     # 844 "C:\Program Files (x86)\Microchip\xc8\v2.00\pic\include\pic18f4550.h"
   138                           UEP0 equ 0F70h ;# 
   139  0000                     # 952 "C:\Program Files (x86)\Microchip\xc8\v2.00\pic\include\pic18f4550.h"
   140                           UEP1 equ 0F71h ;# 
   141  0000                     # 1060 "C:\Program Files (x86)\Microchip\xc8\v2.00\pic\include\pic18f4550.h"
   142                           UEP2 equ 0F72h ;# 
   143  0000                     # 1168 "C:\Program Files (x86)\Microchip\xc8\v2.00\pic\include\pic18f4550.h"
   144                           UEP3 equ 0F73h ;# 
   145  0000                     # 1276 "C:\Program Files (x86)\Microchip\xc8\v2.00\pic\include\pic18f4550.h"
   146                           UEP4 equ 0F74h ;# 
   147  0000                     # 1384 "C:\Program Files (x86)\Microchip\xc8\v2.00\pic\include\pic18f4550.h"
   148                           UEP5 equ 0F75h ;# 
   149  0000                     # 1492 "C:\Program Files (x86)\Microchip\xc8\v2.00\pic\include\pic18f4550.h"
   150                           UEP6 equ 0F76h ;# 
   151  0000                     # 1600 "C:\Program Files (x86)\Microchip\xc8\v2.00\pic\include\pic18f4550.h"
   152                           UEP7 equ 0F77h ;# 
   153  0000                     # 1708 "C:\Program Files (x86)\Microchip\xc8\v2.00\pic\include\pic18f4550.h"
   154                           UEP8 equ 0F78h ;# 
   155  0000                     # 1784 "C:\Program Files (x86)\Microchip\xc8\v2.00\pic\include\pic18f4550.h"
   156                           UEP9 equ 0F79h ;# 
   157  0000                     # 1860 "C:\Program Files (x86)\Microchip\xc8\v2.00\pic\include\pic18f4550.h"
   158                           UEP10 equ 0F7Ah ;# 
   159  0000                     # 1936 "C:\Program Files (x86)\Microchip\xc8\v2.00\pic\include\pic18f4550.h"
   160                           UEP11 equ 0F7Bh ;# 
   161  0000                     # 2012 "C:\Program Files (x86)\Microchip\xc8\v2.00\pic\include\pic18f4550.h"
   162                           UEP12 equ 0F7Ch ;# 
   163  0000                     # 2088 "C:\Program Files (x86)\Microchip\xc8\v2.00\pic\include\pic18f4550.h"
   164                           UEP13 equ 0F7Dh ;# 
   165  0000                     # 2164 "C:\Program Files (x86)\Microchip\xc8\v2.00\pic\include\pic18f4550.h"
   166                           UEP14 equ 0F7Eh ;# 
   167  0000                     # 2240 "C:\Program Files (x86)\Microchip\xc8\v2.00\pic\include\pic18f4550.h"
   168                           UEP15 equ 0F7Fh ;# 
   169  0000                     # 2316 "C:\Program Files (x86)\Microchip\xc8\v2.00\pic\include\pic18f4550.h"
   170                           PORTA equ 0F80h ;# 
   171  0000                     # 2455 "C:\Program Files (x86)\Microchip\xc8\v2.00\pic\include\pic18f4550.h"
   172                           PORTB equ 0F81h ;# 
   173  0000                     # 2565 "C:\Program Files (x86)\Microchip\xc8\v2.00\pic\include\pic18f4550.h"
   174                           PORTC equ 0F82h ;# 
   175  0000                     # 2707 "C:\Program Files (x86)\Microchip\xc8\v2.00\pic\include\pic18f4550.h"
   176                           PORTD equ 0F83h ;# 
   177  0000                     # 2828 "C:\Program Files (x86)\Microchip\xc8\v2.00\pic\include\pic18f4550.h"
   178                           PORTE equ 0F84h ;# 
   179  0000                     # 2975 "C:\Program Files (x86)\Microchip\xc8\v2.00\pic\include\pic18f4550.h"
   180                           LATA equ 0F89h ;# 
   181  0000                     # 3075 "C:\Program Files (x86)\Microchip\xc8\v2.00\pic\include\pic18f4550.h"
   182                           LATB equ 0F8Ah ;# 
   183  0000                     # 3187 "C:\Program Files (x86)\Microchip\xc8\v2.00\pic\include\pic18f4550.h"
   184                           LATC equ 0F8Bh ;# 
   185  0000                     # 3265 "C:\Program Files (x86)\Microchip\xc8\v2.00\pic\include\pic18f4550.h"
   186                           LATD equ 0F8Ch ;# 
   187  0000                     # 3377 "C:\Program Files (x86)\Microchip\xc8\v2.00\pic\include\pic18f4550.h"
   188                           LATE equ 0F8Dh ;# 
   189  0000                     # 3429 "C:\Program Files (x86)\Microchip\xc8\v2.00\pic\include\pic18f4550.h"
   190                           TRISA equ 0F92h ;# 
   191  0000                     # 3434 "C:\Program Files (x86)\Microchip\xc8\v2.00\pic\include\pic18f4550.h"
   192                           DDRA equ 0F92h ;# 
   193  0000                     # 3627 "C:\Program Files (x86)\Microchip\xc8\v2.00\pic\include\pic18f4550.h"
   194                           TRISB equ 0F93h ;# 
   195  0000                     # 3632 "C:\Program Files (x86)\Microchip\xc8\v2.00\pic\include\pic18f4550.h"
   196                           DDRB equ 0F93h ;# 
   197  0000                     # 3849 "C:\Program Files (x86)\Microchip\xc8\v2.00\pic\include\pic18f4550.h"
   198                           TRISC equ 0F94h ;# 
   199  0000                     # 3854 "C:\Program Files (x86)\Microchip\xc8\v2.00\pic\include\pic18f4550.h"
   200                           DDRC equ 0F94h ;# 
   201  0000                     # 4003 "C:\Program Files (x86)\Microchip\xc8\v2.00\pic\include\pic18f4550.h"
   202                           TRISD equ 0F95h ;# 
   203  0000                     # 4008 "C:\Program Files (x86)\Microchip\xc8\v2.00\pic\include\pic18f4550.h"
   204                           DDRD equ 0F95h ;# 
   205  0000                     # 4225 "C:\Program Files (x86)\Microchip\xc8\v2.00\pic\include\pic18f4550.h"
   206                           TRISE equ 0F96h ;# 
   207  0000                     # 4230 "C:\Program Files (x86)\Microchip\xc8\v2.00\pic\include\pic18f4550.h"
   208                           DDRE equ 0F96h ;# 
   209  0000                     # 4327 "C:\Program Files (x86)\Microchip\xc8\v2.00\pic\include\pic18f4550.h"
   210                           OSCTUNE equ 0F9Bh ;# 
   211  0000                     # 4386 "C:\Program Files (x86)\Microchip\xc8\v2.00\pic\include\pic18f4550.h"
   212                           PIE1 equ 0F9Dh ;# 
   213  0000                     # 4470 "C:\Program Files (x86)\Microchip\xc8\v2.00\pic\include\pic18f4550.h"
   214                           PIR1 equ 0F9Eh ;# 
   215  0000                     # 4554 "C:\Program Files (x86)\Microchip\xc8\v2.00\pic\include\pic18f4550.h"
   216                           IPR1 equ 0F9Fh ;# 
   217  0000                     # 4638 "C:\Program Files (x86)\Microchip\xc8\v2.00\pic\include\pic18f4550.h"
   218                           PIE2 equ 0FA0h ;# 
   219  0000                     # 4709 "C:\Program Files (x86)\Microchip\xc8\v2.00\pic\include\pic18f4550.h"
   220                           PIR2 equ 0FA1h ;# 
   221  0000                     # 4780 "C:\Program Files (x86)\Microchip\xc8\v2.00\pic\include\pic18f4550.h"
   222                           IPR2 equ 0FA2h ;# 
   223  0000                     # 4851 "C:\Program Files (x86)\Microchip\xc8\v2.00\pic\include\pic18f4550.h"
   224                           EECON1 equ 0FA6h ;# 
   225  0000                     # 4917 "C:\Program Files (x86)\Microchip\xc8\v2.00\pic\include\pic18f4550.h"
   226                           EECON2 equ 0FA7h ;# 
   227  0000                     # 4924 "C:\Program Files (x86)\Microchip\xc8\v2.00\pic\include\pic18f4550.h"
   228                           EEDATA equ 0FA8h ;# 
   229  0000                     # 4931 "C:\Program Files (x86)\Microchip\xc8\v2.00\pic\include\pic18f4550.h"
   230                           EEADR equ 0FA9h ;# 
   231  0000                     # 4938 "C:\Program Files (x86)\Microchip\xc8\v2.00\pic\include\pic18f4550.h"
   232                           RCSTA equ 0FABh ;# 
   233  0000                     # 4943 "C:\Program Files (x86)\Microchip\xc8\v2.00\pic\include\pic18f4550.h"
   234                           RCSTA1 equ 0FABh ;# 
   235  0000                     # 5148 "C:\Program Files (x86)\Microchip\xc8\v2.00\pic\include\pic18f4550.h"
   236                           TXSTA equ 0FACh ;# 
   237  0000                     # 5153 "C:\Program Files (x86)\Microchip\xc8\v2.00\pic\include\pic18f4550.h"
   238                           TXSTA1 equ 0FACh ;# 
   239  0000                     # 5404 "C:\Program Files (x86)\Microchip\xc8\v2.00\pic\include\pic18f4550.h"
   240                           TXREG equ 0FADh ;# 
   241  0000                     # 5409 "C:\Program Files (x86)\Microchip\xc8\v2.00\pic\include\pic18f4550.h"
   242                           TXREG1 equ 0FADh ;# 
   243  0000                     # 5416 "C:\Program Files (x86)\Microchip\xc8\v2.00\pic\include\pic18f4550.h"
   244                           RCREG equ 0FAEh ;# 
   245  0000                     # 5421 "C:\Program Files (x86)\Microchip\xc8\v2.00\pic\include\pic18f4550.h"
   246                           RCREG1 equ 0FAEh ;# 
   247  0000                     # 5428 "C:\Program Files (x86)\Microchip\xc8\v2.00\pic\include\pic18f4550.h"
   248                           SPBRG equ 0FAFh ;# 
   249  0000                     # 5433 "C:\Program Files (x86)\Microchip\xc8\v2.00\pic\include\pic18f4550.h"
   250                           SPBRG1 equ 0FAFh ;# 
   251  0000                     # 5440 "C:\Program Files (x86)\Microchip\xc8\v2.00\pic\include\pic18f4550.h"
   252                           SPBRGH equ 0FB0h ;# 
   253  0000                     # 5447 "C:\Program Files (x86)\Microchip\xc8\v2.00\pic\include\pic18f4550.h"
   254                           T3CON equ 0FB1h ;# 
   255  0000                     # 5568 "C:\Program Files (x86)\Microchip\xc8\v2.00\pic\include\pic18f4550.h"
   256                           TMR3 equ 0FB2h ;# 
   257  0000                     # 5575 "C:\Program Files (x86)\Microchip\xc8\v2.00\pic\include\pic18f4550.h"
   258                           TMR3L equ 0FB2h ;# 
   259  0000                     # 5582 "C:\Program Files (x86)\Microchip\xc8\v2.00\pic\include\pic18f4550.h"
   260                           TMR3H equ 0FB3h ;# 
   261  0000                     # 5589 "C:\Program Files (x86)\Microchip\xc8\v2.00\pic\include\pic18f4550.h"
   262                           CMCON equ 0FB4h ;# 
   263  0000                     # 5679 "C:\Program Files (x86)\Microchip\xc8\v2.00\pic\include\pic18f4550.h"
   264                           CVRCON equ 0FB5h ;# 
   265  0000                     # 5764 "C:\Program Files (x86)\Microchip\xc8\v2.00\pic\include\pic18f4550.h"
   266                           ECCP1AS equ 0FB6h ;# 
   267  0000                     # 5769 "C:\Program Files (x86)\Microchip\xc8\v2.00\pic\include\pic18f4550.h"
   268                           CCP1AS equ 0FB6h ;# 
   269  0000                     # 5926 "C:\Program Files (x86)\Microchip\xc8\v2.00\pic\include\pic18f4550.h"
   270                           ECCP1DEL equ 0FB7h ;# 
   271  0000                     # 5931 "C:\Program Files (x86)\Microchip\xc8\v2.00\pic\include\pic18f4550.h"
   272                           CCP1DEL equ 0FB7h ;# 
   273  0000                     # 6064 "C:\Program Files (x86)\Microchip\xc8\v2.00\pic\include\pic18f4550.h"
   274                           BAUDCON equ 0FB8h ;# 
   275  0000                     # 6069 "C:\Program Files (x86)\Microchip\xc8\v2.00\pic\include\pic18f4550.h"
   276                           BAUDCTL equ 0FB8h ;# 
   277  0000                     # 6244 "C:\Program Files (x86)\Microchip\xc8\v2.00\pic\include\pic18f4550.h"
   278                           CCP2CON equ 0FBAh ;# 
   279  0000                     # 6308 "C:\Program Files (x86)\Microchip\xc8\v2.00\pic\include\pic18f4550.h"
   280                           CCPR2 equ 0FBBh ;# 
   281  0000                     # 6315 "C:\Program Files (x86)\Microchip\xc8\v2.00\pic\include\pic18f4550.h"
   282                           CCPR2L equ 0FBBh ;# 
   283  0000                     # 6322 "C:\Program Files (x86)\Microchip\xc8\v2.00\pic\include\pic18f4550.h"
   284                           CCPR2H equ 0FBCh ;# 
   285  0000                     # 6329 "C:\Program Files (x86)\Microchip\xc8\v2.00\pic\include\pic18f4550.h"
   286                           CCP1CON equ 0FBDh ;# 
   287  0000                     # 6334 "C:\Program Files (x86)\Microchip\xc8\v2.00\pic\include\pic18f4550.h"
   288                           ECCP1CON equ 0FBDh ;# 
   289  0000                     # 6491 "C:\Program Files (x86)\Microchip\xc8\v2.00\pic\include\pic18f4550.h"
   290                           CCPR1 equ 0FBEh ;# 
   291  0000                     # 6498 "C:\Program Files (x86)\Microchip\xc8\v2.00\pic\include\pic18f4550.h"
   292                           CCPR1L equ 0FBEh ;# 
   293  0000                     # 6505 "C:\Program Files (x86)\Microchip\xc8\v2.00\pic\include\pic18f4550.h"
   294                           CCPR1H equ 0FBFh ;# 
   295  0000                     # 6512 "C:\Program Files (x86)\Microchip\xc8\v2.00\pic\include\pic18f4550.h"
   296                           ADCON2 equ 0FC0h ;# 
   297  0000                     # 6583 "C:\Program Files (x86)\Microchip\xc8\v2.00\pic\include\pic18f4550.h"
   298                           ADCON1 equ 0FC1h ;# 
   299  0000                     # 6668 "C:\Program Files (x86)\Microchip\xc8\v2.00\pic\include\pic18f4550.h"
   300                           ADCON0 equ 0FC2h ;# 
   301  0000                     # 6787 "C:\Program Files (x86)\Microchip\xc8\v2.00\pic\include\pic18f4550.h"
   302                           ADRES equ 0FC3h ;# 
   303  0000                     # 6794 "C:\Program Files (x86)\Microchip\xc8\v2.00\pic\include\pic18f4550.h"
   304                           ADRESL equ 0FC3h ;# 
   305  0000                     # 6801 "C:\Program Files (x86)\Microchip\xc8\v2.00\pic\include\pic18f4550.h"
   306                           ADRESH equ 0FC4h ;# 
   307  0000                     # 6808 "C:\Program Files (x86)\Microchip\xc8\v2.00\pic\include\pic18f4550.h"
   308                           SSPCON2 equ 0FC5h ;# 
   309  0000                     # 6870 "C:\Program Files (x86)\Microchip\xc8\v2.00\pic\include\pic18f4550.h"
   310                           SSPCON1 equ 0FC6h ;# 
   311  0000                     # 6940 "C:\Program Files (x86)\Microchip\xc8\v2.00\pic\include\pic18f4550.h"
   312                           SSPSTAT equ 0FC7h ;# 
   313  0000                     # 7188 "C:\Program Files (x86)\Microchip\xc8\v2.00\pic\include\pic18f4550.h"
   314                           SSPADD equ 0FC8h ;# 
   315  0000                     # 7195 "C:\Program Files (x86)\Microchip\xc8\v2.00\pic\include\pic18f4550.h"
   316                           SSPBUF equ 0FC9h ;# 
   317  0000                     # 7202 "C:\Program Files (x86)\Microchip\xc8\v2.00\pic\include\pic18f4550.h"
   318                           T2CON equ 0FCAh ;# 
   319  0000                     # 7300 "C:\Program Files (x86)\Microchip\xc8\v2.00\pic\include\pic18f4550.h"
   320                           PR2 equ 0FCBh ;# 
   321  0000                     # 7305 "C:\Program Files (x86)\Microchip\xc8\v2.00\pic\include\pic18f4550.h"
   322                           MEMCON equ 0FCBh ;# 
   323  0000                     # 7410 "C:\Program Files (x86)\Microchip\xc8\v2.00\pic\include\pic18f4550.h"
   324                           TMR2 equ 0FCCh ;# 
   325  0000                     # 7417 "C:\Program Files (x86)\Microchip\xc8\v2.00\pic\include\pic18f4550.h"
   326                           T1CON equ 0FCDh ;# 
   327  0000                     # 7520 "C:\Program Files (x86)\Microchip\xc8\v2.00\pic\include\pic18f4550.h"
   328                           TMR1 equ 0FCEh ;# 
   329  0000                     # 7527 "C:\Program Files (x86)\Microchip\xc8\v2.00\pic\include\pic18f4550.h"
   330                           TMR1L equ 0FCEh ;# 
   331  0000                     # 7534 "C:\Program Files (x86)\Microchip\xc8\v2.00\pic\include\pic18f4550.h"
   332                           TMR1H equ 0FCFh ;# 
   333  0000                     # 7541 "C:\Program Files (x86)\Microchip\xc8\v2.00\pic\include\pic18f4550.h"
   334                           RCON equ 0FD0h ;# 
   335  0000                     # 7690 "C:\Program Files (x86)\Microchip\xc8\v2.00\pic\include\pic18f4550.h"
   336                           WDTCON equ 0FD1h ;# 
   337  0000                     # 7718 "C:\Program Files (x86)\Microchip\xc8\v2.00\pic\include\pic18f4550.h"
   338                           HLVDCON equ 0FD2h ;# 
   339  0000                     # 7723 "C:\Program Files (x86)\Microchip\xc8\v2.00\pic\include\pic18f4550.h"
   340                           LVDCON equ 0FD2h ;# 
   341  0000                     # 7988 "C:\Program Files (x86)\Microchip\xc8\v2.00\pic\include\pic18f4550.h"
   342                           OSCCON equ 0FD3h ;# 
   343  0000                     # 8071 "C:\Program Files (x86)\Microchip\xc8\v2.00\pic\include\pic18f4550.h"
   344                           T0CON equ 0FD5h ;# 
   345  0000                     # 8141 "C:\Program Files (x86)\Microchip\xc8\v2.00\pic\include\pic18f4550.h"
   346                           TMR0 equ 0FD6h ;# 
   347  0000                     # 8148 "C:\Program Files (x86)\Microchip\xc8\v2.00\pic\include\pic18f4550.h"
   348                           TMR0L equ 0FD6h ;# 
   349  0000                     # 8155 "C:\Program Files (x86)\Microchip\xc8\v2.00\pic\include\pic18f4550.h"
   350                           TMR0H equ 0FD7h ;# 
   351  0000                     # 8162 "C:\Program Files (x86)\Microchip\xc8\v2.00\pic\include\pic18f4550.h"
   352                           STATUS equ 0FD8h ;# 
   353  0000                     # 8233 "C:\Program Files (x86)\Microchip\xc8\v2.00\pic\include\pic18f4550.h"
   354                           FSR2 equ 0FD9h ;# 
   355  0000                     # 8240 "C:\Program Files (x86)\Microchip\xc8\v2.00\pic\include\pic18f4550.h"
   356                           FSR2L equ 0FD9h ;# 
   357  0000                     # 8247 "C:\Program Files (x86)\Microchip\xc8\v2.00\pic\include\pic18f4550.h"
   358                           FSR2H equ 0FDAh ;# 
   359  0000                     # 8254 "C:\Program Files (x86)\Microchip\xc8\v2.00\pic\include\pic18f4550.h"
   360                           PLUSW2 equ 0FDBh ;# 
   361  0000                     # 8261 "C:\Program Files (x86)\Microchip\xc8\v2.00\pic\include\pic18f4550.h"
   362                           PREINC2 equ 0FDCh ;# 
   363  0000                     # 8268 "C:\Program Files (x86)\Microchip\xc8\v2.00\pic\include\pic18f4550.h"
   364                           POSTDEC2 equ 0FDDh ;# 
   365  0000                     # 8275 "C:\Program Files (x86)\Microchip\xc8\v2.00\pic\include\pic18f4550.h"
   366                           POSTINC2 equ 0FDEh ;# 
   367  0000                     # 8282 "C:\Program Files (x86)\Microchip\xc8\v2.00\pic\include\pic18f4550.h"
   368                           INDF2 equ 0FDFh ;# 
   369  0000                     # 8289 "C:\Program Files (x86)\Microchip\xc8\v2.00\pic\include\pic18f4550.h"
   370                           BSR equ 0FE0h ;# 
   371  0000                     # 8296 "C:\Program Files (x86)\Microchip\xc8\v2.00\pic\include\pic18f4550.h"
   372                           FSR1 equ 0FE1h ;# 
   373  0000                     # 8303 "C:\Program Files (x86)\Microchip\xc8\v2.00\pic\include\pic18f4550.h"
   374                           FSR1L equ 0FE1h ;# 
   375  0000                     # 8310 "C:\Program Files (x86)\Microchip\xc8\v2.00\pic\include\pic18f4550.h"
   376                           FSR1H equ 0FE2h ;# 
   377  0000                     # 8317 "C:\Program Files (x86)\Microchip\xc8\v2.00\pic\include\pic18f4550.h"
   378                           PLUSW1 equ 0FE3h ;# 
   379  0000                     # 8324 "C:\Program Files (x86)\Microchip\xc8\v2.00\pic\include\pic18f4550.h"
   380                           PREINC1 equ 0FE4h ;# 
   381  0000                     # 8331 "C:\Program Files (x86)\Microchip\xc8\v2.00\pic\include\pic18f4550.h"
   382                           POSTDEC1 equ 0FE5h ;# 
   383  0000                     # 8338 "C:\Program Files (x86)\Microchip\xc8\v2.00\pic\include\pic18f4550.h"
   384                           POSTINC1 equ 0FE6h ;# 
   385  0000                     # 8345 "C:\Program Files (x86)\Microchip\xc8\v2.00\pic\include\pic18f4550.h"
   386                           INDF1 equ 0FE7h ;# 
   387  0000                     # 8352 "C:\Program Files (x86)\Microchip\xc8\v2.00\pic\include\pic18f4550.h"
   388                           WREG equ 0FE8h ;# 
   389  0000                     # 8359 "C:\Program Files (x86)\Microchip\xc8\v2.00\pic\include\pic18f4550.h"
   390                           FSR0 equ 0FE9h ;# 
   391  0000                     # 8366 "C:\Program Files (x86)\Microchip\xc8\v2.00\pic\include\pic18f4550.h"
   392                           FSR0L equ 0FE9h ;# 
   393  0000                     # 8373 "C:\Program Files (x86)\Microchip\xc8\v2.00\pic\include\pic18f4550.h"
   394                           FSR0H equ 0FEAh ;# 
   395  0000                     # 8380 "C:\Program Files (x86)\Microchip\xc8\v2.00\pic\include\pic18f4550.h"
   396                           PLUSW0 equ 0FEBh ;# 
   397  0000                     # 8387 "C:\Program Files (x86)\Microchip\xc8\v2.00\pic\include\pic18f4550.h"
   398                           PREINC0 equ 0FECh ;# 
   399  0000                     # 8394 "C:\Program Files (x86)\Microchip\xc8\v2.00\pic\include\pic18f4550.h"
   400                           POSTDEC0 equ 0FEDh ;# 
   401  0000                     # 8401 "C:\Program Files (x86)\Microchip\xc8\v2.00\pic\include\pic18f4550.h"
   402                           POSTINC0 equ 0FEEh ;# 
   403  0000                     # 8408 "C:\Program Files (x86)\Microchip\xc8\v2.00\pic\include\pic18f4550.h"
   404                           INDF0 equ 0FEFh ;# 
   405  0000                     # 8415 "C:\Program Files (x86)\Microchip\xc8\v2.00\pic\include\pic18f4550.h"
   406                           INTCON3 equ 0FF0h ;# 
   407  0000                     # 8507 "C:\Program Files (x86)\Microchip\xc8\v2.00\pic\include\pic18f4550.h"
   408                           INTCON2 equ 0FF1h ;# 
   409  0000                     # 8584 "C:\Program Files (x86)\Microchip\xc8\v2.00\pic\include\pic18f4550.h"
   410                           INTCON equ 0FF2h ;# 
   411  0000                     # 8701 "C:\Program Files (x86)\Microchip\xc8\v2.00\pic\include\pic18f4550.h"
   412                           PROD equ 0FF3h ;# 
   413  0000                     # 8708 "C:\Program Files (x86)\Microchip\xc8\v2.00\pic\include\pic18f4550.h"
   414                           PRODL equ 0FF3h ;# 
   415  0000                     # 8715 "C:\Program Files (x86)\Microchip\xc8\v2.00\pic\include\pic18f4550.h"
   416                           PRODH equ 0FF4h ;# 
   417  0000                     # 8722 "C:\Program Files (x86)\Microchip\xc8\v2.00\pic\include\pic18f4550.h"
   418                           TABLAT equ 0FF5h ;# 
   419  0000                     # 8731 "C:\Program Files (x86)\Microchip\xc8\v2.00\pic\include\pic18f4550.h"
   420                           TBLPTR equ 0FF6h ;# 
   421  0000                     # 8738 "C:\Program Files (x86)\Microchip\xc8\v2.00\pic\include\pic18f4550.h"
   422                           TBLPTRL equ 0FF6h ;# 
   423  0000                     # 8745 "C:\Program Files (x86)\Microchip\xc8\v2.00\pic\include\pic18f4550.h"
   424                           TBLPTRH equ 0FF7h ;# 
   425  0000                     # 8752 "C:\Program Files (x86)\Microchip\xc8\v2.00\pic\include\pic18f4550.h"
   426                           TBLPTRU equ 0FF8h ;# 
   427  0000                     # 8761 "C:\Program Files (x86)\Microchip\xc8\v2.00\pic\include\pic18f4550.h"
   428                           PCLAT equ 0FF9h ;# 
   429  0000                     # 8768 "C:\Program Files (x86)\Microchip\xc8\v2.00\pic\include\pic18f4550.h"
   430                           PC equ 0FF9h ;# 
   431  0000                     # 8775 "C:\Program Files (x86)\Microchip\xc8\v2.00\pic\include\pic18f4550.h"
   432                           PCL equ 0FF9h ;# 
   433  0000                     # 8782 "C:\Program Files (x86)\Microchip\xc8\v2.00\pic\include\pic18f4550.h"
   434                           PCLATH equ 0FFAh ;# 
   435  0000                     # 8789 "C:\Program Files (x86)\Microchip\xc8\v2.00\pic\include\pic18f4550.h"
   436                           PCLATU equ 0FFBh ;# 
   437  0000                     # 8796 "C:\Program Files (x86)\Microchip\xc8\v2.00\pic\include\pic18f4550.h"
   438                           STKPTR equ 0FFCh ;# 
   439  0000                     # 8872 "C:\Program Files (x86)\Microchip\xc8\v2.00\pic\include\pic18f4550.h"
   440                           TOS equ 0FFDh ;# 
   441  0000                     # 8879 "C:\Program Files (x86)\Microchip\xc8\v2.00\pic\include\pic18f4550.h"
   442                           TOSL equ 0FFDh ;# 
   443  0000                     # 8886 "C:\Program Files (x86)\Microchip\xc8\v2.00\pic\include\pic18f4550.h"
   444                           TOSH equ 0FFEh ;# 
   445  0000                     # 8893 "C:\Program Files (x86)\Microchip\xc8\v2.00\pic\include\pic18f4550.h"
   446                           TOSU equ 0FFFh ;# 
   447  0000                     	FNROOT	_main
   448                           	FNCALL	intlevel2,_timer0_isr
   449                           	global	intlevel2
   450                           	FNROOT	intlevel2
   451                           	global	_T0CONbits
   452                           _T0CONbits	set	0xFD5
   453  0000                     	global	_T0CON
   454                           _T0CON	set	0xFD5
   455  0000                     	global	_TRISBbits
   456                           _TRISBbits	set	0xF93
   457  0000                     	global	_ADCON1
   458                           _ADCON1	set	0xFC1
   459  0000                     	global	_INTCONbits
   460                           _INTCONbits	set	0xFF2
   461  0000                     	global	_PORTBbits
   462                           _PORTBbits	set	0xF81
   463  0000                     	global	_TMR0L
   464                           _TMR0L	set	0xFD6
   465  0000                     	global	_TMR0H
   466                           _TMR0H	set	0xFD7
   467  0000                     ; #config settings
   468                           global __CFG_FOSC$HS
   469                           __CFG_FOSC$HS equ 0x0
   470  0000                     global __CFG_WDT$OFF
   471                           __CFG_WDT$OFF equ 0x0
   472  0000                     global __CFG_PBADEN$OFF
   473                           __CFG_PBADEN$OFF equ 0x0
   474  0000                     global __CFG_LVP$OFF
   475                           __CFG_LVP$OFF equ 0x0
   476  0000                     	file	"C:\Users\student\AppData\Local\Temp\sb5k."
   477                           	line	#
   478                           psect	cinit,class=CODE,delta=1,reloc=2
   479                           global __pcinit
   480                           __pcinit:
   481  00006C                     global start_initialization
   482                           start_initialization:
   483  00006C                     
   484                           global __initialization
   485                           __initialization:
   486  00006C                     psect cinit,class=CODE,delta=1
   487                           global end_of_initialization,__end_of__initialization
   488                           
   489                           ;End of C runtime variable initialization code
   490                           
   491                           end_of_initialization:
   492  00006C                     __end_of__initialization:
   493  00006C                     	bcf int$flags,0,c ;clear compiler interrupt flag (level 1)
   494  00006C  9002               	bcf int$flags,1,c ;clear compiler interrupt flag (level 2)
   495  00006E  9202               movlb 0
   496  000070  0100               goto _main	;jump to C main() function
   497  000072  EF24  F000         psect	cstackCOMRAM,class=COMRAM,space=1,noexec
   498                           global __pcstackCOMRAM
   499                           __pcstackCOMRAM:
   500  000001                     ?_timer0_isr:	; 1 bytes @ 0x0
   501  000001                     ??_timer0_isr:	; 1 bytes @ 0x0
   502  000001                     ?_main:	; 1 bytes @ 0x0
   503  000001                     	ds   1
   504  000001                     ??_main:	; 1 bytes @ 0x1
   505  000002                     ;!
   506                           ;!Data Sizes:
   507                           ;!    Strings     0
   508                           ;!    Constant    0
   509                           ;!    Data        0
   510                           ;!    BSS         0
   511                           ;!    Persistent  0
   512                           ;!    Stack       0
   513                           ;!
   514                           ;!Auto Spaces:
   515                           ;!    Space          Size  Autos    Used
   516                           ;!    COMRAM           94      1       1
   517                           ;!    BANK0           160      0       0
   518                           ;!    BANK1           256      0       0
   519                           ;!    BANK2           256      0       0
   520                           ;!    BANK3           256      0       0
   521                           ;!    BANK4           256      0       0
   522                           ;!    BANK5           256      0       0
   523                           ;!    BANK6           256      0       0
   524                           ;!    BANK7           256      0       0
   525                           
   526                           ;!
   527                           ;!Pointer List with Targets:
   528                           ;!
   529                           ;!    None.
   530                           
   531                           
   532                           ;!
   533                           ;!Critical Paths under _main in COMRAM
   534                           ;!
   535                           ;!    None.
   536                           ;!
   537                           ;!Critical Paths under _timer0_isr in COMRAM
   538                           ;!
   539                           ;!    None.
   540                           ;!
   541                           ;!Critical Paths under _main in BANK0
   542                           ;!
   543                           ;!    None.
   544                           ;!
   545                           ;!Critical Paths under _timer0_isr in BANK0
   546                           ;!
   547                           ;!    None.
   548                           ;!
   549                           ;!Critical Paths under _main in BANK1
   550                           ;!
   551                           ;!    None.
   552                           ;!
   553                           ;!Critical Paths under _timer0_isr in BANK1
   554                           ;!
   555                           ;!    None.
   556                           ;!
   557                           ;!Critical Paths under _main in BANK2
   558                           ;!
   559                           ;!    None.
   560                           ;!
   561                           ;!Critical Paths under _timer0_isr in BANK2
   562                           ;!
   563                           ;!    None.
   564                           ;!
   565                           ;!Critical Paths under _main in BANK3
   566                           ;!
   567                           ;!    None.
   568                           ;!
   569                           ;!Critical Paths under _timer0_isr in BANK3
   570                           ;!
   571                           ;!    None.
   572                           ;!
   573                           ;!Critical Paths under _main in BANK4
   574                           ;!
   575                           ;!    None.
   576                           ;!
   577                           ;!Critical Paths under _timer0_isr in BANK4
   578                           ;!
   579                           ;!    None.
   580                           ;!
   581                           ;!Critical Paths under _main in BANK5
   582                           ;!
   583                           ;!    None.
   584                           ;!
   585                           ;!Critical Paths under _timer0_isr in BANK5
   586                           ;!
   587                           ;!    None.
   588                           ;!
   589                           ;!Critical Paths under _main in BANK6
   590                           ;!
   591                           ;!    None.
   592                           ;!
   593                           ;!Critical Paths under _timer0_isr in BANK6
   594                           ;!
   595                           ;!    None.
   596                           ;!
   597                           ;!Critical Paths under _main in BANK7
   598                           ;!
   599                           ;!    None.
   600                           ;!
   601                           ;!Critical Paths under _timer0_isr in BANK7
   602                           ;!
   603                           ;!    None.
   604                           
   605 ;;
   606 ;;Main: autosize = 0, tempsize = 0, incstack = 0, save=0
   607 ;;
   608                           
   609                           ;!
   610                           ;!Call Graph Tables:
   611                           ;!
   612                           ;! ---------------------------------------------------------------------------------
   613                           ;! (Depth) Function   	        Calls       Base Space   Used Autos Params    Refs
   614                           ;! ---------------------------------------------------------------------------------
   615                           ;! (0) _main                                                 0     0      0       0
   616                           ;! ---------------------------------------------------------------------------------
   617                           ;! Estimated maximum stack depth 0
   618                           ;! ---------------------------------------------------------------------------------
   619                           ;! (Depth) Function   	        Calls       Base Space   Used Autos Params    Refs
   620                           ;! ---------------------------------------------------------------------------------
   621                           ;! (1) _timer0_isr                                           1     1      0       0
   622                           ;!                                              0 COMRAM     1     1      0
   623                           ;! ---------------------------------------------------------------------------------
   624                           ;! Estimated maximum stack depth 1
   625                           ;! ---------------------------------------------------------------------------------
   626                           ;!
   627                           ;! Call Graph Graphs:
   628                           ;!
   629                           ;! _main (ROOT)
   630                           ;!
   631                           ;! _timer0_isr (ROOT)
   632                           ;!
   633                           
   634                           ;! Address spaces:
   635                           
   636                           ;!Name               Size   Autos  Total    Cost      Usage
   637                           ;!BITCOMRAM           5E      0       0       0        0.0%
   638                           ;!EEDATA             100      0       0       0        0.0%
   639                           ;!NULL                 0      0       0       0        0.0%
   640                           ;!CODE                 0      0       0       0        0.0%
   641                           ;!COMRAM              5E      1       1       1        1.1%
   642                           ;!STACK                0      0       0       2        0.0%
   643                           ;!DATA                 0      0       0       3        0.0%
   644                           ;!BITBANK0            A0      0       0       4        0.0%
   645                           ;!BANK0               A0      0       0       5        0.0%
   646                           ;!BITBANK1           100      0       0       6        0.0%
   647                           ;!BANK1              100      0       0       7        0.0%
   648                           ;!BITBANK2           100      0       0       8        0.0%
   649                           ;!BANK2              100      0       0       9        0.0%
   650                           ;!BITBANK3           100      0       0      10        0.0%
   651                           ;!BANK3              100      0       0      11        0.0%
   652                           ;!BITBANK4           100      0       0      12        0.0%
   653                           ;!BANK4              100      0       0      13        0.0%
   654                           ;!BITBANK5           100      0       0      14        0.0%
   655                           ;!BANK5              100      0       0      15        0.0%
   656                           ;!BITBANK6           100      0       0      16        0.0%
   657                           ;!BANK6              100      0       0      17        0.0%
   658                           ;!BITBANK7           100      0       0      18        0.0%
   659                           ;!BANK7              100      0       0      19        0.0%
   660                           ;!ABS                  0      0       0      20        0.0%
   661                           ;!BIGRAM             7FF      0       0      21        0.0%
   662                           ;!BITSFR               0      0       0     200        0.0%
   663                           ;!SFR                  0      0       0     200        0.0%
   664                           
   665                           	global	_main
   666                           
   667 ;; *************** function _main *****************
   668 ;; Defined at:
   669 ;;		line 25 in file "newmain.c"
   670 ;; Parameters:    Size  Location     Type
   671 ;;		None
   672 ;; Auto vars:     Size  Location     Type
   673 ;;		None
   674 ;; Return value:  Size  Location     Type
   675 ;;                  1    wreg      void 
   676 ;; Registers used:
   677 ;;		wreg, status,2
   678 ;; Tracked objects:
   679 ;;		On entry : 0/0
   680 ;;		On exit  : 0/0
   681 ;;		Unchanged: 0/0
   682 ;; Data sizes:     COMRAM   BANK0   BANK1   BANK2   BANK3   BANK4   BANK5   BANK6   BANK7
   683 ;;      Params:         0       0       0       0       0       0       0       0       0
   684 ;;      Locals:         0       0       0       0       0       0       0       0       0
   685 ;;      Temps:          0       0       0       0       0       0       0       0       0
   686 ;;      Totals:         0       0       0       0       0       0       0       0       0
   687 ;;Total ram usage:        0 bytes
   688 ;; Hardware stack levels required when called:    1
   689 ;; This function calls:
   690 ;;		Nothing
   691 ;; This function is called by:
   692 ;;		Startup code after reset
   693 ;; This function uses a non-reentrant model
   694 ;;
   695                           psect	text0,class=CODE,space=0,reloc=2,group=0
   696                           	file	"newmain.c"
   697                           	line	25
   698                           global __ptext0
   699                           __ptext0:
   700  000048                     psect	text0
   701                           	file	"newmain.c"
   702                           	line	25
   703                           	global	__size_of_main
   704                           	__size_of_main	equ	__end_of_main-_main
   705  0000                     	
   706                           _main:
   707  000048                     ;incstack = 0
   708                           	opt	stack 30
   709                           	line	27
   710                           	
   711                           l711:
   712  000048                     	movlw	low(0Fh)
   713  000048  0E0F               	movwf	((c:4033)),c	;volatile
   714  00004A  6EC1               	line	28
   715                           	
   716                           l713:
   717  00004C                     	bcf	((c:3987)),c,3	;volatile
   718  00004C  9693               	line	29
   719                           	
   720                           l715:
   721  00004E                     	bcf	((c:3969)),c,3	;volatile
   722  00004E  9681               	line	30
   723                           	movlw	low(02h)
   724  000050  0E02               	movwf	((c:4053)),c	;volatile
   725  000052  6ED5               	line	31
   726                           	movlw	low(085h)
   727  000054  0E85               	movwf	((c:4055)),c	;volatile
   728  000056  6ED7               	line	32
   729                           	movlw	low(0EEh)
   730  000058  0EEE               	movwf	((c:4054)),c	;volatile
   731  00005A  6ED6               	line	33
   732                           	
   733                           l717:
   734  00005C                     	bcf	((c:4082)),c,2	;volatile
   735  00005C  94F2               	line	34
   736                           	
   737                           l719:
   738  00005E                     	bsf	((c:4082)),c,5	;volatile
   739  00005E  8AF2               	line	35
   740                           	
   741                           l721:
   742  000060                     	bsf	((c:4053)),c,7	;volatile
   743  000060  8ED5               	line	36
   744                           	
   745                           l723:
   746  000062                     	bsf	((c:4082)),c,7	;volatile
   747  000062  8EF2               	line	37
   748                           	
   749                           l26:
   750  000064                     	
   751                           l27:
   752  000064                     	goto	l26
   753  000064  EF32  F000         	
   754                           l28:
   755  000068                     	line	38
   756                           	
   757                           l29:
   758  000068                     	global	start
   759                           	goto	start
   760  000068  EF07  F000         	opt stack 0
   761                           GLOBAL	__end_of_main
   762                           	__end_of_main:
   763  00006C                     	signat	_main,89
   764                           	global	_timer0_isr
   765                           
   766 ;; *************** function _timer0_isr *****************
   767 ;; Defined at:
   768 ;;		line 17 in file "newmain.c"
   769 ;; Parameters:    Size  Location     Type
   770 ;;		None
   771 ;; Auto vars:     Size  Location     Type
   772 ;;		None
   773 ;; Return value:  Size  Location     Type
   774 ;;                  1    wreg      void 
   775 ;; Registers used:
   776 ;;		wreg, status,2, status,0
   777 ;; Tracked objects:
   778 ;;		On entry : 0/0
   779 ;;		On exit  : 0/0
   780 ;;		Unchanged: 0/0
   781 ;; Data sizes:     COMRAM   BANK0   BANK1   BANK2   BANK3   BANK4   BANK5   BANK6   BANK7
   782 ;;      Params:         0       0       0       0       0       0       0       0       0
   783 ;;      Locals:         0       0       0       0       0       0       0       0       0
   784 ;;      Temps:          1       0       0       0       0       0       0       0       0
   785 ;;      Totals:         1       0       0       0       0       0       0       0       0
   786 ;;Total ram usage:        1 bytes
   787 ;; Hardware stack levels used:    1
   788 ;; This function calls:
   789 ;;		Nothing
   790 ;; This function is called by:
   791 ;;		Interrupt level 2
   792 ;; This function uses a non-reentrant model
   793 ;;
   794                           psect	intcode,class=CODE,space=0,reloc=2
   795                           global __pintcode
   796                           __pintcode:
   797  000008                     psect	intcode
   798                           	file	"newmain.c"
   799                           	line	17
   800                           	global	__size_of_timer0_isr
   801                           	__size_of_timer0_isr	equ	__end_of_timer0_isr-_timer0_isr
   802  0000                     	
   803                           _timer0_isr:
   804  000008                     ;incstack = 0
   805                           	opt	stack 30
   806                           	bsf int$flags,1,c ;set compiler interrupt flag (level 2)
   807  000008  8202               	global	int_func
   808                           	call	int_func,f	;refresh shadow registers
   809  00000A  ED09  F000         psect	intcode_body,class=CODE,space=0,reloc=2
   810                           global __pintcode_body
   811                           __pintcode_body:
   812  000012                     int_func:
   813  000012                     
   814                           	pop	; remove dummy address from shadow register refresh
   815  000012  0006               	line	19
   816                           	
   817                           i2l705:
   818  000014                     ;newmain.c: 19: INTCONbits.GIE = 1;
   819                           	movlw	low(085h)
   820  000014  0E85               	movwf	((c:4055)),c	;volatile
   821  000016  6ED7               	line	20
   822                           ;newmain.c: 20: while(1);
   823                           	movlw	low(0EEh)
   824  000018  0EEE               	movwf	((c:4054)),c	;volatile
   825  00001A  6ED6               	line	21
   826                           	
   827                           i2l707:
   828  00001C                     ;newmain.c: 21: }
   829                           	btfsc	((c:3969)),c,3	;volatile
   830  00001C  B681               	goto	i2u1_41
   831  00001E  EF13  F000         	goto	i2u1_40
   832  000022  EF16  F000         i2u1_41:
   833  000026                     	movlw	1
   834  000026  0E01               	goto	i2u1_46
   835  000028  EF17  F000         i2u1_40:
   836  00002C                     	movlw	0
   837  00002C  0E00               i2u1_46:
   838  00002E                     	xorlw	0ffh
   839  00002E  0AFF               	movwf	(??_timer0_isr+0+0)&0ffh,c
   840  000030  6E01               	rlncf	((??_timer0_isr+0+0)),c
   841  000032  4601               	rlncf	((??_timer0_isr+0+0)),c
   842  000034  4601               	rlncf	((??_timer0_isr+0+0)),c
   843  000036  4601               	movf	((c:3969)),c,w	;volatile
   844  000038  5081               	xorwf	((??_timer0_isr+0+0)),c,w
   845  00003A  1801               	andlw	not (((1<<1)-1)<<3)
   846  00003C  0BF7               	xorwf	((??_timer0_isr+0+0)),c,w
   847  00003E  1801               	movwf	((c:3969)),c	;volatile
   848  000040  6E81               	line	22
   849                           	
   850                           i2l709:
   851  000042                     	bcf	((c:4082)),c,2	;volatile
   852  000042  94F2               	line	23
   853                           	
   854                           i2l21:
   855  000044                     	bcf int$flags,1,c ;clear compiler interrupt flag (level 2)
   856  000044  9202               	retfie f
   857  000046  0011               	opt stack 0
   858                           GLOBAL	__end_of_timer0_isr
   859                           	__end_of_timer0_isr:
   860  000048                     	signat	_timer0_isr,89
   861                           	GLOBAL	__activetblptr
   862                           __activetblptr	EQU	0
   863  0000                     	psect	intsave_regs,class=BIGRAM,space=1,noexec
   864                           	PSECT	rparam,class=COMRAM,space=1,noexec
   865                           	GLOBAL	__Lrparam
   866                           	FNCONF	rparam,??,?
   867                           	GLOBAL	___rparam_used
   868                           	___rparam_used EQU 1
   869  0000                     	GLOBAL	___param_bank
   870                           	___param_bank EQU 0
   871  0000                     GLOBAL	__Lparam, __Hparam
   872                           GLOBAL	__Lrparam, __Hrparam
   873                           __Lparam	EQU	__Lrparam
   874  0000                     __Hparam	EQU	__Hrparam
   875  0000                            psect   temp,common,ovrld,class=COMRAM,space=1
   876                           	global	btemp
   877                           btemp:
   878  000002                     	ds	1
   879  000002                     	global	int$flags
   880                           	int$flags	set btemp
   881  0000                     	global	wtemp8
   882                           	wtemp8 set btemp+1
   883  0000                     	global	ttemp5
   884                           	ttemp5 set btemp+1
   885  0000                     	global	ttemp6
   886                           	ttemp6 set btemp+4
   887  0000                     	global	ttemp7
   888                           	ttemp7 set btemp+8
   889  0000                     	end


Data Sizes:
    Strings     0
    Constant    0
    Data        0
    BSS         0
    Persistent  0
    Stack       0

Auto Spaces:
    Space          Size  Autos    Used
    COMRAM           94      1       1
    BANK0           160      0       0
    BANK1           256      0       0
    BANK2           256      0       0
    BANK3           256      0       0
    BANK4           256      0       0
    BANK5           256      0       0
    BANK6           256      0       0
    BANK7           256      0       0

Pointer List with Targets:

    None.

Critical Paths under _main in COMRAM

    None.

Critical Paths under _timer0_isr in COMRAM

    None.

Critical Paths under _main in BANK0

    None.

Critical Paths under _timer0_isr in BANK0

    None.

Critical Paths under _main in BANK1

    None.

Critical Paths under _timer0_isr in BANK1

    None.

Critical Paths under _main in BANK2

    None.

Critical Paths under _timer0_isr in BANK2

    None.

Critical Paths under _main in BANK3

    None.

Critical Paths under _timer0_isr in BANK3

    None.

Critical Paths under _main in BANK4

    None.

Critical Paths under _timer0_isr in BANK4

    None.

Critical Paths under _main in BANK5

    None.

Critical Paths under _timer0_isr in BANK5

    None.

Critical Paths under _main in BANK6

    None.

Critical Paths under _timer0_isr in BANK6

    None.

Critical Paths under _main in BANK7

    None.

Critical Paths under _timer0_isr in BANK7

    None.

Call Graph Tables:

 ---------------------------------------------------------------------------------
 (Depth) Function   	        Calls       Base Space   Used Autos Params    Refs
 ---------------------------------------------------------------------------------
 (0) _main                                                 0     0      0       0
 ---------------------------------------------------------------------------------
 Estimated maximum stack depth 0
 ---------------------------------------------------------------------------------
 (Depth) Function   	        Calls       Base Space   Used Autos Params    Refs
 ---------------------------------------------------------------------------------
 (1) _timer0_isr                                           1     1      0       0
                                              0 COMRAM     1     1      0
 ---------------------------------------------------------------------------------
 Estimated maximum stack depth 1
 ---------------------------------------------------------------------------------

 Call Graph Graphs:

 _main (ROOT)

 _timer0_isr (ROOT)

 Address spaces:
Name               Size   Autos  Total    Cost      Usage
BITCOMRAM           5E      0       0       0        0.0%
EEDATA             100      0       0       0        0.0%
NULL                 0      0       0       0        0.0%
CODE                 0      0       0       0        0.0%
COMRAM              5E      1       1       1        1.1%
STACK                0      0       0       2        0.0%
DATA                 0      0       0       3        0.0%
BITBANK0            A0      0       0       4        0.0%
BANK0               A0      0       0       5        0.0%
BITBANK1           100      0       0       6        0.0%
BANK1              100      0       0       7        0.0%
BITBANK2           100      0       0       8        0.0%
BANK2              100      0       0       9        0.0%
BITBANK3           100      0       0      10        0.0%
BANK3              100      0       0      11        0.0%
BITBANK4           100      0       0      12        0.0%
BANK4              100      0       0      13        0.0%
BITBANK5           100      0       0      14        0.0%
BANK5              100      0       0      15        0.0%
BITBANK6           100      0       0      16        0.0%
BANK6              100      0       0      17        0.0%
BITBANK7           100      0       0      18        0.0%
BANK7              100      0       0      19        0.0%
ABS                  0      0       0      20        0.0%
BIGRAM             7FF      0       0      21        0.0%
BITSFR               0      0       0     200        0.0%
SFR                  0      0       0     200        0.0%


Microchip Technology PIC18 Macro Assembler V2.00 build -1524193055 
Symbol Table                                                                                   Fri Mar 28 10:27:19 2025

                     l26 0064                       l27 0064                       l28 0068  
                     l29 0068                      l711 0048                      l721 0060  
                    l713 004C                      l723 0062                      l715 004E  
                    l717 005C                      l719 005E             __CFG_FOSC$HS 000000  
           __CFG_LVP$OFF 000000             __CFG_WDT$OFF 000000                     i2l21 0044  
                   _main 0048                     btemp 0002                     start 000E  
           ___param_bank 000000                    ?_main 0001                    _T0CON 000FD5  
                  i2l705 0014                    i2l707 001C                    i2l709 0042  
                  _TMR0H 000FD7                    _TMR0L 000FD6                    ttemp5 0003  
                  ttemp6 0006                    ttemp7 000A                    wtemp8 0003  
        __initialization 006C             __end_of_main 006C                   ??_main 0002  
          __activetblptr 000000                   _ADCON1 000FC1                   i2u1_40 002C  
                 i2u1_41 0026                   i2u1_46 002E               __accesstop 0060  
__end_of__initialization 006C          __CFG_PBADEN$OFF 000000            ___rparam_used 000001  
         __pcstackCOMRAM 0001                  __Hparam 0000                  __Lparam 0000  
                __pcinit 006C                  __ramtop 0800                  __ptext0 0048  
              _T0CONbits 000FD5           __pintcode_body 0012     end_of_initialization 006C  
                int_func 0012               _timer0_isr 0008                _PORTBbits 000F81  
              _TRISBbits 000F93      start_initialization 006C              ?_timer0_isr 0001  
              __pintcode 0008      __size_of_timer0_isr 0040                 __Hrparam 0000  
               __Lrparam 0000            __size_of_main 0024             ??_timer0_isr 0001  
               int$flags 0002               _INTCONbits 000FF2                 intlevel2 0000  
     __end_of_timer0_isr 0048  
