

Microchip Technology PIC18 LITE Macro Assembler V2.00 build -1524193055 
                                                                                               Fri Jan 24 10:24:49 2025

Microchip Technology Omniscient Code Generator v2.00 (Free mode) build 20180527130849
     1  0000                     
     2                           ; Version 2.00
     3                           ; Generated 27/05/2018 GMT
     4                           
     5                           ; 
     6                           ; Copyright © 2018, Microchip Technology Inc. and its subsidiaries ("Microchip")
     7                           ; All rights reserved.
     8                           ; 
     9                           ; This software is developed by Microchip Technology Inc. and its subsidiaries ("Microch
                                 ip").
    10                           ; 
    11                           ; Redistribution and use in source and binary forms, with or without modification, are
    12                           ; permitted provided that the following conditions are met:
    13                           ; 
    14                           ;     1. Redistributions of source code must retain the above copyright notice, this lis
                                 t of
    15                           ;        conditions and the following disclaimer.
    16                           ; 
    17                           ;     2. Redistributions in binary form must reproduce the above copyright notice, this 
                                 list
    18                           ;        of conditions and the following disclaimer in the documentation and/or other
    19                           ;        materials provided with the distribution.
    20                           ; 
    21                           ;     3. Microchip's name may not be used to endorse or promote products derived from th
                                 is
    22                           ;        software without specific prior written permission.
    23                           ; 
    24                           ; THIS SOFTWARE IS PROVIDED BY MICROCHIP "AS IS" AND ANY EXPRESS OR IMPLIED WARRANTIES,

    25                           ; INCLUDING, BUT NOT LIMITED TO, THE IMPLIED WARRANTIES OF MERCHANTABILITY AND FITNESS F
                                 OR
    26                           ; PURPOSE ARE DISCLAIMED.  IN NO EVENT SHALL MICROCHIP BE LIABLE FOR ANY DIRECT, INDIREC
                                 T,
    27                           ; INCIDENTAL, SPECIAL, EXEMPLARY, OR CONSEQUENTIAL DAMAGES (INCLUDING BUT NOT LIMITED TO
                                 
    28                           ; PROCUREMENT OF SUBSTITUTE GOODS OR SERVICES; LOSS OF USE, DATA OR PROFITS; OR BUSINESS
                                 
    29                           ; INTERRUPTION) HOWSOEVER CAUSED AND ON ANY THEORY OF LIABILITY, WHETHER IN CONTRACT, ST
                                 RICT
    30                           ; LIABILITY, OR TORT (INCLUDING NEGLIGENCE OR OTHERWISE) ARISING IN ANY WAY OUT OF THE U
                                 SE OF
    31                           ; THIS SOFTWARE, EVEN IF ADVISED OF THE POSSIBILITY OF SUCH DAMAGE.
    32                           ; 
    33                           
    34                           
    35                           ; 
    36                           ; Code-generator required, PIC18F4550 Definitions
    37                           ; 
    38  0000                     fsr0 equ 0FE9h
    39  0000                     fsr0h equ 0FEAh
    40  0000                     fsr0l equ 0FE9h
    41  0000                     fsr1 equ 0FE1h
    42  0000                     fsr1h equ 0FE2h
    43  0000                     fsr1l equ 0FE1h
    44  0000                     fsr2 equ 0FD9h
    45  0000                     fsr2h equ 0FDAh
    46  0000                     fsr2l equ 0FD9h
    47  0000                     indf0 equ 0FEFh
    48  0000                     indf1 equ 0FE7h
    49  0000                     indf2 equ 0FDFh
    50  0000                     intcon equ 0FF2h
    51  0000                     nvmcon equ 00h
    52  0000                     pcl equ 0FF9h
    53  0000                     pclath equ 0FFAh
    54  0000                     pclatu equ 0FFBh
    55  0000                     plusw0 equ 0FEBh
    56  0000                     plusw1 equ 0FE3h
    57  0000                     plusw2 equ 0FDBh
    58  0000                     postdec0 equ 0FEDh
    59  0000                     postdec1 equ 0FE5h
    60  0000                     postdec2 equ 0FDDh
    61  0000                     postinc0 equ 0FEEh
    62  0000                     postinc1 equ 0FE6h
    63  0000                     postinc2 equ 0FDEh
    64  0000                     preinc0 equ 0FECh
    65  0000                     preinc1 equ 0FE4h
    66  0000                     preinc2 equ 0FDCh
    67  0000                     prod equ 0FF3h
    68  0000                     prodh equ 0FF4h
    69  0000                     prodl equ 0FF3h
    70  0000                     status equ 0FD8h
    71  0000                     tablat equ 0FF5h
    72  0000                     tblptr equ 0FF6h
    73  0000                     tblptrh equ 0FF7h
    74  0000                     tblptrl equ 0FF6h
    75  0000                     tblptru equ 0FF8h
    76  0000                     tosl equ 0FFDh
    77  0000                     wreg equ 0FE8h
    78  0000                     
     2                           opt pagewidth 120
     3  0000                     byte0	macro	val
     4                           	(getbyte(val,0))
     5                           endm
     6  0000                     byte1	macro	val
     7                           	(getbyte(val,1))
     8                           endm
     9  0000                     byte2	macro	val
    10                           	(getbyte(val,2))
    11                           endm
    12  0000                     byte3	macro	val
    13                           	(getbyte(val,3))
    14                           endm
    15  0000                     byte4	macro	val
    16                           	(getbyte(val,4))
    17                           endm
    18  0000                     byte5	macro	val
    19                           	(getbyte(val,5))
    20                           endm
    21  0000                     byte6	macro	val
    22                           	(getbyte(val,6))
    23                           endm
    24  0000                     byte7	macro	val
    25                           	(getbyte(val,7))
    26                           endm
    27  0000                     getword	macro	val,pos
    28                           	(((val) >> (8 * pos)) and 0xffff)
    29                           endm
    30  0000                     word0	macro	val
    31                           	(getword(val,0))
    32                           endm
    33  0000                     word1	macro	val
    34                           	(getword(val,2))
    35                           endm
    36  0000                     word2	macro	val
    37                           	(getword(val,4))
    38                           endm
    39  0000                     word3	macro	val
    40                           	(getword(val,6))
    41                           endm
    42  0000                     gettword	macro	val,pos
    43                           	(((val) >> (8 * pos)) and 0xffffff)
    44                           endm
    45  0000                     tword0	macro	val
    46                           	(gettword(val,0))
    47                           endm
    48  0000                     tword1	macro	val
    49                           	(gettword(val,3))
    50                           endm
    51  0000                     tword2	macro	val
    52                           	(gettword(val,6))
    53                           endm
    54  0000                     getdword	macro	val,pos
    55                           	(((val) >> (8 * pos)) and 0xffffffff)
    56                           endm
    57  0000                     dword0	macro	val
    58                           	(getdword(val,0))
    59                           endm
    60  0000                     dword1	macro	val
    61                           	(getdword(val,4))
    62                           endm
    63  0000                     clrc   macro
    64                           	bcf	status,0
    65                           endm
    66  0000                     setc   macro
    67                           	bsf	status,0
    68                           endm
    69  0000                     clrz   macro
    70                           	bcf	status,2
    71                           endm
    72  0000                     setz   macro
    73                           	bsf	status,2
    74                           endm
    75  0000                     skipnz macro
    76                           	btfsc	status,2
    77                           endm
    78  0000                     skipz  macro
    79                           	btfss	status,2
    80                           endm
    81  0000                     skipnc macro
    82                           	btfsc	status,0
    83                           endm
    84  0000                     skipc  macro
    85                           	btfss	status,0
    86                           endm
    87  0000                     pushw macro
    88                           	movwf postinc1
    89                           endm
    90  0000                     pushf macro arg1
    91                           	movff arg1, postinc1
    92                           endm
    93  0000                     popw macro
    94                           	movf postdec1,f
    95                           	movf indf1,w
    96                           endm
    97  0000                     popf macro arg1
    98                           	movf postdec1,f
    99                           	movff indf1,arg1
   100                           endm
   101  0000                     popfc macro arg1
   102                           	movff plusw1,arg1
   103                           	decfsz fsr1,f
   104                           endm
   105  0000                     	global	__ramtop
   106                           	global	__accesstop
   107                           # 54 "C:\Program Files (x86)\Microchip\xc8\v2.00\pic\include\pic18f4550.h"
   108                           SPPDATA equ 0F62h ;# 
   109  0000                     # 74 "C:\Program Files (x86)\Microchip\xc8\v2.00\pic\include\pic18f4550.h"
   110                           SPPCFG equ 0F63h ;# 
   111  0000                     # 151 "C:\Program Files (x86)\Microchip\xc8\v2.00\pic\include\pic18f4550.h"
   112                           SPPEPS equ 0F64h ;# 
   113  0000                     # 225 "C:\Program Files (x86)\Microchip\xc8\v2.00\pic\include\pic18f4550.h"
   114                           SPPCON equ 0F65h ;# 
   115  0000                     # 251 "C:\Program Files (x86)\Microchip\xc8\v2.00\pic\include\pic18f4550.h"
   116                           UFRM equ 0F66h ;# 
   117  0000                     # 258 "C:\Program Files (x86)\Microchip\xc8\v2.00\pic\include\pic18f4550.h"
   118                           UFRML equ 0F66h ;# 
   119  0000                     # 336 "C:\Program Files (x86)\Microchip\xc8\v2.00\pic\include\pic18f4550.h"
   120                           UFRMH equ 0F67h ;# 
   121  0000                     # 376 "C:\Program Files (x86)\Microchip\xc8\v2.00\pic\include\pic18f4550.h"
   122                           UIR equ 0F68h ;# 
   123  0000                     # 432 "C:\Program Files (x86)\Microchip\xc8\v2.00\pic\include\pic18f4550.h"
   124                           UIE equ 0F69h ;# 
   125  0000                     # 488 "C:\Program Files (x86)\Microchip\xc8\v2.00\pic\include\pic18f4550.h"
   126                           UEIR equ 0F6Ah ;# 
   127  0000                     # 539 "C:\Program Files (x86)\Microchip\xc8\v2.00\pic\include\pic18f4550.h"
   128                           UEIE equ 0F6Bh ;# 
   129  0000                     # 590 "C:\Program Files (x86)\Microchip\xc8\v2.00\pic\include\pic18f4550.h"
   130                           USTAT equ 0F6Ch ;# 
   131  0000                     # 650 "C:\Program Files (x86)\Microchip\xc8\v2.00\pic\include\pic18f4550.h"
   132                           UCON equ 0F6Dh ;# 
   133  0000                     # 701 "C:\Program Files (x86)\Microchip\xc8\v2.00\pic\include\pic18f4550.h"
   134                           UADDR equ 0F6Eh ;# 
   135  0000                     # 765 "C:\Program Files (x86)\Microchip\xc8\v2.00\pic\include\pic18f4550.h"
   136                           UCFG equ 0F6Fh ;# 
   137  0000                     # 844 "C:\Program Files (x86)\Microchip\xc8\v2.00\pic\include\pic18f4550.h"
   138                           UEP0 equ 0F70h ;# 
   139  0000                     # 952 "C:\Program Files (x86)\Microchip\xc8\v2.00\pic\include\pic18f4550.h"
   140                           UEP1 equ 0F71h ;# 
   141  0000                     # 1060 "C:\Program Files (x86)\Microchip\xc8\v2.00\pic\include\pic18f4550.h"
   142                           UEP2 equ 0F72h ;# 
   143  0000                     # 1168 "C:\Program Files (x86)\Microchip\xc8\v2.00\pic\include\pic18f4550.h"
   144                           UEP3 equ 0F73h ;# 
   145  0000                     # 1276 "C:\Program Files (x86)\Microchip\xc8\v2.00\pic\include\pic18f4550.h"
   146                           UEP4 equ 0F74h ;# 
   147  0000                     # 1384 "C:\Program Files (x86)\Microchip\xc8\v2.00\pic\include\pic18f4550.h"
   148                           UEP5 equ 0F75h ;# 
   149  0000                     # 1492 "C:\Program Files (x86)\Microchip\xc8\v2.00\pic\include\pic18f4550.h"
   150                           UEP6 equ 0F76h ;# 
   151  0000                     # 1600 "C:\Program Files (x86)\Microchip\xc8\v2.00\pic\include\pic18f4550.h"
   152                           UEP7 equ 0F77h ;# 
   153  0000                     # 1708 "C:\Program Files (x86)\Microchip\xc8\v2.00\pic\include\pic18f4550.h"
   154                           UEP8 equ 0F78h ;# 
   155  0000                     # 1784 "C:\Program Files (x86)\Microchip\xc8\v2.00\pic\include\pic18f4550.h"
   156                           UEP9 equ 0F79h ;# 
   157  0000                     # 1860 "C:\Program Files (x86)\Microchip\xc8\v2.00\pic\include\pic18f4550.h"
   158                           UEP10 equ 0F7Ah ;# 
   159  0000                     # 1936 "C:\Program Files (x86)\Microchip\xc8\v2.00\pic\include\pic18f4550.h"
   160                           UEP11 equ 0F7Bh ;# 
   161  0000                     # 2012 "C:\Program Files (x86)\Microchip\xc8\v2.00\pic\include\pic18f4550.h"
   162                           UEP12 equ 0F7Ch ;# 
   163  0000                     # 2088 "C:\Program Files (x86)\Microchip\xc8\v2.00\pic\include\pic18f4550.h"
   164                           UEP13 equ 0F7Dh ;# 
   165  0000                     # 2164 "C:\Program Files (x86)\Microchip\xc8\v2.00\pic\include\pic18f4550.h"
   166                           UEP14 equ 0F7Eh ;# 
   167  0000                     # 2240 "C:\Program Files (x86)\Microchip\xc8\v2.00\pic\include\pic18f4550.h"
   168                           UEP15 equ 0F7Fh ;# 
   169  0000                     # 2316 "C:\Program Files (x86)\Microchip\xc8\v2.00\pic\include\pic18f4550.h"
   170                           PORTA equ 0F80h ;# 
   171  0000                     # 2455 "C:\Program Files (x86)\Microchip\xc8\v2.00\pic\include\pic18f4550.h"
   172                           PORTB equ 0F81h ;# 
   173  0000                     # 2565 "C:\Program Files (x86)\Microchip\xc8\v2.00\pic\include\pic18f4550.h"
   174                           PORTC equ 0F82h ;# 
   175  0000                     # 2707 "C:\Program Files (x86)\Microchip\xc8\v2.00\pic\include\pic18f4550.h"
   176                           PORTD equ 0F83h ;# 
   177  0000                     # 2828 "C:\Program Files (x86)\Microchip\xc8\v2.00\pic\include\pic18f4550.h"
   178                           PORTE equ 0F84h ;# 
   179  0000                     # 2975 "C:\Program Files (x86)\Microchip\xc8\v2.00\pic\include\pic18f4550.h"
   180                           LATA equ 0F89h ;# 
   181  0000                     # 3075 "C:\Program Files (x86)\Microchip\xc8\v2.00\pic\include\pic18f4550.h"
   182                           LATB equ 0F8Ah ;# 
   183  0000                     # 3187 "C:\Program Files (x86)\Microchip\xc8\v2.00\pic\include\pic18f4550.h"
   184                           LATC equ 0F8Bh ;# 
   185  0000                     # 3265 "C:\Program Files (x86)\Microchip\xc8\v2.00\pic\include\pic18f4550.h"
   186                           LATD equ 0F8Ch ;# 
   187  0000                     # 3377 "C:\Program Files (x86)\Microchip\xc8\v2.00\pic\include\pic18f4550.h"
   188                           LATE equ 0F8Dh ;# 
   189  0000                     # 3429 "C:\Program Files (x86)\Microchip\xc8\v2.00\pic\include\pic18f4550.h"
   190                           TRISA equ 0F92h ;# 
   191  0000                     # 3434 "C:\Program Files (x86)\Microchip\xc8\v2.00\pic\include\pic18f4550.h"
   192                           DDRA equ 0F92h ;# 
   193  0000                     # 3627 "C:\Program Files (x86)\Microchip\xc8\v2.00\pic\include\pic18f4550.h"
   194                           TRISB equ 0F93h ;# 
   195  0000                     # 3632 "C:\Program Files (x86)\Microchip\xc8\v2.00\pic\include\pic18f4550.h"
   196                           DDRB equ 0F93h ;# 
   197  0000                     # 3849 "C:\Program Files (x86)\Microchip\xc8\v2.00\pic\include\pic18f4550.h"
   198                           TRISC equ 0F94h ;# 
   199  0000                     # 3854 "C:\Program Files (x86)\Microchip\xc8\v2.00\pic\include\pic18f4550.h"
   200                           DDRC equ 0F94h ;# 
   201  0000                     # 4003 "C:\Program Files (x86)\Microchip\xc8\v2.00\pic\include\pic18f4550.h"
   202                           TRISD equ 0F95h ;# 
   203  0000                     # 4008 "C:\Program Files (x86)\Microchip\xc8\v2.00\pic\include\pic18f4550.h"
   204                           DDRD equ 0F95h ;# 
   205  0000                     # 4225 "C:\Program Files (x86)\Microchip\xc8\v2.00\pic\include\pic18f4550.h"
   206                           TRISE equ 0F96h ;# 
   207  0000                     # 4230 "C:\Program Files (x86)\Microchip\xc8\v2.00\pic\include\pic18f4550.h"
   208                           DDRE equ 0F96h ;# 
   209  0000                     # 4327 "C:\Program Files (x86)\Microchip\xc8\v2.00\pic\include\pic18f4550.h"
   210                           OSCTUNE equ 0F9Bh ;# 
   211  0000                     # 4386 "C:\Program Files (x86)\Microchip\xc8\v2.00\pic\include\pic18f4550.h"
   212                           PIE1 equ 0F9Dh ;# 
   213  0000                     # 4470 "C:\Program Files (x86)\Microchip\xc8\v2.00\pic\include\pic18f4550.h"
   214                           PIR1 equ 0F9Eh ;# 
   215  0000                     # 4554 "C:\Program Files (x86)\Microchip\xc8\v2.00\pic\include\pic18f4550.h"
   216                           IPR1 equ 0F9Fh ;# 
   217  0000                     # 4638 "C:\Program Files (x86)\Microchip\xc8\v2.00\pic\include\pic18f4550.h"
   218                           PIE2 equ 0FA0h ;# 
   219  0000                     # 4709 "C:\Program Files (x86)\Microchip\xc8\v2.00\pic\include\pic18f4550.h"
   220                           PIR2 equ 0FA1h ;# 
   221  0000                     # 4780 "C:\Program Files (x86)\Microchip\xc8\v2.00\pic\include\pic18f4550.h"
   222                           IPR2 equ 0FA2h ;# 
   223  0000                     # 4851 "C:\Program Files (x86)\Microchip\xc8\v2.00\pic\include\pic18f4550.h"
   224                           EECON1 equ 0FA6h ;# 
   225  0000                     # 4917 "C:\Program Files (x86)\Microchip\xc8\v2.00\pic\include\pic18f4550.h"
   226                           EECON2 equ 0FA7h ;# 
   227  0000                     # 4924 "C:\Program Files (x86)\Microchip\xc8\v2.00\pic\include\pic18f4550.h"
   228                           EEDATA equ 0FA8h ;# 
   229  0000                     # 4931 "C:\Program Files (x86)\Microchip\xc8\v2.00\pic\include\pic18f4550.h"
   230                           EEADR equ 0FA9h ;# 
   231  0000                     # 4938 "C:\Program Files (x86)\Microchip\xc8\v2.00\pic\include\pic18f4550.h"
   232                           RCSTA equ 0FABh ;# 
   233  0000                     # 4943 "C:\Program Files (x86)\Microchip\xc8\v2.00\pic\include\pic18f4550.h"
   234                           RCSTA1 equ 0FABh ;# 
   235  0000                     # 5148 "C:\Program Files (x86)\Microchip\xc8\v2.00\pic\include\pic18f4550.h"
   236                           TXSTA equ 0FACh ;# 
   237  0000                     # 5153 "C:\Program Files (x86)\Microchip\xc8\v2.00\pic\include\pic18f4550.h"
   238                           TXSTA1 equ 0FACh ;# 
   239  0000                     # 5404 "C:\Program Files (x86)\Microchip\xc8\v2.00\pic\include\pic18f4550.h"
   240                           TXREG equ 0FADh ;# 
   241  0000                     # 5409 "C:\Program Files (x86)\Microchip\xc8\v2.00\pic\include\pic18f4550.h"
   242                           TXREG1 equ 0FADh ;# 
   243  0000                     # 5416 "C:\Program Files (x86)\Microchip\xc8\v2.00\pic\include\pic18f4550.h"
   244                           RCREG equ 0FAEh ;# 
   245  0000                     # 5421 "C:\Program Files (x86)\Microchip\xc8\v2.00\pic\include\pic18f4550.h"
   246                           RCREG1 equ 0FAEh ;# 
   247  0000                     # 5428 "C:\Program Files (x86)\Microchip\xc8\v2.00\pic\include\pic18f4550.h"
   248                           SPBRG equ 0FAFh ;# 
   249  0000                     # 5433 "C:\Program Files (x86)\Microchip\xc8\v2.00\pic\include\pic18f4550.h"
   250                           SPBRG1 equ 0FAFh ;# 
   251  0000                     # 5440 "C:\Program Files (x86)\Microchip\xc8\v2.00\pic\include\pic18f4550.h"
   252                           SPBRGH equ 0FB0h ;# 
   253  0000                     # 5447 "C:\Program Files (x86)\Microchip\xc8\v2.00\pic\include\pic18f4550.h"
   254                           T3CON equ 0FB1h ;# 
   255  0000                     # 5568 "C:\Program Files (x86)\Microchip\xc8\v2.00\pic\include\pic18f4550.h"
   256                           TMR3 equ 0FB2h ;# 
   257  0000                     # 5575 "C:\Program Files (x86)\Microchip\xc8\v2.00\pic\include\pic18f4550.h"
   258                           TMR3L equ 0FB2h ;# 
   259  0000                     # 5582 "C:\Program Files (x86)\Microchip\xc8\v2.00\pic\include\pic18f4550.h"
   260                           TMR3H equ 0FB3h ;# 
   261  0000                     # 5589 "C:\Program Files (x86)\Microchip\xc8\v2.00\pic\include\pic18f4550.h"
   262                           CMCON equ 0FB4h ;# 
   263  0000                     # 5679 "C:\Program Files (x86)\Microchip\xc8\v2.00\pic\include\pic18f4550.h"
   264                           CVRCON equ 0FB5h ;# 
   265  0000                     # 5764 "C:\Program Files (x86)\Microchip\xc8\v2.00\pic\include\pic18f4550.h"
   266                           ECCP1AS equ 0FB6h ;# 
   267  0000                     # 5769 "C:\Program Files (x86)\Microchip\xc8\v2.00\pic\include\pic18f4550.h"
   268                           CCP1AS equ 0FB6h ;# 
   269  0000                     # 5926 "C:\Program Files (x86)\Microchip\xc8\v2.00\pic\include\pic18f4550.h"
   270                           ECCP1DEL equ 0FB7h ;# 
   271  0000                     # 5931 "C:\Program Files (x86)\Microchip\xc8\v2.00\pic\include\pic18f4550.h"
   272                           CCP1DEL equ 0FB7h ;# 
   273  0000                     # 6064 "C:\Program Files (x86)\Microchip\xc8\v2.00\pic\include\pic18f4550.h"
   274                           BAUDCON equ 0FB8h ;# 
   275  0000                     # 6069 "C:\Program Files (x86)\Microchip\xc8\v2.00\pic\include\pic18f4550.h"
   276                           BAUDCTL equ 0FB8h ;# 
   277  0000                     # 6244 "C:\Program Files (x86)\Microchip\xc8\v2.00\pic\include\pic18f4550.h"
   278                           CCP2CON equ 0FBAh ;# 
   279  0000                     # 6308 "C:\Program Files (x86)\Microchip\xc8\v2.00\pic\include\pic18f4550.h"
   280                           CCPR2 equ 0FBBh ;# 
   281  0000                     # 6315 "C:\Program Files (x86)\Microchip\xc8\v2.00\pic\include\pic18f4550.h"
   282                           CCPR2L equ 0FBBh ;# 
   283  0000                     # 6322 "C:\Program Files (x86)\Microchip\xc8\v2.00\pic\include\pic18f4550.h"
   284                           CCPR2H equ 0FBCh ;# 
   285  0000                     # 6329 "C:\Program Files (x86)\Microchip\xc8\v2.00\pic\include\pic18f4550.h"
   286                           CCP1CON equ 0FBDh ;# 
   287  0000                     # 6334 "C:\Program Files (x86)\Microchip\xc8\v2.00\pic\include\pic18f4550.h"
   288                           ECCP1CON equ 0FBDh ;# 
   289  0000                     # 6491 "C:\Program Files (x86)\Microchip\xc8\v2.00\pic\include\pic18f4550.h"
   290                           CCPR1 equ 0FBEh ;# 
   291  0000                     # 6498 "C:\Program Files (x86)\Microchip\xc8\v2.00\pic\include\pic18f4550.h"
   292                           CCPR1L equ 0FBEh ;# 
   293  0000                     # 6505 "C:\Program Files (x86)\Microchip\xc8\v2.00\pic\include\pic18f4550.h"
   294                           CCPR1H equ 0FBFh ;# 
   295  0000                     # 6512 "C:\Program Files (x86)\Microchip\xc8\v2.00\pic\include\pic18f4550.h"
   296                           ADCON2 equ 0FC0h ;# 
   297  0000                     # 6583 "C:\Program Files (x86)\Microchip\xc8\v2.00\pic\include\pic18f4550.h"
   298                           ADCON1 equ 0FC1h ;# 
   299  0000                     # 6668 "C:\Program Files (x86)\Microchip\xc8\v2.00\pic\include\pic18f4550.h"
   300                           ADCON0 equ 0FC2h ;# 
   301  0000                     # 6787 "C:\Program Files (x86)\Microchip\xc8\v2.00\pic\include\pic18f4550.h"
   302                           ADRES equ 0FC3h ;# 
   303  0000                     # 6794 "C:\Program Files (x86)\Microchip\xc8\v2.00\pic\include\pic18f4550.h"
   304                           ADRESL equ 0FC3h ;# 
   305  0000                     # 6801 "C:\Program Files (x86)\Microchip\xc8\v2.00\pic\include\pic18f4550.h"
   306                           ADRESH equ 0FC4h ;# 
   307  0000                     # 6808 "C:\Program Files (x86)\Microchip\xc8\v2.00\pic\include\pic18f4550.h"
   308                           SSPCON2 equ 0FC5h ;# 
   309  0000                     # 6870 "C:\Program Files (x86)\Microchip\xc8\v2.00\pic\include\pic18f4550.h"
   310                           SSPCON1 equ 0FC6h ;# 
   311  0000                     # 6940 "C:\Program Files (x86)\Microchip\xc8\v2.00\pic\include\pic18f4550.h"
   312                           SSPSTAT equ 0FC7h ;# 
   313  0000                     # 7188 "C:\Program Files (x86)\Microchip\xc8\v2.00\pic\include\pic18f4550.h"
   314                           SSPADD equ 0FC8h ;# 
   315  0000                     # 7195 "C:\Program Files (x86)\Microchip\xc8\v2.00\pic\include\pic18f4550.h"
   316                           SSPBUF equ 0FC9h ;# 
   317  0000                     # 7202 "C:\Program Files (x86)\Microchip\xc8\v2.00\pic\include\pic18f4550.h"
   318                           T2CON equ 0FCAh ;# 
   319  0000                     # 7300 "C:\Program Files (x86)\Microchip\xc8\v2.00\pic\include\pic18f4550.h"
   320                           PR2 equ 0FCBh ;# 
   321  0000                     # 7305 "C:\Program Files (x86)\Microchip\xc8\v2.00\pic\include\pic18f4550.h"
   322                           MEMCON equ 0FCBh ;# 
   323  0000                     # 7410 "C:\Program Files (x86)\Microchip\xc8\v2.00\pic\include\pic18f4550.h"
   324                           TMR2 equ 0FCCh ;# 
   325  0000                     # 7417 "C:\Program Files (x86)\Microchip\xc8\v2.00\pic\include\pic18f4550.h"
   326                           T1CON equ 0FCDh ;# 
   327  0000                     # 7520 "C:\Program Files (x86)\Microchip\xc8\v2.00\pic\include\pic18f4550.h"
   328                           TMR1 equ 0FCEh ;# 
   329  0000                     # 7527 "C:\Program Files (x86)\Microchip\xc8\v2.00\pic\include\pic18f4550.h"
   330                           TMR1L equ 0FCEh ;# 
   331  0000                     # 7534 "C:\Program Files (x86)\Microchip\xc8\v2.00\pic\include\pic18f4550.h"
   332                           TMR1H equ 0FCFh ;# 
   333  0000                     # 7541 "C:\Program Files (x86)\Microchip\xc8\v2.00\pic\include\pic18f4550.h"
   334                           RCON equ 0FD0h ;# 
   335  0000                     # 7690 "C:\Program Files (x86)\Microchip\xc8\v2.00\pic\include\pic18f4550.h"
   336                           WDTCON equ 0FD1h ;# 
   337  0000                     # 7718 "C:\Program Files (x86)\Microchip\xc8\v2.00\pic\include\pic18f4550.h"
   338                           HLVDCON equ 0FD2h ;# 
   339  0000                     # 7723 "C:\Program Files (x86)\Microchip\xc8\v2.00\pic\include\pic18f4550.h"
   340                           LVDCON equ 0FD2h ;# 
   341  0000                     # 7988 "C:\Program Files (x86)\Microchip\xc8\v2.00\pic\include\pic18f4550.h"
   342                           OSCCON equ 0FD3h ;# 
   343  0000                     # 8071 "C:\Program Files (x86)\Microchip\xc8\v2.00\pic\include\pic18f4550.h"
   344                           T0CON equ 0FD5h ;# 
   345  0000                     # 8141 "C:\Program Files (x86)\Microchip\xc8\v2.00\pic\include\pic18f4550.h"
   346                           TMR0 equ 0FD6h ;# 
   347  0000                     # 8148 "C:\Program Files (x86)\Microchip\xc8\v2.00\pic\include\pic18f4550.h"
   348                           TMR0L equ 0FD6h ;# 
   349  0000                     # 8155 "C:\Program Files (x86)\Microchip\xc8\v2.00\pic\include\pic18f4550.h"
   350                           TMR0H equ 0FD7h ;# 
   351  0000                     # 8162 "C:\Program Files (x86)\Microchip\xc8\v2.00\pic\include\pic18f4550.h"
   352                           STATUS equ 0FD8h ;# 
   353  0000                     # 8233 "C:\Program Files (x86)\Microchip\xc8\v2.00\pic\include\pic18f4550.h"
   354                           FSR2 equ 0FD9h ;# 
   355  0000                     # 8240 "C:\Program Files (x86)\Microchip\xc8\v2.00\pic\include\pic18f4550.h"
   356                           FSR2L equ 0FD9h ;# 
   357  0000                     # 8247 "C:\Program Files (x86)\Microchip\xc8\v2.00\pic\include\pic18f4550.h"
   358                           FSR2H equ 0FDAh ;# 
   359  0000                     # 8254 "C:\Program Files (x86)\Microchip\xc8\v2.00\pic\include\pic18f4550.h"
   360                           PLUSW2 equ 0FDBh ;# 
   361  0000                     # 8261 "C:\Program Files (x86)\Microchip\xc8\v2.00\pic\include\pic18f4550.h"
   362                           PREINC2 equ 0FDCh ;# 
   363  0000                     # 8268 "C:\Program Files (x86)\Microchip\xc8\v2.00\pic\include\pic18f4550.h"
   364                           POSTDEC2 equ 0FDDh ;# 
   365  0000                     # 8275 "C:\Program Files (x86)\Microchip\xc8\v2.00\pic\include\pic18f4550.h"
   366                           POSTINC2 equ 0FDEh ;# 
   367  0000                     # 8282 "C:\Program Files (x86)\Microchip\xc8\v2.00\pic\include\pic18f4550.h"
   368                           INDF2 equ 0FDFh ;# 
   369  0000                     # 8289 "C:\Program Files (x86)\Microchip\xc8\v2.00\pic\include\pic18f4550.h"
   370                           BSR equ 0FE0h ;# 
   371  0000                     # 8296 "C:\Program Files (x86)\Microchip\xc8\v2.00\pic\include\pic18f4550.h"
   372                           FSR1 equ 0FE1h ;# 
   373  0000                     # 8303 "C:\Program Files (x86)\Microchip\xc8\v2.00\pic\include\pic18f4550.h"
   374                           FSR1L equ 0FE1h ;# 
   375  0000                     # 8310 "C:\Program Files (x86)\Microchip\xc8\v2.00\pic\include\pic18f4550.h"
   376                           FSR1H equ 0FE2h ;# 
   377  0000                     # 8317 "C:\Program Files (x86)\Microchip\xc8\v2.00\pic\include\pic18f4550.h"
   378                           PLUSW1 equ 0FE3h ;# 
   379  0000                     # 8324 "C:\Program Files (x86)\Microchip\xc8\v2.00\pic\include\pic18f4550.h"
   380                           PREINC1 equ 0FE4h ;# 
   381  0000                     # 8331 "C:\Program Files (x86)\Microchip\xc8\v2.00\pic\include\pic18f4550.h"
   382                           POSTDEC1 equ 0FE5h ;# 
   383  0000                     # 8338 "C:\Program Files (x86)\Microchip\xc8\v2.00\pic\include\pic18f4550.h"
   384                           POSTINC1 equ 0FE6h ;# 
   385  0000                     # 8345 "C:\Program Files (x86)\Microchip\xc8\v2.00\pic\include\pic18f4550.h"
   386                           INDF1 equ 0FE7h ;# 
   387  0000                     # 8352 "C:\Program Files (x86)\Microchip\xc8\v2.00\pic\include\pic18f4550.h"
   388                           WREG equ 0FE8h ;# 
   389  0000                     # 8359 "C:\Program Files (x86)\Microchip\xc8\v2.00\pic\include\pic18f4550.h"
   390                           FSR0 equ 0FE9h ;# 
   391  0000                     # 8366 "C:\Program Files (x86)\Microchip\xc8\v2.00\pic\include\pic18f4550.h"
   392                           FSR0L equ 0FE9h ;# 
   393  0000                     # 8373 "C:\Program Files (x86)\Microchip\xc8\v2.00\pic\include\pic18f4550.h"
   394                           FSR0H equ 0FEAh ;# 
   395  0000                     # 8380 "C:\Program Files (x86)\Microchip\xc8\v2.00\pic\include\pic18f4550.h"
   396                           PLUSW0 equ 0FEBh ;# 
   397  0000                     # 8387 "C:\Program Files (x86)\Microchip\xc8\v2.00\pic\include\pic18f4550.h"
   398                           PREINC0 equ 0FECh ;# 
   399  0000                     # 8394 "C:\Program Files (x86)\Microchip\xc8\v2.00\pic\include\pic18f4550.h"
   400                           POSTDEC0 equ 0FEDh ;# 
   401  0000                     # 8401 "C:\Program Files (x86)\Microchip\xc8\v2.00\pic\include\pic18f4550.h"
   402                           POSTINC0 equ 0FEEh ;# 
   403  0000                     # 8408 "C:\Program Files (x86)\Microchip\xc8\v2.00\pic\include\pic18f4550.h"
   404                           INDF0 equ 0FEFh ;# 
   405  0000                     # 8415 "C:\Program Files (x86)\Microchip\xc8\v2.00\pic\include\pic18f4550.h"
   406                           INTCON3 equ 0FF0h ;# 
   407  0000                     # 8507 "C:\Program Files (x86)\Microchip\xc8\v2.00\pic\include\pic18f4550.h"
   408                           INTCON2 equ 0FF1h ;# 
   409  0000                     # 8584 "C:\Program Files (x86)\Microchip\xc8\v2.00\pic\include\pic18f4550.h"
   410                           INTCON equ 0FF2h ;# 
   411  0000                     # 8701 "C:\Program Files (x86)\Microchip\xc8\v2.00\pic\include\pic18f4550.h"
   412                           PROD equ 0FF3h ;# 
   413  0000                     # 8708 "C:\Program Files (x86)\Microchip\xc8\v2.00\pic\include\pic18f4550.h"
   414                           PRODL equ 0FF3h ;# 
   415  0000                     # 8715 "C:\Program Files (x86)\Microchip\xc8\v2.00\pic\include\pic18f4550.h"
   416                           PRODH equ 0FF4h ;# 
   417  0000                     # 8722 "C:\Program Files (x86)\Microchip\xc8\v2.00\pic\include\pic18f4550.h"
   418                           TABLAT equ 0FF5h ;# 
   419  0000                     # 8731 "C:\Program Files (x86)\Microchip\xc8\v2.00\pic\include\pic18f4550.h"
   420                           TBLPTR equ 0FF6h ;# 
   421  0000                     # 8738 "C:\Program Files (x86)\Microchip\xc8\v2.00\pic\include\pic18f4550.h"
   422                           TBLPTRL equ 0FF6h ;# 
   423  0000                     # 8745 "C:\Program Files (x86)\Microchip\xc8\v2.00\pic\include\pic18f4550.h"
   424                           TBLPTRH equ 0FF7h ;# 
   425  0000                     # 8752 "C:\Program Files (x86)\Microchip\xc8\v2.00\pic\include\pic18f4550.h"
   426                           TBLPTRU equ 0FF8h ;# 
   427  0000                     # 8761 "C:\Program Files (x86)\Microchip\xc8\v2.00\pic\include\pic18f4550.h"
   428                           PCLAT equ 0FF9h ;# 
   429  0000                     # 8768 "C:\Program Files (x86)\Microchip\xc8\v2.00\pic\include\pic18f4550.h"
   430                           PC equ 0FF9h ;# 
   431  0000                     # 8775 "C:\Program Files (x86)\Microchip\xc8\v2.00\pic\include\pic18f4550.h"
   432                           PCL equ 0FF9h ;# 
   433  0000                     # 8782 "C:\Program Files (x86)\Microchip\xc8\v2.00\pic\include\pic18f4550.h"
   434                           PCLATH equ 0FFAh ;# 
   435  0000                     # 8789 "C:\Program Files (x86)\Microchip\xc8\v2.00\pic\include\pic18f4550.h"
   436                           PCLATU equ 0FFBh ;# 
   437  0000                     # 8796 "C:\Program Files (x86)\Microchip\xc8\v2.00\pic\include\pic18f4550.h"
   438                           STKPTR equ 0FFCh ;# 
   439  0000                     # 8872 "C:\Program Files (x86)\Microchip\xc8\v2.00\pic\include\pic18f4550.h"
   440                           TOS equ 0FFDh ;# 
   441  0000                     # 8879 "C:\Program Files (x86)\Microchip\xc8\v2.00\pic\include\pic18f4550.h"
   442                           TOSL equ 0FFDh ;# 
   443  0000                     # 8886 "C:\Program Files (x86)\Microchip\xc8\v2.00\pic\include\pic18f4550.h"
   444                           TOSH equ 0FFEh ;# 
   445  0000                     # 8893 "C:\Program Files (x86)\Microchip\xc8\v2.00\pic\include\pic18f4550.h"
   446                           TOSU equ 0FFFh ;# 
   447  0000                     	FNROOT	_main
   448                           	global	main@F3165
   449                           	global	main@F3161
   450                           	global	main@F3159
   451                           psect	idataCOMRAM,class=CODE,space=0,delta=1,noexec
   452                           global __pidataCOMRAM
   453                           __pidataCOMRAM:
   454  007E56                     	file	"Assignment3.c"
   455                           	line	20
   456                           
   457                           ;initializer for main@F3165
   458                           	dw	(021h)&0ffffh
   459  007E56  0021               	dw	(022h)&0ffffh
   460  007E58  0022               	dw	(023h)&0ffffh
   461  007E5A  0023               	dw	(024h)&0ffffh
   462  007E5C  0024               	dw	(025h)&0ffffh
   463  007E5E  0025               	line	12
   464                           
   465                           ;initializer for main@F3161
   466                           	dw	(099h)&0ffffh
   467  007E60  0099               	dw	(099h)&0ffffh
   468  007E62  0099               	dw	(099h)&0ffffh
   469  007E64  0099               	dw	(099h)&0ffffh
   470  007E66  0099               	dw	(099h)&0ffffh
   471  007E68  0099               	line	11
   472                           
   473                           ;initializer for main@F3159
   474                           	dw	(021h)&0ffffh
   475  007E6A  0021               	dw	(022h)&0ffffh
   476  007E6C  0022               	dw	(023h)&0ffffh
   477  007E6E  0023               	dw	(024h)&0ffffh
   478  007E70  0024               	dw	(025h)&0ffffh
   479  007E72  0025               ; #config settings
   480                           	file	"C:\Users\student\AppData\Local\Temp\s47g."
   481                           	line	#
   482                           psect	cinit,class=CODE,delta=1,reloc=2
   483                           global __pcinit
   484                           __pcinit:
   485  007E74                     global start_initialization
   486                           start_initialization:
   487  007E74                     
   488                           global __initialization
   489                           __initialization:
   490  007E74                     psect	dataCOMRAM,class=COMRAM,space=1,noexec
   491                           global __pdataCOMRAM
   492                           __pdataCOMRAM:
   493  00002D                     	file	"Assignment3.c"
   494                           	line	20
   495                           main@F3165:
   496  00002D                            ds      10
   497  00002D                     psect	dataCOMRAM
   498                           	file	"Assignment3.c"
   499                           	line	12
   500                           main@F3161:
   501  000037                            ds      10
   502  000037                     psect	dataCOMRAM
   503                           	file	"Assignment3.c"
   504                           	line	11
   505                           main@F3159:
   506  000041                            ds      10
   507  000041                     	file	"C:\Users\student\AppData\Local\Temp\s47g."
   508                           	line	#
   509                           psect	cinit
   510                           ; Initialize objects allocated to COMRAM (30 bytes)
   511                           	global __pidataCOMRAM
   512                           	; load TBLPTR registers with __pidataCOMRAM
   513                           	movlw	low (__pidataCOMRAM)
   514  007E74  0E56               	movwf	tblptrl
   515  007E76  6EF6               	movlw	high(__pidataCOMRAM)
   516  007E78  0E7E               	movwf	tblptrh
   517  007E7A  6EF7               	movlw	low highword(__pidataCOMRAM)
   518  007E7C  0E00               	movwf	tblptru
   519  007E7E  6EF8               	lfsr	0,__pdataCOMRAM
   520  007E80  EE00  F02D         	lfsr	1,30
   521  007E84  EE10 F01E          	copy_data0:
   522  007E88                     	tblrd	*+
   523  007E88  0009               	movff	tablat, postinc0
   524  007E8A  CFF5 FFEE          	movf	postdec1,w
   525  007E8E  50E5               	movf	fsr1l,w
   526  007E90  50E1               	bnz	copy_data0
   527  007E92  E1FA               psect cinit,class=CODE,delta=1
   528                           global end_of_initialization,__end_of__initialization
   529                           
   530                           ;End of C runtime variable initialization code
   531                           
   532                           end_of_initialization:
   533  007E94                     __end_of__initialization:
   534  007E94                     movlb 0
   535  007E94  0100               goto _main	;jump to C main() function
   536  007E96  EF4D  F03F         psect	cstackCOMRAM,class=COMRAM,space=1,noexec
   537                           global __pcstackCOMRAM
   538                           __pcstackCOMRAM:
   539  000001                     ?_main:	; 1 bytes @ 0x0
   540  000001                     ??_main:	; 1 bytes @ 0x0
   541  000001                     	global	main@source2
   542                           main@source2:	; 10 bytes @ 0x0
   543  000001                     	ds   10
   544  000001                     	global	main@dest2
   545                           main@dest2:	; 10 bytes @ 0xA
   546  00000B                     	ds   10
   547  00000B                     	global	main@source1
   548                           main@source1:	; 10 bytes @ 0x14
   549  000015                     	ds   10
   550  000015                     	global	main@dest
   551                           main@dest:	; 10 bytes @ 0x1E
   552  00001F                     	ds   10
   553  00001F                     	global	main@temp
   554                           main@temp:	; 2 bytes @ 0x28
   555  000029                     	ds   2
   556  000029                     	global	main@i
   557                           main@i:	; 2 bytes @ 0x2A
   558  00002B                     	ds   2
   559  00002B                     ;!
   560                           ;!Data Sizes:
   561                           ;!    Strings     0
   562                           ;!    Constant    0
   563                           ;!    Data        30
   564                           ;!    BSS         0
   565                           ;!    Persistent  0
   566                           ;!    Stack       0
   567                           ;!
   568                           ;!Auto Spaces:
   569                           ;!    Space          Size  Autos    Used
   570                           ;!    COMRAM           95     44      74
   571                           ;!    BANK0           160      0       0
   572                           ;!    BANK1           256      0       0
   573                           ;!    BANK2           256      0       0
   574                           ;!    BANK3           256      0       0
   575                           ;!    BANK4           256      0       0
   576                           ;!    BANK5           256      0       0
   577                           ;!    BANK6           256      0       0
   578                           ;!    BANK7           256      0       0
   579                           
   580                           ;!
   581                           ;!Pointer List with Targets:
   582                           ;!
   583                           ;!    None.
   584                           
   585                           
   586                           ;!
   587                           ;!Critical Paths under _main in COMRAM
   588                           ;!
   589                           ;!    None.
   590                           ;!
   591                           ;!Critical Paths under _main in BANK0
   592                           ;!
   593                           ;!    None.
   594                           ;!
   595                           ;!Critical Paths under _main in BANK1
   596                           ;!
   597                           ;!    None.
   598                           ;!
   599                           ;!Critical Paths under _main in BANK2
   600                           ;!
   601                           ;!    None.
   602                           ;!
   603                           ;!Critical Paths under _main in BANK3
   604                           ;!
   605                           ;!    None.
   606                           ;!
   607                           ;!Critical Paths under _main in BANK4
   608                           ;!
   609                           ;!    None.
   610                           ;!
   611                           ;!Critical Paths under _main in BANK5
   612                           ;!
   613                           ;!    None.
   614                           ;!
   615                           ;!Critical Paths under _main in BANK6
   616                           ;!
   617                           ;!    None.
   618                           ;!
   619                           ;!Critical Paths under _main in BANK7
   620                           ;!
   621                           ;!    None.
   622                           
   623 ;;
   624 ;;Main: autosize = 0, tempsize = 0, incstack = 0, save=0
   625 ;;
   626                           
   627                           ;!
   628                           ;!Call Graph Tables:
   629                           ;!
   630                           ;! ---------------------------------------------------------------------------------
   631                           ;! (Depth) Function   	        Calls       Base Space   Used Autos Params    Refs
   632                           ;! ---------------------------------------------------------------------------------
   633                           ;! (0) _main                                                44    44      0     255
   634                           ;!                                              0 COMRAM    44    44      0
   635                           ;! ---------------------------------------------------------------------------------
   636                           ;! Estimated maximum stack depth 0
   637                           ;! ---------------------------------------------------------------------------------
   638                           ;!
   639                           ;! Call Graph Graphs:
   640                           ;!
   641                           ;! _main (ROOT)
   642                           ;!
   643                           
   644                           ;! Address spaces:
   645                           
   646                           ;!Name               Size   Autos  Total    Cost      Usage
   647                           ;!BIGRAM             7FF      0       0      21        0.0%
   648                           ;!EEDATA             100      0       0       0        0.0%
   649                           ;!BITBANK7           100      0       0      18        0.0%
   650                           ;!BANK7              100      0       0      19        0.0%
   651                           ;!BITBANK6           100      0       0      16        0.0%
   652                           ;!BANK6              100      0       0      17        0.0%
   653                           ;!BITBANK5           100      0       0      14        0.0%
   654                           ;!BANK5              100      0       0      15        0.0%
   655                           ;!BITBANK4           100      0       0      12        0.0%
   656                           ;!BANK4              100      0       0      13        0.0%
   657                           ;!BITBANK3           100      0       0      10        0.0%
   658                           ;!BANK3              100      0       0      11        0.0%
   659                           ;!BITBANK2           100      0       0       8        0.0%
   660                           ;!BANK2              100      0       0       9        0.0%
   661                           ;!BITBANK1           100      0       0       6        0.0%
   662                           ;!BANK1              100      0       0       7        0.0%
   663                           ;!BITBANK0            A0      0       0       4        0.0%
   664                           ;!BANK0               A0      0       0       5        0.0%
   665                           ;!BITCOMRAM           5F      0       0       0        0.0%
   666                           ;!COMRAM              5F     2C      4A       1       77.9%
   667                           ;!BITSFR               0      0       0     200        0.0%
   668                           ;!SFR                  0      0       0     200        0.0%
   669                           ;!STACK                0      0       0       2        0.0%
   670                           ;!NULL                 0      0       0       0        0.0%
   671                           ;!ABS                  0      0      4A      20        0.0%
   672                           ;!DATA                 0      0      4A       3        0.0%
   673                           ;!CODE                 0      0       0       0        0.0%
   674                           
   675                           	global	_main
   676                           
   677 ;; *************** function _main *****************
   678 ;; Defined at:
   679 ;;		line 11 in file "Assignment3.c"
   680 ;; Parameters:    Size  Location     Type
   681 ;;		None
   682 ;; Auto vars:     Size  Location     Type
   683 ;;  dest           10   30[COMRAM] int [5]
   684 ;;  source1        10   20[COMRAM] int [5]
   685 ;;  dest2          10   10[COMRAM] int [5]
   686 ;;  source2        10    0[COMRAM] int [5]
   687 ;;  i               2   42[COMRAM] int 
   688 ;;  temp            2   40[COMRAM] int 
   689 ;; Return value:  Size  Location     Type
   690 ;;                  1    wreg      void 
   691 ;; Registers used:
   692 ;;		wreg, fsr1l, fsr1h, fsr2l, fsr2h, status,2, status,0
   693 ;; Tracked objects:
   694 ;;		On entry : 0/0
   695 ;;		On exit  : 0/0
   696 ;;		Unchanged: 0/0
   697 ;; Data sizes:     COMRAM   BANK0   BANK1   BANK2   BANK3   BANK4   BANK5   BANK6   BANK7
   698 ;;      Params:         0       0       0       0       0       0       0       0       0
   699 ;;      Locals:        44       0       0       0       0       0       0       0       0
   700 ;;      Temps:          0       0       0       0       0       0       0       0       0
   701 ;;      Totals:        44       0       0       0       0       0       0       0       0
   702 ;;Total ram usage:       44 bytes
   703 ;; This function calls:
   704 ;;		Nothing
   705 ;; This function is called by:
   706 ;;		Startup code after reset
   707 ;; This function uses a non-reentrant model
   708 ;;
   709                           psect	text0,class=CODE,space=0,reloc=2,group=0
   710                           	file	"Assignment3.c"
   711                           	line	11
   712                           global __ptext0
   713                           __ptext0:
   714  007E9A                     psect	text0
   715                           	file	"Assignment3.c"
   716                           	line	11
   717                           	global	__size_of_main
   718                           	__size_of_main	equ	__end_of_main-_main
   719  0000                     	
   720                           _main:
   721  007E9A                     ;incstack = 0
   722                           	opt	stack 31
   723                           	line	12
   724                           	
   725                           l691:
   726  007E9A                     ;Assignment3.c: 12: int source1[] = { 0x21,0x22, 0x23, 0x24, 0x25 };
   727                           	lfsr	2,(main@F3159)
   728  007E9A  EE20  F041         	lfsr	1,(main@source1)
   729  007E9E  EE10  F015         	movlw	10-1
   730  007EA2  0E09               u11:
   731  007EA4                     	movff	plusw2,plusw1
   732  007EA4  CFDB FFE3          	decf	wreg
   733  007EA8  06E8               	bc	u11
   734  007EAA  E2FC               
   735                           	line	13
   736                           ;Assignment3.c: 13: int dest[] = {0x99, 0x99,0x99,0x99,0x99};
   737                           	lfsr	2,(main@F3161)
   738  007EAC  EE20  F037         	lfsr	1,(main@dest)
   739  007EB0  EE10  F01F         	movlw	10-1
   740  007EB4  0E09               u21:
   741  007EB6                     	movff	plusw2,plusw1
   742  007EB6  CFDB FFE3          	decf	wreg
   743  007EBA  06E8               	bc	u21
   744  007EBC  E2FC               
   745                           	line	15
   746                           	
   747                           l693:
   748  007EBE                     ;Assignment3.c: 14: int i,temp;;Assignment3.c: 15: for(i=0;i<5;i++)
   749                           	movlw	high(0)
   750  007EBE  0E00               	movwf	((c:main@i+1)),c
   751  007EC0  6E2C               	movlw	low(0)
   752  007EC2  0E00               	movwf	((c:main@i)),c
   753  007EC4  6E2B               	
   754                           l695:
   755  007EC6                     	btfsc	((c:main@i+1)),c,7
   756  007EC6  BE2C               	goto	u31
   757  007EC8  EF6F  F03F         	movf	((c:main@i+1)),c,w
   758  007ECC  502C               	bnz	u30
   759  007ECE  E109               	movlw	5
   760  007ED0  0E05               	subwf	 ((c:main@i)),c,w
   761  007ED2  5C2B               	btfss	status,0
   762  007ED4  A0D8               	goto	u31
   763  007ED6  EF6F  F03F         	goto	u30
   764  007EDA  EF71  F03F         
   765                           u31:
   766  007EDE                     	goto	l699
   767  007EDE  EF75  F03F         u30:
   768  007EE2                     	goto	l709
   769  007EE2  EFB7  F03F         	
   770                           l697:
   771  007EE6                     	goto	l709
   772  007EE6  EFB7  F03F         	
   773                           l9:
   774  007EEA                     	line	17
   775                           	
   776                           l699:
   777  007EEA                     ;Assignment3.c: 16: {;Assignment3.c: 17: temp = source1[i];
   778                           	bcf	status,0
   779  007EEA  90D8               	rlcf	((c:main@i)),c,w
   780  007EEC  342B               	movwf	fsr2l
   781  007EEE  6ED9               	rlcf	((c:main@i+1)),c,w
   782  007EF0  342C               	movwf	fsr2h
   783  007EF2  6EDA               	movlw	low(main@source1)
   784  007EF4  0E15               	addwf	fsr2l
   785  007EF6  26D9               	movlw	high(main@source1)
   786  007EF8  0E00               	addwfc	fsr2h
   787  007EFA  22DA               	movff	postinc2,(c:main@temp)
   788  007EFC  CFDE F029          	movff	postdec2,(c:main@temp+1)
   789  007F00  CFDD F02A          	line	18
   790                           	
   791                           l701:
   792  007F04                     ;Assignment3.c: 18: source1[i] = dest[i];
   793                           	bcf	status,0
   794  007F04  90D8               	rlcf	((c:main@i)),c,w
   795  007F06  342B               	movwf	fsr2l
   796  007F08  6ED9               	rlcf	((c:main@i+1)),c,w
   797  007F0A  342C               	movwf	fsr2h
   798  007F0C  6EDA               	movlw	low(main@dest)
   799  007F0E  0E1F               	addwf	fsr2l
   800  007F10  26D9               	movlw	high(main@dest)
   801  007F12  0E00               	addwfc	fsr2h
   802  007F14  22DA               	bcf	status,0
   803  007F16  90D8               	rlcf	((c:main@i)),c,w
   804  007F18  342B               	movwf	fsr1l
   805  007F1A  6EE1               	rlcf	((c:main@i+1)),c,w
   806  007F1C  342C               	movwf	fsr1h
   807  007F1E  6EE2               	movlw	low(main@source1)
   808  007F20  0E15               	addwf	fsr1l
   809  007F22  26E1               	movlw	high(main@source1)
   810  007F24  0E00               	addwfc	fsr1h
   811  007F26  22E2               	movff	postinc2,postinc1
   812  007F28  CFDE FFE6          	movff	postdec2,postdec1
   813  007F2C  CFDD FFE5          	line	19
   814                           	
   815                           l703:
   816  007F30                     ;Assignment3.c: 19: dest[i] = temp;
   817                           	bcf	status,0
   818  007F30  90D8               	rlcf	((c:main@i)),c,w
   819  007F32  342B               	movwf	fsr2l
   820  007F34  6ED9               	rlcf	((c:main@i+1)),c,w
   821  007F36  342C               	movwf	fsr2h
   822  007F38  6EDA               	movlw	low(main@dest)
   823  007F3A  0E1F               	addwf	fsr2l
   824  007F3C  26D9               	movlw	high(main@dest)
   825  007F3E  0E00               	addwfc	fsr2h
   826  007F40  22DA               	movff	(c:main@temp),postinc2
   827  007F42  C029  FFDE         	movff	(c:main@temp+1),postdec2
   828  007F46  C02A  FFDD         	line	20
   829                           	
   830                           l705:
   831  007F4A                     ;Assignment3.c: 20: }
   832                           	infsnz	((c:main@i)),c
   833  007F4A  4A2B               	incf	((c:main@i+1)),c
   834  007F4C  2A2C               	
   835                           l707:
   836  007F4E                     	btfsc	((c:main@i+1)),c,7
   837  007F4E  BE2C               	goto	u41
   838  007F50  EFB3  F03F         	movf	((c:main@i+1)),c,w
   839  007F54  502C               	bnz	u40
   840  007F56  E109               	movlw	5
   841  007F58  0E05               	subwf	 ((c:main@i)),c,w
   842  007F5A  5C2B               	btfss	status,0
   843  007F5C  A0D8               	goto	u41
   844  007F5E  EFB3  F03F         	goto	u40
   845  007F62  EFB5  F03F         
   846                           u41:
   847  007F66                     	goto	l699
   848  007F66  EF75  F03F         u40:
   849  007F6A                     	goto	l709
   850  007F6A  EFB7  F03F         	
   851                           l10:
   852  007F6E                     	line	22
   853                           	
   854                           l709:
   855  007F6E                     ;Assignment3.c: 22: int source2[]={ 0x21,0x22, 0x23, 0x24, 0x25 };
   856                           	lfsr	2,(main@F3165)
   857  007F6E  EE20  F02D         	lfsr	1,(main@source2)
   858  007F72  EE10  F001         	movlw	10-1
   859  007F76  0E09               u51:
   860  007F78                     	movff	plusw2,plusw1
   861  007F78  CFDB FFE3          	decf	wreg
   862  007F7C  06E8               	bc	u51
   863  007F7E  E2FC               
   864                           	line	24
   865                           	
   866                           l711:
   867  007F80                     ;Assignment3.c: 23: int dest2[5];;Assignment3.c: 24: for(i=0;i<5;i++){
   868                           	movlw	high(0)
   869  007F80  0E00               	movwf	((c:main@i+1)),c
   870  007F82  6E2C               	movlw	low(0)
   871  007F84  0E00               	movwf	((c:main@i)),c
   872  007F86  6E2B               	
   873                           l713:
   874  007F88                     	btfsc	((c:main@i+1)),c,7
   875  007F88  BE2C               	goto	u61
   876  007F8A  EFD0  F03F         	movf	((c:main@i+1)),c,w
   877  007F8E  502C               	bnz	u60
   878  007F90  E109               	movlw	5
   879  007F92  0E05               	subwf	 ((c:main@i)),c,w
   880  007F94  5C2B               	btfss	status,0
   881  007F96  A0D8               	goto	u61
   882  007F98  EFD0  F03F         	goto	u60
   883  007F9C  EFD2  F03F         
   884                           u61:
   885  007FA0                     	goto	l717
   886  007FA0  EFD6  F03F         u60:
   887  007FA4                     	goto	l15
   888  007FA4  EFFE  F03F         	
   889                           l715:
   890  007FA8                     	goto	l15
   891  007FA8  EFFE  F03F         	
   892                           l13:
   893  007FAC                     	line	25
   894                           	
   895                           l717:
   896  007FAC                     ;Assignment3.c: 25:     dest2[i]=source2[i];
   897                           	bcf	status,0
   898  007FAC  90D8               	rlcf	((c:main@i)),c,w
   899  007FAE  342B               	movwf	fsr2l
   900  007FB0  6ED9               	rlcf	((c:main@i+1)),c,w
   901  007FB2  342C               	movwf	fsr2h
   902  007FB4  6EDA               	movlw	low(main@source2)
   903  007FB6  0E01               	addwf	fsr2l
   904  007FB8  26D9               	movlw	high(main@source2)
   905  007FBA  0E00               	addwfc	fsr2h
   906  007FBC  22DA               	bcf	status,0
   907  007FBE  90D8               	rlcf	((c:main@i)),c,w
   908  007FC0  342B               	movwf	fsr1l
   909  007FC2  6EE1               	rlcf	((c:main@i+1)),c,w
   910  007FC4  342C               	movwf	fsr1h
   911  007FC6  6EE2               	movlw	low(main@dest2)
   912  007FC8  0E0B               	addwf	fsr1l
   913  007FCA  26E1               	movlw	high(main@dest2)
   914  007FCC  0E00               	addwfc	fsr1h
   915  007FCE  22E2               	movff	postinc2,postinc1
   916  007FD0  CFDE FFE6          	movff	postdec2,postdec1
   917  007FD4  CFDD FFE5          	line	26
   918                           	
   919                           l719:
   920  007FD8                     ;Assignment3.c: 26: }
   921                           	infsnz	((c:main@i)),c
   922  007FD8  4A2B               	incf	((c:main@i+1)),c
   923  007FDA  2A2C               	
   924                           l721:
   925  007FDC                     	btfsc	((c:main@i+1)),c,7
   926  007FDC  BE2C               	goto	u71
   927  007FDE  EFFA  F03F         	movf	((c:main@i+1)),c,w
   928  007FE2  502C               	bnz	u70
   929  007FE4  E109               	movlw	5
   930  007FE6  0E05               	subwf	 ((c:main@i)),c,w
   931  007FE8  5C2B               	btfss	status,0
   932  007FEA  A0D8               	goto	u71
   933  007FEC  EFFA  F03F         	goto	u70
   934  007FF0  EFFC  F03F         
   935                           u71:
   936  007FF4                     	goto	l717
   937  007FF4  EFD6  F03F         u70:
   938  007FF8                     	goto	l15
   939  007FF8  EFFE  F03F         	
   940                           l14:
   941  007FFC                     	line	28
   942                           ;Assignment3.c: 27: return;
   943                           	
   944                           l15:
   945  007FFC                     	global	start
   946                           	goto	start
   947  007FFC  EF00  F000         	opt stack 0
   948                           GLOBAL	__end_of_main
   949                           	__end_of_main:
   950  008000                     	signat	_main,89
   951                           	GLOBAL	__activetblptr
   952                           __activetblptr	EQU	0
   953  0000                     	psect	intsave_regs,class=BIGRAM,space=1,noexec
   954                           	PSECT	rparam,class=COMRAM,space=1,noexec
   955                           	GLOBAL	__Lrparam
   956                           	FNCONF	rparam,??,?
   957                           	GLOBAL	___rparam_used
   958                           	___rparam_used EQU 1
   959  0000                     	GLOBAL	___param_bank
   960                           	___param_bank EQU 0
   961  0000                     GLOBAL	__Lparam, __Hparam
   962                           GLOBAL	__Lrparam, __Hrparam
   963                           __Lparam	EQU	__Lrparam
   964  0000                     __Hparam	EQU	__Hrparam
   965  0000                     	end


Data Sizes:
    Strings     0
    Constant    0
    Data        30
    BSS         0
    Persistent  0
    Stack       0

Auto Spaces:
    Space          Size  Autos    Used
    COMRAM           95     44      74
    BANK0           160      0       0
    BANK1           256      0       0
    BANK2           256      0       0
    BANK3           256      0       0
    BANK4           256      0       0
    BANK5           256      0       0
    BANK6           256      0       0
    BANK7           256      0       0

Pointer List with Targets:

    None.

Critical Paths under _main in COMRAM

    None.

Critical Paths under _main in BANK0

    None.

Critical Paths under _main in BANK1

    None.

Critical Paths under _main in BANK2

    None.

Critical Paths under _main in BANK3

    None.

Critical Paths under _main in BANK4

    None.

Critical Paths under _main in BANK5

    None.

Critical Paths under _main in BANK6

    None.

Critical Paths under _main in BANK7

    None.

Call Graph Tables:

 ---------------------------------------------------------------------------------
 (Depth) Function   	        Calls       Base Space   Used Autos Params    Refs
 ---------------------------------------------------------------------------------
 (0) _main                                                44    44      0     255
                                              0 COMRAM    44    44      0
 ---------------------------------------------------------------------------------
 Estimated maximum stack depth 0
 ---------------------------------------------------------------------------------

 Call Graph Graphs:

 _main (ROOT)

 Address spaces:
Name               Size   Autos  Total    Cost      Usage
BIGRAM             7FF      0       0      21        0.0%
EEDATA             100      0       0       0        0.0%
BITBANK7           100      0       0      18        0.0%
BANK7              100      0       0      19        0.0%
BITBANK6           100      0       0      16        0.0%
BANK6              100      0       0      17        0.0%
BITBANK5           100      0       0      14        0.0%
BANK5              100      0       0      15        0.0%
BITBANK4           100      0       0      12        0.0%
BANK4              100      0       0      13        0.0%
BITBANK3           100      0       0      10        0.0%
BANK3              100      0       0      11        0.0%
BITBANK2           100      0       0       8        0.0%
BANK2              100      0       0       9        0.0%
BITBANK1           100      0       0       6        0.0%
BANK1              100      0       0       7        0.0%
BITBANK0            A0      0       0       4        0.0%
BANK0               A0      0       0       5        0.0%
BITCOMRAM           5F      0       0       0        0.0%
COMRAM              5F     2C      4A       1       77.9%
BITSFR               0      0       0     200        0.0%
SFR                  0      0       0     200        0.0%
STACK                0      0       0       2        0.0%
NULL                 0      0       0       0        0.0%
ABS                  0      0      4A      20        0.0%
DATA                 0      0      4A       3        0.0%
CODE                 0      0       0       0        0.0%


Microchip Technology PIC18 Macro Assembler V2.00 build -1524193055 
Symbol Table                                                                                   Fri Jan 24 10:24:49 2025

                      l9 7EEA                       l10 7F6E                       l13 7FAC  
                     l14 7FFC                       l15 7FFC                       u11 7EA4  
                     u21 7EB6                       u30 7EE2                       u31 7EDE  
                     u40 7F6A                       u41 7F66                       u51 7F78  
                     u60 7FA4                       u61 7FA0                       u70 7FF8  
                     u71 7FF4                      l701 7F04                      l711 7F80  
                    l703 7F30                      l721 7FDC                      l713 7F88  
                    l705 7F4A                      l715 7FA8                      l707 7F4E  
                    l717 7FAC                      l709 7F6E                      l719 7FD8  
                    l691 7E9A                      l693 7EBE                      l695 7EC6  
                    l697 7EE6                      l699 7EEA                      wreg 000FE8  
                   _main 7E9A                     fsr1h 000FE2                     fsr2h 000FDA  
                   fsr1l 000FE1                     fsr2l 000FD9                     start 0000  
            main@source1 0015              main@source2 0001             ___param_bank 000000  
                  ?_main 0001                    main@i 002B                    tablat 000FF5  
                  plusw1 000FE3                    plusw2 000FDB                    status 000FD8  
        __initialization 7E74             __end_of_main 8000                   ??_main 0001  
          __activetblptr 000000             __pdataCOMRAM 002D                   tblptrh 000FF7  
                 tblptrl 000FF6                   tblptru 000FF8               __accesstop 0060  
__end_of__initialization 7E94            ___rparam_used 000001           __pcstackCOMRAM 0001  
                __Hparam 0000                  __Lparam 0000                  __pcinit 7E74  
                __ramtop 0800                  __ptext0 7E9A     end_of_initialization 7E94  
                postdec1 000FE5                  postdec2 000FDD                  postinc0 000FEE  
                postinc1 000FE6                  postinc2 000FDE            __pidataCOMRAM 7E56  
    start_initialization 7E74                main@F3161 0037                main@F3165 002D  
              main@F3159 0041                main@dest2 000B                copy_data0 7E88  
               __Hrparam 0000                 __Lrparam 0000            __size_of_main 0166  
               main@dest 001F                 main@temp 0029  
