

Microchip Technology PIC18 LITE Macro Assembler V2.00 build -1524193055 
                                                                                               Fri Feb 28 10:53:49 2025

Microchip Technology Omniscient Code Generator v2.00 (Free mode) build 20180527130849
     1  0000                     
     2                           ; Version 2.00
     3                           ; Generated 27/05/2018 GMT
     4                           
     5                           ; 
     6                           ; Copyright © 2018, Microchip Technology Inc. and its subsidiaries ("Microchip")
     7                           ; All rights reserved.
     8                           ; 
     9                           ; This software is developed by Microchip Technology Inc. and its subsidiaries ("Microch
                                 ip").
    10                           ; 
    11                           ; Redistribution and use in source and binary forms, with or without modification, are
    12                           ; permitted provided that the following conditions are met:
    13                           ; 
    14                           ;     1. Redistributions of source code must retain the above copyright notice, this lis
                                 t of
    15                           ;        conditions and the following disclaimer.
    16                           ; 
    17                           ;     2. Redistributions in binary form must reproduce the above copyright notice, this 
                                 list
    18                           ;        of conditions and the following disclaimer in the documentation and/or other
    19                           ;        materials provided with the distribution.
    20                           ; 
    21                           ;     3. Microchip's name may not be used to endorse or promote products derived from th
                                 is
    22                           ;        software without specific prior written permission.
    23                           ; 
    24                           ; THIS SOFTWARE IS PROVIDED BY MICROCHIP "AS IS" AND ANY EXPRESS OR IMPLIED WARRANTIES,

    25                           ; INCLUDING, BUT NOT LIMITED TO, THE IMPLIED WARRANTIES OF MERCHANTABILITY AND FITNESS F
                                 OR
    26                           ; PURPOSE ARE DISCLAIMED.  IN NO EVENT SHALL MICROCHIP BE LIABLE FOR ANY DIRECT, INDIREC
                                 T,
    27                           ; INCIDENTAL, SPECIAL, EXEMPLARY, OR CONSEQUENTIAL DAMAGES (INCLUDING BUT NOT LIMITED TO
                                 
    28                           ; PROCUREMENT OF SUBSTITUTE GOODS OR SERVICES; LOSS OF USE, DATA OR PROFITS; OR BUSINESS
                                 
    29                           ; INTERRUPTION) HOWSOEVER CAUSED AND ON ANY THEORY OF LIABILITY, WHETHER IN CONTRACT, ST
                                 RICT
    30                           ; LIABILITY, OR TORT (INCLUDING NEGLIGENCE OR OTHERWISE) ARISING IN ANY WAY OUT OF THE U
                                 SE OF
    31                           ; THIS SOFTWARE, EVEN IF ADVISED OF THE POSSIBILITY OF SUCH DAMAGE.
    32                           ; 
    33                           
    34                           
    35                           ; 
    36                           ; Code-generator required, PIC18F4550 Definitions
    37                           ; 
    38  0000                     fsr0 equ 0FE9h
    39  0000                     fsr0h equ 0FEAh
    40  0000                     fsr0l equ 0FE9h
    41  0000                     fsr1 equ 0FE1h
    42  0000                     fsr1h equ 0FE2h
    43  0000                     fsr1l equ 0FE1h
    44  0000                     fsr2 equ 0FD9h
    45  0000                     fsr2h equ 0FDAh
    46  0000                     fsr2l equ 0FD9h
    47  0000                     indf0 equ 0FEFh
    48  0000                     indf1 equ 0FE7h
    49  0000                     indf2 equ 0FDFh
    50  0000                     intcon equ 0FF2h
    51  0000                     nvmcon equ 00h
    52  0000                     pcl equ 0FF9h
    53  0000                     pclath equ 0FFAh
    54  0000                     pclatu equ 0FFBh
    55  0000                     plusw0 equ 0FEBh
    56  0000                     plusw1 equ 0FE3h
    57  0000                     plusw2 equ 0FDBh
    58  0000                     postdec0 equ 0FEDh
    59  0000                     postdec1 equ 0FE5h
    60  0000                     postdec2 equ 0FDDh
    61  0000                     postinc0 equ 0FEEh
    62  0000                     postinc1 equ 0FE6h
    63  0000                     postinc2 equ 0FDEh
    64  0000                     preinc0 equ 0FECh
    65  0000                     preinc1 equ 0FE4h
    66  0000                     preinc2 equ 0FDCh
    67  0000                     prod equ 0FF3h
    68  0000                     prodh equ 0FF4h
    69  0000                     prodl equ 0FF3h
    70  0000                     status equ 0FD8h
    71  0000                     tablat equ 0FF5h
    72  0000                     tblptr equ 0FF6h
    73  0000                     tblptrh equ 0FF7h
    74  0000                     tblptrl equ 0FF6h
    75  0000                     tblptru equ 0FF8h
    76  0000                     tosl equ 0FFDh
    77  0000                     wreg equ 0FE8h
    78  0000                     
     2                           opt pagewidth 120
     3  0000                     byte0	macro	val
     4                           	(getbyte(val,0))
     5                           endm
     6  0000                     byte1	macro	val
     7                           	(getbyte(val,1))
     8                           endm
     9  0000                     byte2	macro	val
    10                           	(getbyte(val,2))
    11                           endm
    12  0000                     byte3	macro	val
    13                           	(getbyte(val,3))
    14                           endm
    15  0000                     byte4	macro	val
    16                           	(getbyte(val,4))
    17                           endm
    18  0000                     byte5	macro	val
    19                           	(getbyte(val,5))
    20                           endm
    21  0000                     byte6	macro	val
    22                           	(getbyte(val,6))
    23                           endm
    24  0000                     byte7	macro	val
    25                           	(getbyte(val,7))
    26                           endm
    27  0000                     getword	macro	val,pos
    28                           	(((val) >> (8 * pos)) and 0xffff)
    29                           endm
    30  0000                     word0	macro	val
    31                           	(getword(val,0))
    32                           endm
    33  0000                     word1	macro	val
    34                           	(getword(val,2))
    35                           endm
    36  0000                     word2	macro	val
    37                           	(getword(val,4))
    38                           endm
    39  0000                     word3	macro	val
    40                           	(getword(val,6))
    41                           endm
    42  0000                     gettword	macro	val,pos
    43                           	(((val) >> (8 * pos)) and 0xffffff)
    44                           endm
    45  0000                     tword0	macro	val
    46                           	(gettword(val,0))
    47                           endm
    48  0000                     tword1	macro	val
    49                           	(gettword(val,3))
    50                           endm
    51  0000                     tword2	macro	val
    52                           	(gettword(val,6))
    53                           endm
    54  0000                     getdword	macro	val,pos
    55                           	(((val) >> (8 * pos)) and 0xffffffff)
    56                           endm
    57  0000                     dword0	macro	val
    58                           	(getdword(val,0))
    59                           endm
    60  0000                     dword1	macro	val
    61                           	(getdword(val,4))
    62                           endm
    63  0000                     clrc   macro
    64                           	bcf	status,0
    65                           endm
    66  0000                     setc   macro
    67                           	bsf	status,0
    68                           endm
    69  0000                     clrz   macro
    70                           	bcf	status,2
    71                           endm
    72  0000                     setz   macro
    73                           	bsf	status,2
    74                           endm
    75  0000                     skipnz macro
    76                           	btfsc	status,2
    77                           endm
    78  0000                     skipz  macro
    79                           	btfss	status,2
    80                           endm
    81  0000                     skipnc macro
    82                           	btfsc	status,0
    83                           endm
    84  0000                     skipc  macro
    85                           	btfss	status,0
    86                           endm
    87  0000                     pushw macro
    88                           	movwf postinc1
    89                           endm
    90  0000                     pushf macro arg1
    91                           	movff arg1, postinc1
    92                           endm
    93  0000                     popw macro
    94                           	movf postdec1,f
    95                           	movf indf1,w
    96                           endm
    97  0000                     popf macro arg1
    98                           	movf postdec1,f
    99                           	movff indf1,arg1
   100                           endm
   101  0000                     popfc macro arg1
   102                           	movff plusw1,arg1
   103                           	decfsz fsr1,f
   104                           endm
   105  0000                     	global	__ramtop
   106                           	global	__accesstop
   107                           # 54 "C:\Program Files (x86)\Microchip\xc8\v2.00\pic\include\pic18f4550.h"
   108                           SPPDATA equ 0F62h ;# 
   109  0000                     # 74 "C:\Program Files (x86)\Microchip\xc8\v2.00\pic\include\pic18f4550.h"
   110                           SPPCFG equ 0F63h ;# 
   111  0000                     # 151 "C:\Program Files (x86)\Microchip\xc8\v2.00\pic\include\pic18f4550.h"
   112                           SPPEPS equ 0F64h ;# 
   113  0000                     # 225 "C:\Program Files (x86)\Microchip\xc8\v2.00\pic\include\pic18f4550.h"
   114                           SPPCON equ 0F65h ;# 
   115  0000                     # 251 "C:\Program Files (x86)\Microchip\xc8\v2.00\pic\include\pic18f4550.h"
   116                           UFRM equ 0F66h ;# 
   117  0000                     # 258 "C:\Program Files (x86)\Microchip\xc8\v2.00\pic\include\pic18f4550.h"
   118                           UFRML equ 0F66h ;# 
   119  0000                     # 336 "C:\Program Files (x86)\Microchip\xc8\v2.00\pic\include\pic18f4550.h"
   120                           UFRMH equ 0F67h ;# 
   121  0000                     # 376 "C:\Program Files (x86)\Microchip\xc8\v2.00\pic\include\pic18f4550.h"
   122                           UIR equ 0F68h ;# 
   123  0000                     # 432 "C:\Program Files (x86)\Microchip\xc8\v2.00\pic\include\pic18f4550.h"
   124                           UIE equ 0F69h ;# 
   125  0000                     # 488 "C:\Program Files (x86)\Microchip\xc8\v2.00\pic\include\pic18f4550.h"
   126                           UEIR equ 0F6Ah ;# 
   127  0000                     # 539 "C:\Program Files (x86)\Microchip\xc8\v2.00\pic\include\pic18f4550.h"
   128                           UEIE equ 0F6Bh ;# 
   129  0000                     # 590 "C:\Program Files (x86)\Microchip\xc8\v2.00\pic\include\pic18f4550.h"
   130                           USTAT equ 0F6Ch ;# 
   131  0000                     # 650 "C:\Program Files (x86)\Microchip\xc8\v2.00\pic\include\pic18f4550.h"
   132                           UCON equ 0F6Dh ;# 
   133  0000                     # 701 "C:\Program Files (x86)\Microchip\xc8\v2.00\pic\include\pic18f4550.h"
   134                           UADDR equ 0F6Eh ;# 
   135  0000                     # 765 "C:\Program Files (x86)\Microchip\xc8\v2.00\pic\include\pic18f4550.h"
   136                           UCFG equ 0F6Fh ;# 
   137  0000                     # 844 "C:\Program Files (x86)\Microchip\xc8\v2.00\pic\include\pic18f4550.h"
   138                           UEP0 equ 0F70h ;# 
   139  0000                     # 952 "C:\Program Files (x86)\Microchip\xc8\v2.00\pic\include\pic18f4550.h"
   140                           UEP1 equ 0F71h ;# 
   141  0000                     # 1060 "C:\Program Files (x86)\Microchip\xc8\v2.00\pic\include\pic18f4550.h"
   142                           UEP2 equ 0F72h ;# 
   143  0000                     # 1168 "C:\Program Files (x86)\Microchip\xc8\v2.00\pic\include\pic18f4550.h"
   144                           UEP3 equ 0F73h ;# 
   145  0000                     # 1276 "C:\Program Files (x86)\Microchip\xc8\v2.00\pic\include\pic18f4550.h"
   146                           UEP4 equ 0F74h ;# 
   147  0000                     # 1384 "C:\Program Files (x86)\Microchip\xc8\v2.00\pic\include\pic18f4550.h"
   148                           UEP5 equ 0F75h ;# 
   149  0000                     # 1492 "C:\Program Files (x86)\Microchip\xc8\v2.00\pic\include\pic18f4550.h"
   150                           UEP6 equ 0F76h ;# 
   151  0000                     # 1600 "C:\Program Files (x86)\Microchip\xc8\v2.00\pic\include\pic18f4550.h"
   152                           UEP7 equ 0F77h ;# 
   153  0000                     # 1708 "C:\Program Files (x86)\Microchip\xc8\v2.00\pic\include\pic18f4550.h"
   154                           UEP8 equ 0F78h ;# 
   155  0000                     # 1784 "C:\Program Files (x86)\Microchip\xc8\v2.00\pic\include\pic18f4550.h"
   156                           UEP9 equ 0F79h ;# 
   157  0000                     # 1860 "C:\Program Files (x86)\Microchip\xc8\v2.00\pic\include\pic18f4550.h"
   158                           UEP10 equ 0F7Ah ;# 
   159  0000                     # 1936 "C:\Program Files (x86)\Microchip\xc8\v2.00\pic\include\pic18f4550.h"
   160                           UEP11 equ 0F7Bh ;# 
   161  0000                     # 2012 "C:\Program Files (x86)\Microchip\xc8\v2.00\pic\include\pic18f4550.h"
   162                           UEP12 equ 0F7Ch ;# 
   163  0000                     # 2088 "C:\Program Files (x86)\Microchip\xc8\v2.00\pic\include\pic18f4550.h"
   164                           UEP13 equ 0F7Dh ;# 
   165  0000                     # 2164 "C:\Program Files (x86)\Microchip\xc8\v2.00\pic\include\pic18f4550.h"
   166                           UEP14 equ 0F7Eh ;# 
   167  0000                     # 2240 "C:\Program Files (x86)\Microchip\xc8\v2.00\pic\include\pic18f4550.h"
   168                           UEP15 equ 0F7Fh ;# 
   169  0000                     # 2316 "C:\Program Files (x86)\Microchip\xc8\v2.00\pic\include\pic18f4550.h"
   170                           PORTA equ 0F80h ;# 
   171  0000                     # 2455 "C:\Program Files (x86)\Microchip\xc8\v2.00\pic\include\pic18f4550.h"
   172                           PORTB equ 0F81h ;# 
   173  0000                     # 2565 "C:\Program Files (x86)\Microchip\xc8\v2.00\pic\include\pic18f4550.h"
   174                           PORTC equ 0F82h ;# 
   175  0000                     # 2707 "C:\Program Files (x86)\Microchip\xc8\v2.00\pic\include\pic18f4550.h"
   176                           PORTD equ 0F83h ;# 
   177  0000                     # 2828 "C:\Program Files (x86)\Microchip\xc8\v2.00\pic\include\pic18f4550.h"
   178                           PORTE equ 0F84h ;# 
   179  0000                     # 2975 "C:\Program Files (x86)\Microchip\xc8\v2.00\pic\include\pic18f4550.h"
   180                           LATA equ 0F89h ;# 
   181  0000                     # 3075 "C:\Program Files (x86)\Microchip\xc8\v2.00\pic\include\pic18f4550.h"
   182                           LATB equ 0F8Ah ;# 
   183  0000                     # 3187 "C:\Program Files (x86)\Microchip\xc8\v2.00\pic\include\pic18f4550.h"
   184                           LATC equ 0F8Bh ;# 
   185  0000                     # 3265 "C:\Program Files (x86)\Microchip\xc8\v2.00\pic\include\pic18f4550.h"
   186                           LATD equ 0F8Ch ;# 
   187  0000                     # 3377 "C:\Program Files (x86)\Microchip\xc8\v2.00\pic\include\pic18f4550.h"
   188                           LATE equ 0F8Dh ;# 
   189  0000                     # 3429 "C:\Program Files (x86)\Microchip\xc8\v2.00\pic\include\pic18f4550.h"
   190                           TRISA equ 0F92h ;# 
   191  0000                     # 3434 "C:\Program Files (x86)\Microchip\xc8\v2.00\pic\include\pic18f4550.h"
   192                           DDRA equ 0F92h ;# 
   193  0000                     # 3627 "C:\Program Files (x86)\Microchip\xc8\v2.00\pic\include\pic18f4550.h"
   194                           TRISB equ 0F93h ;# 
   195  0000                     # 3632 "C:\Program Files (x86)\Microchip\xc8\v2.00\pic\include\pic18f4550.h"
   196                           DDRB equ 0F93h ;# 
   197  0000                     # 3849 "C:\Program Files (x86)\Microchip\xc8\v2.00\pic\include\pic18f4550.h"
   198                           TRISC equ 0F94h ;# 
   199  0000                     # 3854 "C:\Program Files (x86)\Microchip\xc8\v2.00\pic\include\pic18f4550.h"
   200                           DDRC equ 0F94h ;# 
   201  0000                     # 4003 "C:\Program Files (x86)\Microchip\xc8\v2.00\pic\include\pic18f4550.h"
   202                           TRISD equ 0F95h ;# 
   203  0000                     # 4008 "C:\Program Files (x86)\Microchip\xc8\v2.00\pic\include\pic18f4550.h"
   204                           DDRD equ 0F95h ;# 
   205  0000                     # 4225 "C:\Program Files (x86)\Microchip\xc8\v2.00\pic\include\pic18f4550.h"
   206                           TRISE equ 0F96h ;# 
   207  0000                     # 4230 "C:\Program Files (x86)\Microchip\xc8\v2.00\pic\include\pic18f4550.h"
   208                           DDRE equ 0F96h ;# 
   209  0000                     # 4327 "C:\Program Files (x86)\Microchip\xc8\v2.00\pic\include\pic18f4550.h"
   210                           OSCTUNE equ 0F9Bh ;# 
   211  0000                     # 4386 "C:\Program Files (x86)\Microchip\xc8\v2.00\pic\include\pic18f4550.h"
   212                           PIE1 equ 0F9Dh ;# 
   213  0000                     # 4470 "C:\Program Files (x86)\Microchip\xc8\v2.00\pic\include\pic18f4550.h"
   214                           PIR1 equ 0F9Eh ;# 
   215  0000                     # 4554 "C:\Program Files (x86)\Microchip\xc8\v2.00\pic\include\pic18f4550.h"
   216                           IPR1 equ 0F9Fh ;# 
   217  0000                     # 4638 "C:\Program Files (x86)\Microchip\xc8\v2.00\pic\include\pic18f4550.h"
   218                           PIE2 equ 0FA0h ;# 
   219  0000                     # 4709 "C:\Program Files (x86)\Microchip\xc8\v2.00\pic\include\pic18f4550.h"
   220                           PIR2 equ 0FA1h ;# 
   221  0000                     # 4780 "C:\Program Files (x86)\Microchip\xc8\v2.00\pic\include\pic18f4550.h"
   222                           IPR2 equ 0FA2h ;# 
   223  0000                     # 4851 "C:\Program Files (x86)\Microchip\xc8\v2.00\pic\include\pic18f4550.h"
   224                           EECON1 equ 0FA6h ;# 
   225  0000                     # 4917 "C:\Program Files (x86)\Microchip\xc8\v2.00\pic\include\pic18f4550.h"
   226                           EECON2 equ 0FA7h ;# 
   227  0000                     # 4924 "C:\Program Files (x86)\Microchip\xc8\v2.00\pic\include\pic18f4550.h"
   228                           EEDATA equ 0FA8h ;# 
   229  0000                     # 4931 "C:\Program Files (x86)\Microchip\xc8\v2.00\pic\include\pic18f4550.h"
   230                           EEADR equ 0FA9h ;# 
   231  0000                     # 4938 "C:\Program Files (x86)\Microchip\xc8\v2.00\pic\include\pic18f4550.h"
   232                           RCSTA equ 0FABh ;# 
   233  0000                     # 4943 "C:\Program Files (x86)\Microchip\xc8\v2.00\pic\include\pic18f4550.h"
   234                           RCSTA1 equ 0FABh ;# 
   235  0000                     # 5148 "C:\Program Files (x86)\Microchip\xc8\v2.00\pic\include\pic18f4550.h"
   236                           TXSTA equ 0FACh ;# 
   237  0000                     # 5153 "C:\Program Files (x86)\Microchip\xc8\v2.00\pic\include\pic18f4550.h"
   238                           TXSTA1 equ 0FACh ;# 
   239  0000                     # 5404 "C:\Program Files (x86)\Microchip\xc8\v2.00\pic\include\pic18f4550.h"
   240                           TXREG equ 0FADh ;# 
   241  0000                     # 5409 "C:\Program Files (x86)\Microchip\xc8\v2.00\pic\include\pic18f4550.h"
   242                           TXREG1 equ 0FADh ;# 
   243  0000                     # 5416 "C:\Program Files (x86)\Microchip\xc8\v2.00\pic\include\pic18f4550.h"
   244                           RCREG equ 0FAEh ;# 
   245  0000                     # 5421 "C:\Program Files (x86)\Microchip\xc8\v2.00\pic\include\pic18f4550.h"
   246                           RCREG1 equ 0FAEh ;# 
   247  0000                     # 5428 "C:\Program Files (x86)\Microchip\xc8\v2.00\pic\include\pic18f4550.h"
   248                           SPBRG equ 0FAFh ;# 
   249  0000                     # 5433 "C:\Program Files (x86)\Microchip\xc8\v2.00\pic\include\pic18f4550.h"
   250                           SPBRG1 equ 0FAFh ;# 
   251  0000                     # 5440 "C:\Program Files (x86)\Microchip\xc8\v2.00\pic\include\pic18f4550.h"
   252                           SPBRGH equ 0FB0h ;# 
   253  0000                     # 5447 "C:\Program Files (x86)\Microchip\xc8\v2.00\pic\include\pic18f4550.h"
   254                           T3CON equ 0FB1h ;# 
   255  0000                     # 5568 "C:\Program Files (x86)\Microchip\xc8\v2.00\pic\include\pic18f4550.h"
   256                           TMR3 equ 0FB2h ;# 
   257  0000                     # 5575 "C:\Program Files (x86)\Microchip\xc8\v2.00\pic\include\pic18f4550.h"
   258                           TMR3L equ 0FB2h ;# 
   259  0000                     # 5582 "C:\Program Files (x86)\Microchip\xc8\v2.00\pic\include\pic18f4550.h"
   260                           TMR3H equ 0FB3h ;# 
   261  0000                     # 5589 "C:\Program Files (x86)\Microchip\xc8\v2.00\pic\include\pic18f4550.h"
   262                           CMCON equ 0FB4h ;# 
   263  0000                     # 5679 "C:\Program Files (x86)\Microchip\xc8\v2.00\pic\include\pic18f4550.h"
   264                           CVRCON equ 0FB5h ;# 
   265  0000                     # 5764 "C:\Program Files (x86)\Microchip\xc8\v2.00\pic\include\pic18f4550.h"
   266                           ECCP1AS equ 0FB6h ;# 
   267  0000                     # 5769 "C:\Program Files (x86)\Microchip\xc8\v2.00\pic\include\pic18f4550.h"
   268                           CCP1AS equ 0FB6h ;# 
   269  0000                     # 5926 "C:\Program Files (x86)\Microchip\xc8\v2.00\pic\include\pic18f4550.h"
   270                           ECCP1DEL equ 0FB7h ;# 
   271  0000                     # 5931 "C:\Program Files (x86)\Microchip\xc8\v2.00\pic\include\pic18f4550.h"
   272                           CCP1DEL equ 0FB7h ;# 
   273  0000                     # 6064 "C:\Program Files (x86)\Microchip\xc8\v2.00\pic\include\pic18f4550.h"
   274                           BAUDCON equ 0FB8h ;# 
   275  0000                     # 6069 "C:\Program Files (x86)\Microchip\xc8\v2.00\pic\include\pic18f4550.h"
   276                           BAUDCTL equ 0FB8h ;# 
   277  0000                     # 6244 "C:\Program Files (x86)\Microchip\xc8\v2.00\pic\include\pic18f4550.h"
   278                           CCP2CON equ 0FBAh ;# 
   279  0000                     # 6308 "C:\Program Files (x86)\Microchip\xc8\v2.00\pic\include\pic18f4550.h"
   280                           CCPR2 equ 0FBBh ;# 
   281  0000                     # 6315 "C:\Program Files (x86)\Microchip\xc8\v2.00\pic\include\pic18f4550.h"
   282                           CCPR2L equ 0FBBh ;# 
   283  0000                     # 6322 "C:\Program Files (x86)\Microchip\xc8\v2.00\pic\include\pic18f4550.h"
   284                           CCPR2H equ 0FBCh ;# 
   285  0000                     # 6329 "C:\Program Files (x86)\Microchip\xc8\v2.00\pic\include\pic18f4550.h"
   286                           CCP1CON equ 0FBDh ;# 
   287  0000                     # 6334 "C:\Program Files (x86)\Microchip\xc8\v2.00\pic\include\pic18f4550.h"
   288                           ECCP1CON equ 0FBDh ;# 
   289  0000                     # 6491 "C:\Program Files (x86)\Microchip\xc8\v2.00\pic\include\pic18f4550.h"
   290                           CCPR1 equ 0FBEh ;# 
   291  0000                     # 6498 "C:\Program Files (x86)\Microchip\xc8\v2.00\pic\include\pic18f4550.h"
   292                           CCPR1L equ 0FBEh ;# 
   293  0000                     # 6505 "C:\Program Files (x86)\Microchip\xc8\v2.00\pic\include\pic18f4550.h"
   294                           CCPR1H equ 0FBFh ;# 
   295  0000                     # 6512 "C:\Program Files (x86)\Microchip\xc8\v2.00\pic\include\pic18f4550.h"
   296                           ADCON2 equ 0FC0h ;# 
   297  0000                     # 6583 "C:\Program Files (x86)\Microchip\xc8\v2.00\pic\include\pic18f4550.h"
   298                           ADCON1 equ 0FC1h ;# 
   299  0000                     # 6668 "C:\Program Files (x86)\Microchip\xc8\v2.00\pic\include\pic18f4550.h"
   300                           ADCON0 equ 0FC2h ;# 
   301  0000                     # 6787 "C:\Program Files (x86)\Microchip\xc8\v2.00\pic\include\pic18f4550.h"
   302                           ADRES equ 0FC3h ;# 
   303  0000                     # 6794 "C:\Program Files (x86)\Microchip\xc8\v2.00\pic\include\pic18f4550.h"
   304                           ADRESL equ 0FC3h ;# 
   305  0000                     # 6801 "C:\Program Files (x86)\Microchip\xc8\v2.00\pic\include\pic18f4550.h"
   306                           ADRESH equ 0FC4h ;# 
   307  0000                     # 6808 "C:\Program Files (x86)\Microchip\xc8\v2.00\pic\include\pic18f4550.h"
   308                           SSPCON2 equ 0FC5h ;# 
   309  0000                     # 6870 "C:\Program Files (x86)\Microchip\xc8\v2.00\pic\include\pic18f4550.h"
   310                           SSPCON1 equ 0FC6h ;# 
   311  0000                     # 6940 "C:\Program Files (x86)\Microchip\xc8\v2.00\pic\include\pic18f4550.h"
   312                           SSPSTAT equ 0FC7h ;# 
   313  0000                     # 7188 "C:\Program Files (x86)\Microchip\xc8\v2.00\pic\include\pic18f4550.h"
   314                           SSPADD equ 0FC8h ;# 
   315  0000                     # 7195 "C:\Program Files (x86)\Microchip\xc8\v2.00\pic\include\pic18f4550.h"
   316                           SSPBUF equ 0FC9h ;# 
   317  0000                     # 7202 "C:\Program Files (x86)\Microchip\xc8\v2.00\pic\include\pic18f4550.h"
   318                           T2CON equ 0FCAh ;# 
   319  0000                     # 7300 "C:\Program Files (x86)\Microchip\xc8\v2.00\pic\include\pic18f4550.h"
   320                           PR2 equ 0FCBh ;# 
   321  0000                     # 7305 "C:\Program Files (x86)\Microchip\xc8\v2.00\pic\include\pic18f4550.h"
   322                           MEMCON equ 0FCBh ;# 
   323  0000                     # 7410 "C:\Program Files (x86)\Microchip\xc8\v2.00\pic\include\pic18f4550.h"
   324                           TMR2 equ 0FCCh ;# 
   325  0000                     # 7417 "C:\Program Files (x86)\Microchip\xc8\v2.00\pic\include\pic18f4550.h"
   326                           T1CON equ 0FCDh ;# 
   327  0000                     # 7520 "C:\Program Files (x86)\Microchip\xc8\v2.00\pic\include\pic18f4550.h"
   328                           TMR1 equ 0FCEh ;# 
   329  0000                     # 7527 "C:\Program Files (x86)\Microchip\xc8\v2.00\pic\include\pic18f4550.h"
   330                           TMR1L equ 0FCEh ;# 
   331  0000                     # 7534 "C:\Program Files (x86)\Microchip\xc8\v2.00\pic\include\pic18f4550.h"
   332                           TMR1H equ 0FCFh ;# 
   333  0000                     # 7541 "C:\Program Files (x86)\Microchip\xc8\v2.00\pic\include\pic18f4550.h"
   334                           RCON equ 0FD0h ;# 
   335  0000                     # 7690 "C:\Program Files (x86)\Microchip\xc8\v2.00\pic\include\pic18f4550.h"
   336                           WDTCON equ 0FD1h ;# 
   337  0000                     # 7718 "C:\Program Files (x86)\Microchip\xc8\v2.00\pic\include\pic18f4550.h"
   338                           HLVDCON equ 0FD2h ;# 
   339  0000                     # 7723 "C:\Program Files (x86)\Microchip\xc8\v2.00\pic\include\pic18f4550.h"
   340                           LVDCON equ 0FD2h ;# 
   341  0000                     # 7988 "C:\Program Files (x86)\Microchip\xc8\v2.00\pic\include\pic18f4550.h"
   342                           OSCCON equ 0FD3h ;# 
   343  0000                     # 8071 "C:\Program Files (x86)\Microchip\xc8\v2.00\pic\include\pic18f4550.h"
   344                           T0CON equ 0FD5h ;# 
   345  0000                     # 8141 "C:\Program Files (x86)\Microchip\xc8\v2.00\pic\include\pic18f4550.h"
   346                           TMR0 equ 0FD6h ;# 
   347  0000                     # 8148 "C:\Program Files (x86)\Microchip\xc8\v2.00\pic\include\pic18f4550.h"
   348                           TMR0L equ 0FD6h ;# 
   349  0000                     # 8155 "C:\Program Files (x86)\Microchip\xc8\v2.00\pic\include\pic18f4550.h"
   350                           TMR0H equ 0FD7h ;# 
   351  0000                     # 8162 "C:\Program Files (x86)\Microchip\xc8\v2.00\pic\include\pic18f4550.h"
   352                           STATUS equ 0FD8h ;# 
   353  0000                     # 8233 "C:\Program Files (x86)\Microchip\xc8\v2.00\pic\include\pic18f4550.h"
   354                           FSR2 equ 0FD9h ;# 
   355  0000                     # 8240 "C:\Program Files (x86)\Microchip\xc8\v2.00\pic\include\pic18f4550.h"
   356                           FSR2L equ 0FD9h ;# 
   357  0000                     # 8247 "C:\Program Files (x86)\Microchip\xc8\v2.00\pic\include\pic18f4550.h"
   358                           FSR2H equ 0FDAh ;# 
   359  0000                     # 8254 "C:\Program Files (x86)\Microchip\xc8\v2.00\pic\include\pic18f4550.h"
   360                           PLUSW2 equ 0FDBh ;# 
   361  0000                     # 8261 "C:\Program Files (x86)\Microchip\xc8\v2.00\pic\include\pic18f4550.h"
   362                           PREINC2 equ 0FDCh ;# 
   363  0000                     # 8268 "C:\Program Files (x86)\Microchip\xc8\v2.00\pic\include\pic18f4550.h"
   364                           POSTDEC2 equ 0FDDh ;# 
   365  0000                     # 8275 "C:\Program Files (x86)\Microchip\xc8\v2.00\pic\include\pic18f4550.h"
   366                           POSTINC2 equ 0FDEh ;# 
   367  0000                     # 8282 "C:\Program Files (x86)\Microchip\xc8\v2.00\pic\include\pic18f4550.h"
   368                           INDF2 equ 0FDFh ;# 
   369  0000                     # 8289 "C:\Program Files (x86)\Microchip\xc8\v2.00\pic\include\pic18f4550.h"
   370                           BSR equ 0FE0h ;# 
   371  0000                     # 8296 "C:\Program Files (x86)\Microchip\xc8\v2.00\pic\include\pic18f4550.h"
   372                           FSR1 equ 0FE1h ;# 
   373  0000                     # 8303 "C:\Program Files (x86)\Microchip\xc8\v2.00\pic\include\pic18f4550.h"
   374                           FSR1L equ 0FE1h ;# 
   375  0000                     # 8310 "C:\Program Files (x86)\Microchip\xc8\v2.00\pic\include\pic18f4550.h"
   376                           FSR1H equ 0FE2h ;# 
   377  0000                     # 8317 "C:\Program Files (x86)\Microchip\xc8\v2.00\pic\include\pic18f4550.h"
   378                           PLUSW1 equ 0FE3h ;# 
   379  0000                     # 8324 "C:\Program Files (x86)\Microchip\xc8\v2.00\pic\include\pic18f4550.h"
   380                           PREINC1 equ 0FE4h ;# 
   381  0000                     # 8331 "C:\Program Files (x86)\Microchip\xc8\v2.00\pic\include\pic18f4550.h"
   382                           POSTDEC1 equ 0FE5h ;# 
   383  0000                     # 8338 "C:\Program Files (x86)\Microchip\xc8\v2.00\pic\include\pic18f4550.h"
   384                           POSTINC1 equ 0FE6h ;# 
   385  0000                     # 8345 "C:\Program Files (x86)\Microchip\xc8\v2.00\pic\include\pic18f4550.h"
   386                           INDF1 equ 0FE7h ;# 
   387  0000                     # 8352 "C:\Program Files (x86)\Microchip\xc8\v2.00\pic\include\pic18f4550.h"
   388                           WREG equ 0FE8h ;# 
   389  0000                     # 8359 "C:\Program Files (x86)\Microchip\xc8\v2.00\pic\include\pic18f4550.h"
   390                           FSR0 equ 0FE9h ;# 
   391  0000                     # 8366 "C:\Program Files (x86)\Microchip\xc8\v2.00\pic\include\pic18f4550.h"
   392                           FSR0L equ 0FE9h ;# 
   393  0000                     # 8373 "C:\Program Files (x86)\Microchip\xc8\v2.00\pic\include\pic18f4550.h"
   394                           FSR0H equ 0FEAh ;# 
   395  0000                     # 8380 "C:\Program Files (x86)\Microchip\xc8\v2.00\pic\include\pic18f4550.h"
   396                           PLUSW0 equ 0FEBh ;# 
   397  0000                     # 8387 "C:\Program Files (x86)\Microchip\xc8\v2.00\pic\include\pic18f4550.h"
   398                           PREINC0 equ 0FECh ;# 
   399  0000                     # 8394 "C:\Program Files (x86)\Microchip\xc8\v2.00\pic\include\pic18f4550.h"
   400                           POSTDEC0 equ 0FEDh ;# 
   401  0000                     # 8401 "C:\Program Files (x86)\Microchip\xc8\v2.00\pic\include\pic18f4550.h"
   402                           POSTINC0 equ 0FEEh ;# 
   403  0000                     # 8408 "C:\Program Files (x86)\Microchip\xc8\v2.00\pic\include\pic18f4550.h"
   404                           INDF0 equ 0FEFh ;# 
   405  0000                     # 8415 "C:\Program Files (x86)\Microchip\xc8\v2.00\pic\include\pic18f4550.h"
   406                           INTCON3 equ 0FF0h ;# 
   407  0000                     # 8507 "C:\Program Files (x86)\Microchip\xc8\v2.00\pic\include\pic18f4550.h"
   408                           INTCON2 equ 0FF1h ;# 
   409  0000                     # 8584 "C:\Program Files (x86)\Microchip\xc8\v2.00\pic\include\pic18f4550.h"
   410                           INTCON equ 0FF2h ;# 
   411  0000                     # 8701 "C:\Program Files (x86)\Microchip\xc8\v2.00\pic\include\pic18f4550.h"
   412                           PROD equ 0FF3h ;# 
   413  0000                     # 8708 "C:\Program Files (x86)\Microchip\xc8\v2.00\pic\include\pic18f4550.h"
   414                           PRODL equ 0FF3h ;# 
   415  0000                     # 8715 "C:\Program Files (x86)\Microchip\xc8\v2.00\pic\include\pic18f4550.h"
   416                           PRODH equ 0FF4h ;# 
   417  0000                     # 8722 "C:\Program Files (x86)\Microchip\xc8\v2.00\pic\include\pic18f4550.h"
   418                           TABLAT equ 0FF5h ;# 
   419  0000                     # 8731 "C:\Program Files (x86)\Microchip\xc8\v2.00\pic\include\pic18f4550.h"
   420                           TBLPTR equ 0FF6h ;# 
   421  0000                     # 8738 "C:\Program Files (x86)\Microchip\xc8\v2.00\pic\include\pic18f4550.h"
   422                           TBLPTRL equ 0FF6h ;# 
   423  0000                     # 8745 "C:\Program Files (x86)\Microchip\xc8\v2.00\pic\include\pic18f4550.h"
   424                           TBLPTRH equ 0FF7h ;# 
   425  0000                     # 8752 "C:\Program Files (x86)\Microchip\xc8\v2.00\pic\include\pic18f4550.h"
   426                           TBLPTRU equ 0FF8h ;# 
   427  0000                     # 8761 "C:\Program Files (x86)\Microchip\xc8\v2.00\pic\include\pic18f4550.h"
   428                           PCLAT equ 0FF9h ;# 
   429  0000                     # 8768 "C:\Program Files (x86)\Microchip\xc8\v2.00\pic\include\pic18f4550.h"
   430                           PC equ 0FF9h ;# 
   431  0000                     # 8775 "C:\Program Files (x86)\Microchip\xc8\v2.00\pic\include\pic18f4550.h"
   432                           PCL equ 0FF9h ;# 
   433  0000                     # 8782 "C:\Program Files (x86)\Microchip\xc8\v2.00\pic\include\pic18f4550.h"
   434                           PCLATH equ 0FFAh ;# 
   435  0000                     # 8789 "C:\Program Files (x86)\Microchip\xc8\v2.00\pic\include\pic18f4550.h"
   436                           PCLATU equ 0FFBh ;# 
   437  0000                     # 8796 "C:\Program Files (x86)\Microchip\xc8\v2.00\pic\include\pic18f4550.h"
   438                           STKPTR equ 0FFCh ;# 
   439  0000                     # 8872 "C:\Program Files (x86)\Microchip\xc8\v2.00\pic\include\pic18f4550.h"
   440                           TOS equ 0FFDh ;# 
   441  0000                     # 8879 "C:\Program Files (x86)\Microchip\xc8\v2.00\pic\include\pic18f4550.h"
   442                           TOSL equ 0FFDh ;# 
   443  0000                     # 8886 "C:\Program Files (x86)\Microchip\xc8\v2.00\pic\include\pic18f4550.h"
   444                           TOSH equ 0FFEh ;# 
   445  0000                     # 8893 "C:\Program Files (x86)\Microchip\xc8\v2.00\pic\include\pic18f4550.h"
   446                           TOSU equ 0FFFh ;# 
   447  0000                     	FNCALL	_main,_msdelay
   448                           	FNROOT	_main
   449                           	global	_PORTD
   450                           _PORTD	set	0xF83
   451  0000                     	global	_TRISD
   452                           _TRISD	set	0xF95
   453  0000                     	global	_ADCON1
   454                           _ADCON1	set	0xFC1
   455  0000                     	global	_INTCON2bits
   456                           _INTCON2bits	set	0xFF1
   457  0000                     ; #config settings
   458                           global __CFG_FOSC$HS
   459                           __CFG_FOSC$HS equ 0x0
   460  0000                     global __CFG_WDT$OFF
   461                           __CFG_WDT$OFF equ 0x0
   462  0000                     global __CFG_PBADEN$OFF
   463                           __CFG_PBADEN$OFF equ 0x0
   464  0000                     global __CFG_LVP$OFF
   465                           __CFG_LVP$OFF equ 0x0
   466  0000                     	file	"C:\Users\student\AppData\Local\Temp\s5gs."
   467                           	line	#
   468                           psect	cinit,class=CODE,delta=1,reloc=2
   469                           global __pcinit
   470                           __pcinit:
   471  0000B0                     global start_initialization
   472                           start_initialization:
   473  0000B0                     
   474                           global __initialization
   475                           __initialization:
   476  0000B0                     psect cinit,class=CODE,delta=1
   477                           global end_of_initialization,__end_of__initialization
   478                           
   479                           ;End of C runtime variable initialization code
   480                           
   481                           end_of_initialization:
   482  0000B0                     __end_of__initialization:
   483  0000B0                     movlb 0
   484  0000B0  0100               goto _main	;jump to C main() function
   485  0000B2  EF3C  F000         psect	cstackCOMRAM,class=COMRAM,space=1,noexec
   486                           global __pcstackCOMRAM
   487                           __pcstackCOMRAM:
   488  000001                     ?_msdelay:	; 1 bytes @ 0x0
   489  000001                     ?_main:	; 1 bytes @ 0x0
   490  000001                     	global	msdelay@time
   491                           msdelay@time:	; 2 bytes @ 0x0
   492  000001                     	ds   2
   493  000001                     ??_msdelay:	; 1 bytes @ 0x2
   494  000003                     	global	msdelay@i
   495                           msdelay@i:	; 2 bytes @ 0x2
   496  000003                     	ds   2
   497  000003                     	global	msdelay@j
   498                           msdelay@j:	; 2 bytes @ 0x4
   499  000005                     	ds   2
   500  000005                     ??_main:	; 1 bytes @ 0x6
   501  000007                     ;!
   502                           ;!Data Sizes:
   503                           ;!    Strings     0
   504                           ;!    Constant    0
   505                           ;!    Data        0
   506                           ;!    BSS         0
   507                           ;!    Persistent  0
   508                           ;!    Stack       0
   509                           ;!
   510                           ;!Auto Spaces:
   511                           ;!    Space          Size  Autos    Used
   512                           ;!    COMRAM           95      6       6
   513                           ;!    BANK0           160      0       0
   514                           ;!    BANK1           256      0       0
   515                           ;!    BANK2           256      0       0
   516                           ;!    BANK3           256      0       0
   517                           ;!    BANK4           256      0       0
   518                           ;!    BANK5           256      0       0
   519                           ;!    BANK6           256      0       0
   520                           ;!    BANK7           256      0       0
   521                           
   522                           ;!
   523                           ;!Pointer List with Targets:
   524                           ;!
   525                           ;!    None.
   526                           
   527                           
   528                           ;!
   529                           ;!Critical Paths under _main in COMRAM
   530                           ;!
   531                           ;!    _main->_msdelay
   532                           ;!
   533                           ;!Critical Paths under _main in BANK0
   534                           ;!
   535                           ;!    None.
   536                           ;!
   537                           ;!Critical Paths under _main in BANK1
   538                           ;!
   539                           ;!    None.
   540                           ;!
   541                           ;!Critical Paths under _main in BANK2
   542                           ;!
   543                           ;!    None.
   544                           ;!
   545                           ;!Critical Paths under _main in BANK3
   546                           ;!
   547                           ;!    None.
   548                           ;!
   549                           ;!Critical Paths under _main in BANK4
   550                           ;!
   551                           ;!    None.
   552                           ;!
   553                           ;!Critical Paths under _main in BANK5
   554                           ;!
   555                           ;!    None.
   556                           ;!
   557                           ;!Critical Paths under _main in BANK6
   558                           ;!
   559                           ;!    None.
   560                           ;!
   561                           ;!Critical Paths under _main in BANK7
   562                           ;!
   563                           ;!    None.
   564                           
   565 ;;
   566 ;;Main: autosize = 0, tempsize = 0, incstack = 0, save=0
   567 ;;
   568                           
   569                           ;!
   570                           ;!Call Graph Tables:
   571                           ;!
   572                           ;! ---------------------------------------------------------------------------------
   573                           ;! (Depth) Function   	        Calls       Base Space   Used Autos Params    Refs
   574                           ;! ---------------------------------------------------------------------------------
   575                           ;! (0) _main                                                 0     0      0     244
   576                           ;!                            _msdelay
   577                           ;! ---------------------------------------------------------------------------------
   578                           ;! (1) _msdelay                                              6     4      2     244
   579                           ;!                                              0 COMRAM     6     4      2
   580                           ;! ---------------------------------------------------------------------------------
   581                           ;! Estimated maximum stack depth 1
   582                           ;! ---------------------------------------------------------------------------------
   583                           ;!
   584                           ;! Call Graph Graphs:
   585                           ;!
   586                           ;! _main (ROOT)
   587                           ;!   _msdelay
   588                           ;!
   589                           
   590                           ;! Address spaces:
   591                           
   592                           ;!Name               Size   Autos  Total    Cost      Usage
   593                           ;!BITCOMRAM           5F      0       0       0        0.0%
   594                           ;!EEDATA             100      0       0       0        0.0%
   595                           ;!NULL                 0      0       0       0        0.0%
   596                           ;!CODE                 0      0       0       0        0.0%
   597                           ;!COMRAM              5F      6       6       1        6.3%
   598                           ;!STACK                0      0       0       2        0.0%
   599                           ;!DATA                 0      0       0       3        0.0%
   600                           ;!BITBANK0            A0      0       0       4        0.0%
   601                           ;!BANK0               A0      0       0       5        0.0%
   602                           ;!BITBANK1           100      0       0       6        0.0%
   603                           ;!BANK1              100      0       0       7        0.0%
   604                           ;!BITBANK2           100      0       0       8        0.0%
   605                           ;!BANK2              100      0       0       9        0.0%
   606                           ;!BITBANK3           100      0       0      10        0.0%
   607                           ;!BANK3              100      0       0      11        0.0%
   608                           ;!BITBANK4           100      0       0      12        0.0%
   609                           ;!BANK4              100      0       0      13        0.0%
   610                           ;!BITBANK5           100      0       0      14        0.0%
   611                           ;!BANK5              100      0       0      15        0.0%
   612                           ;!BITBANK6           100      0       0      16        0.0%
   613                           ;!BANK6              100      0       0      17        0.0%
   614                           ;!BITBANK7           100      0       0      18        0.0%
   615                           ;!BANK7              100      0       0      19        0.0%
   616                           ;!ABS                  0      0       0      20        0.0%
   617                           ;!BIGRAM             7FF      0       0      21        0.0%
   618                           ;!BITSFR               0      0       0     200        0.0%
   619                           ;!SFR                  0      0       0     200        0.0%
   620                           
   621                           	global	_main
   622                           
   623 ;; *************** function _main *****************
   624 ;; Defined at:
   625 ;;		line 16 in file "grb1.c"
   626 ;; Parameters:    Size  Location     Type
   627 ;;		None
   628 ;; Auto vars:     Size  Location     Type
   629 ;;		None
   630 ;; Return value:  Size  Location     Type
   631 ;;                  1    wreg      void 
   632 ;; Registers used:
   633 ;;		wreg, status,2, status,0, cstack
   634 ;; Tracked objects:
   635 ;;		On entry : 0/0
   636 ;;		On exit  : 0/0
   637 ;;		Unchanged: 0/0
   638 ;; Data sizes:     COMRAM   BANK0   BANK1   BANK2   BANK3   BANK4   BANK5   BANK6   BANK7
   639 ;;      Params:         0       0       0       0       0       0       0       0       0
   640 ;;      Locals:         0       0       0       0       0       0       0       0       0
   641 ;;      Temps:          0       0       0       0       0       0       0       0       0
   642 ;;      Totals:         0       0       0       0       0       0       0       0       0
   643 ;;Total ram usage:        0 bytes
   644 ;; Hardware stack levels required when called:    1
   645 ;; This function calls:
   646 ;;		_msdelay
   647 ;; This function is called by:
   648 ;;		Startup code after reset
   649 ;; This function uses a non-reentrant model
   650 ;;
   651                           psect	text0,class=CODE,space=0,reloc=2,group=0
   652                           	file	"grb1.c"
   653                           	line	16
   654                           global __ptext0
   655                           __ptext0:
   656  000078                     psect	text0
   657                           	file	"grb1.c"
   658                           	line	16
   659                           	global	__size_of_main
   660                           	__size_of_main	equ	__end_of_main-_main
   661  0000                     	
   662                           _main:
   663  000078                     ;incstack = 0
   664                           	opt	stack 30
   665                           	line	18
   666                           	
   667                           l744:
   668  000078                     ;grb1.c: 18:  }
   669                           	bcf	((c:4081)),c,7	;volatile
   670  000078  9EF1               	line	19
   671                           	
   672                           l746:
   673  00007A                     ;grb1.c: 19:  }
   674                           	movlw	low(0Fh)
   675  00007A  0E0F               	movwf	((c:4033)),c	;volatile
   676  00007C  6EC1               	line	20
   677                           	movlw	low(0)
   678  00007E  0E00               	movwf	((c:3989)),c	;volatile
   679  000080  6E95               	goto	l748
   680  000082  EF43  F000         	line	21
   681                           	
   682                           l15:
   683  000086                     	line	22
   684                           	
   685                           l748:
   686  000086                     	setf	((c:3971)),c	;volatile
   687  000086  6883               	line	23
   688                           	
   689                           l750:
   690  000088                     	movlw	high(0FAh)
   691  000088  0E00               	movwf	((c:msdelay@time+1)),c
   692  00008A  6E02               	movlw	low(0FAh)
   693  00008C  0EFA               	movwf	((c:msdelay@time)),c
   694  00008E  6E01               	call	_msdelay	;wreg free
   695  000090  EC02  F000         	line	24
   696                           	
   697                           l752:
   698  000094                     	movlw	low(0)
   699  000094  0E00               	movwf	((c:3971)),c	;volatile
   700  000096  6E83               	line	25
   701                           	movlw	high(0FAh)
   702  000098  0E00               	movwf	((c:msdelay@time+1)),c
   703  00009A  6E02               	movlw	low(0FAh)
   704  00009C  0EFA               	movwf	((c:msdelay@time)),c
   705  00009E  6E01               	call	_msdelay	;wreg free
   706  0000A0  EC02  F000         	goto	l748
   707  0000A4  EF43  F000         	line	26
   708                           	
   709                           l16:
   710  0000A8                     	goto	l748
   711  0000A8  EF43  F000         	
   712                           l17:
   713  0000AC                     	line	28
   714                           	
   715                           l18:
   716  0000AC                     	global	start
   717                           	goto	start
   718  0000AC  EF00  F000         	opt stack 0
   719                           GLOBAL	__end_of_main
   720                           	__end_of_main:
   721  0000B0                     	signat	_main,89
   722                           	global	_msdelay
   723                           
   724 ;; *************** function _msdelay *****************
   725 ;; Defined at:
   726 ;;		line 29 in file "grb1.c"
   727 ;; Parameters:    Size  Location     Type
   728 ;;  time            2    0[COMRAM] unsigned int 
   729 ;; Auto vars:     Size  Location     Type
   730 ;;  j               2    4[COMRAM] unsigned int 
   731 ;;  i               2    2[COMRAM] unsigned int 
   732 ;; Return value:  Size  Location     Type
   733 ;;                  1    wreg      void 
   734 ;; Registers used:
   735 ;;		wreg, status,2, status,0
   736 ;; Tracked objects:
   737 ;;		On entry : 0/0
   738 ;;		On exit  : 0/0
   739 ;;		Unchanged: 0/0
   740 ;; Data sizes:     COMRAM   BANK0   BANK1   BANK2   BANK3   BANK4   BANK5   BANK6   BANK7
   741 ;;      Params:         2       0       0       0       0       0       0       0       0
   742 ;;      Locals:         4       0       0       0       0       0       0       0       0
   743 ;;      Temps:          0       0       0       0       0       0       0       0       0
   744 ;;      Totals:         6       0       0       0       0       0       0       0       0
   745 ;;Total ram usage:        6 bytes
   746 ;; Hardware stack levels used:    1
   747 ;; This function calls:
   748 ;;		Nothing
   749 ;; This function is called by:
   750 ;;		_main
   751 ;; This function uses a non-reentrant model
   752 ;;
   753                           psect	text1,class=CODE,space=0,reloc=2,group=0
   754                           	line	29
   755                           global __ptext1
   756                           __ptext1:
   757  000004                     psect	text1
   758                           	file	"grb1.c"
   759                           	line	29
   760                           	global	__size_of_msdelay
   761                           	__size_of_msdelay	equ	__end_of_msdelay-_msdelay
   762  0000                     	
   763                           _msdelay:
   764  000004                     ;incstack = 0
   765                           	opt	stack 30
   766                           	line	31
   767                           	
   768                           l728:
   769  000004                     	movlw	high(0)
   770  000004  0E00               	movwf	((c:msdelay@i+1)),c
   771  000006  6E04               	movlw	low(0)
   772  000008  0E00               	movwf	((c:msdelay@i)),c
   773  00000A  6E03               	goto	l742
   774  00000C  EF2E  F000         	
   775                           l22:
   776  000010                     	line	32
   777                           	
   778                           l730:
   779  000010                     	movlw	high(0)
   780  000010  0E00               	movwf	((c:msdelay@j+1)),c
   781  000012  6E06               	movlw	low(0)
   782  000014  0E00               	movwf	((c:msdelay@j)),c
   783  000016  6E05               	
   784                           l732:
   785  000018                     		movlw	198
   786  000018  0EC6               	subwf	 ((c:msdelay@j)),c,w
   787  00001A  5C05               	movlw	2
   788  00001C  0E02               	subwfb	((c:msdelay@j+1)),c,w
   789  00001E  5806               	btfss	status,0
   790  000020  A0D8               	goto	u41
   791  000022  EF15  F000         	goto	u40
   792  000026  EF17  F000         
   793                           u41:
   794  00002A                     	goto	l736
   795  00002A  EF1B  F000         u40:
   796  00002E                     	goto	l740
   797  00002E  EF2A  F000         	
   798                           l734:
   799  000032                     	goto	l740
   800  000032  EF2A  F000         	
   801                           l23:
   802  000036                     	
   803                           l736:
   804  000036                     	infsnz	((c:msdelay@j)),c
   805  000036  4A05               	incf	((c:msdelay@j+1)),c
   806  000038  2A06               	
   807                           l738:
   808  00003A                     		movlw	198
   809  00003A  0EC6               	subwf	 ((c:msdelay@j)),c,w
   810  00003C  5C05               	movlw	2
   811  00003E  0E02               	subwfb	((c:msdelay@j+1)),c,w
   812  000040  5806               	btfss	status,0
   813  000042  A0D8               	goto	u51
   814  000044  EF26  F000         	goto	u50
   815  000048  EF28  F000         
   816                           u51:
   817  00004C                     	goto	l736
   818  00004C  EF1B  F000         u50:
   819  000050                     	goto	l740
   820  000050  EF2A  F000         	
   821                           l24:
   822  000054                     	line	33
   823                           	
   824                           l740:
   825  000054                     	infsnz	((c:msdelay@i)),c
   826  000054  4A03               	incf	((c:msdelay@i+1)),c
   827  000056  2A04               	goto	l742
   828  000058  EF2E  F000         	
   829                           l21:
   830  00005C                     	
   831                           l742:
   832  00005C                     		movf	((c:msdelay@time)),c,w
   833  00005C  5001               	subwf	((c:msdelay@i)),c,w
   834  00005E  5C03               	movf	((c:msdelay@time+1)),c,w
   835  000060  5002               	subwfb	((c:msdelay@i+1)),c,w
   836  000062  5804               	btfss	status,0
   837  000064  A0D8               	goto	u61
   838  000066  EF37  F000         	goto	u60
   839  00006A  EF39  F000         
   840                           u61:
   841  00006E                     	goto	l730
   842  00006E  EF08  F000         u60:
   843  000072                     	goto	l26
   844  000072  EF3B  F000         	
   845                           l25:
   846  000076                     	line	34
   847                           	
   848                           l26:
   849  000076                     	return	;funcret
   850  000076  0012               	opt stack 0
   851                           GLOBAL	__end_of_msdelay
   852                           	__end_of_msdelay:
   853  000078                     	signat	_msdelay,4217
   854                           	GLOBAL	__activetblptr
   855                           __activetblptr	EQU	0
   856  0000                     	psect	intsave_regs,class=BIGRAM,space=1,noexec
   857                           	PSECT	rparam,class=COMRAM,space=1,noexec
   858                           	GLOBAL	__Lrparam
   859                           	FNCONF	rparam,??,?
   860                           	GLOBAL	___rparam_used
   861                           	___rparam_used EQU 1
   862  0000                     	GLOBAL	___param_bank
   863                           	___param_bank EQU 0
   864  0000                     GLOBAL	__Lparam, __Hparam
   865                           GLOBAL	__Lrparam, __Hrparam
   866                           __Lparam	EQU	__Lrparam
   867  0000                     __Hparam	EQU	__Hrparam
   868  0000                     	end


Data Sizes:
    Strings     0
    Constant    0
    Data        0
    BSS         0
    Persistent  0
    Stack       0

Auto Spaces:
    Space          Size  Autos    Used
    COMRAM           95      6       6
    BANK0           160      0       0
    BANK1           256      0       0
    BANK2           256      0       0
    BANK3           256      0       0
    BANK4           256      0       0
    BANK5           256      0       0
    BANK6           256      0       0
    BANK7           256      0       0

Pointer List with Targets:

    None.

Critical Paths under _main in COMRAM

    _main->_msdelay

Critical Paths under _main in BANK0

    None.

Critical Paths under _main in BANK1

    None.

Critical Paths under _main in BANK2

    None.

Critical Paths under _main in BANK3

    None.

Critical Paths under _main in BANK4

    None.

Critical Paths under _main in BANK5

    None.

Critical Paths under _main in BANK6

    None.

Critical Paths under _main in BANK7

    None.

Call Graph Tables:

 ---------------------------------------------------------------------------------
 (Depth) Function   	        Calls       Base Space   Used Autos Params    Refs
 ---------------------------------------------------------------------------------
 (0) _main                                                 0     0      0     244
                            _msdelay
 ---------------------------------------------------------------------------------
 (1) _msdelay                                              6     4      2     244
                                              0 COMRAM     6     4      2
 ---------------------------------------------------------------------------------
 Estimated maximum stack depth 1
 ---------------------------------------------------------------------------------

 Call Graph Graphs:

 _main (ROOT)
   _msdelay

 Address spaces:
Name               Size   Autos  Total    Cost      Usage
BITCOMRAM           5F      0       0       0        0.0%
EEDATA             100      0       0       0        0.0%
NULL                 0      0       0       0        0.0%
CODE                 0      0       0       0        0.0%
COMRAM              5F      6       6       1        6.3%
STACK                0      0       0       2        0.0%
DATA                 0      0       0       3        0.0%
BITBANK0            A0      0       0       4        0.0%
BANK0               A0      0       0       5        0.0%
BITBANK1           100      0       0       6        0.0%
BANK1              100      0       0       7        0.0%
BITBANK2           100      0       0       8        0.0%
BANK2              100      0       0       9        0.0%
BITBANK3           100      0       0      10        0.0%
BANK3              100      0       0      11        0.0%
BITBANK4           100      0       0      12        0.0%
BANK4              100      0       0      13        0.0%
BITBANK5           100      0       0      14        0.0%
BANK5              100      0       0      15        0.0%
BITBANK6           100      0       0      16        0.0%
BANK6              100      0       0      17        0.0%
BITBANK7           100      0       0      18        0.0%
BANK7              100      0       0      19        0.0%
ABS                  0      0       0      20        0.0%
BIGRAM             7FF      0       0      21        0.0%
BITSFR               0      0       0     200        0.0%
SFR                  0      0       0     200        0.0%


Microchip Technology PIC18 Macro Assembler V2.00 build -1524193055 
Symbol Table                                                                                   Fri Feb 28 10:53:49 2025

                     l21 005C                       l22 0010                       l23 0036  
                     l15 0086                       l24 0054                       l16 00A8  
                     l25 0076                       l17 00AC                       l26 0076  
                     l18 00AC                       u40 002E                       u41 002A  
                     u50 0050                       u51 004C                       u60 0072  
                     u61 006E                      l730 0010                      l740 0054  
                    l732 0018                      l734 0032                      l742 005C  
                    l750 0088                      l736 0036                      l728 0004  
                    l752 0094                      l744 0078                      l738 003A  
                    l746 007A                      l748 0086             __CFG_FOSC$HS 000000  
           __CFG_LVP$OFF 000000             __CFG_WDT$OFF 000000                     _main 0078  
                   start 0000             ___param_bank 000000                    ?_main 0001  
                  _PORTD 000F83                    _TRISD 000F95          __end_of_msdelay 0078  
                  status 000FD8          __initialization 00B0             __end_of_main 00B0  
                 ??_main 0007            __activetblptr 000000                   _ADCON1 000FC1  
              ??_msdelay 0003               __accesstop 0060  __end_of__initialization 00B0  
        __CFG_PBADEN$OFF 000000            ___rparam_used 000001           __pcstackCOMRAM 0001  
            msdelay@time 0001                  __Hparam 0000                  __Lparam 0000  
                __pcinit 00B0                  __ramtop 0800                  __ptext0 0078  
                __ptext1 0004                  _msdelay 0004     end_of_initialization 00B0  
    start_initialization 00B0                 ?_msdelay 0001              _INTCON2bits 000FF1  
               __Hrparam 0000                 __Lrparam 0000         __size_of_msdelay 0074  
          __size_of_main 0038                 msdelay@i 0003                 msdelay@j 0005  
